[ 2014-06-10T09:22:54+08:00 ] 127.0.0.1 /admin.php
INFO: [ app_begin ] --START--
INFO: ReadHtmlCache Behavior ::run [ RunTime:0.001025s ]
INFO: [ app_begin ] --END-- [ RunTime:0.001170s ]
INFO: [ view_parse ] --START--
INFO: ParseTemplate Behavior ::run [ RunTime:0.019406s ]
INFO: [ view_parse ] --END-- [ RunTime:0.019512s ]
INFO: [ view_filter ] --START--
INFO: ContentReplace Behavior ::run [ RunTime:0.000467s ]
INFO: TokenBuild Behavior ::run [ RunTime:0.000482s ]
INFO: WriteHtmlCache Behavior ::run [ RunTime:0.000371s ]
INFO: ShowRuntime Behavior ::run [ RunTime:0.000562s ]
INFO: [ view_filter ] --END-- [ RunTime:0.002098s ]
INFO: [ view_end ] --START--
INFO: ShowPageTrace Behavior ::run [ RunTime:0.000648s ]
INFO: [ view_end ] --END-- [ RunTime:0.000723s ]

[ 2014-06-10T09:22:56+08:00 ] 127.0.0.1 /admin.php?m=Public&a=login
INFO: [ app_begin ] --START--
INFO: ReadHtmlCache Behavior ::run [ RunTime:0.001390s ]
INFO: [ app_begin ] --END-- [ RunTime:0.001577s ]
INFO: [ view_parse ] --START--
INFO: ParseTemplate Behavior ::run [ RunTime:0.021079s ]
INFO: [ view_parse ] --END-- [ RunTime:0.021232s ]
INFO: [ view_filter ] --START--
INFO: ContentReplace Behavior ::run [ RunTime:0.000657s ]
INFO: TokenBuild Behavior ::run [ RunTime:0.000659s ]
INFO: WriteHtmlCache Behavior ::run [ RunTime:0.000502s ]
INFO: ShowRuntime Behavior ::run [ RunTime:0.000857s ]
INFO: [ view_filter ] --END-- [ RunTime:0.002945s ]
INFO: [ view_end ] --START--
INFO: ShowPageTrace Behavior ::run [ RunTime:0.000952s ]
INFO: [ view_end ] --END-- [ RunTime:0.001049s ]

[ 2014-06-10T09:22:56+08:00 ] 127.0.0.1 /admin.php?m=Public&a=verify
INFO: [ app_begin ] --START--
INFO: ReadHtmlCache Behavior ::run [ RunTime:0.001151s ]
INFO: [ app_begin ] --END-- [ RunTime:0.001371s ]

[ 2014-06-10T09:23:02+08:00 ] 127.0.0.1 /admin.php?m=Public&a=login
INFO: [ app_begin ] --START--
INFO: ReadHtmlCache Behavior ::run [ RunTime:0.000777s ]
INFO: [ app_begin ] --END-- [ RunTime:0.000910s ]
SQL: SHOW COLUMNS FROM `hh85_admin` [ RunTime:0.003176s ]
SQL: SELECT * FROM `hh85_admin` WHERE ( username='admin' ) LIMIT 1   [ RunTime:0.018298s ]
INFO: [ view_parse ] --START--
INFO: ParseTemplate Behavior ::run [ RunTime:0.053348s ]
INFO: [ view_parse ] --END-- [ RunTime:0.053615s ]
INFO: [ view_filter ] --START--
INFO: ContentReplace Behavior ::run [ RunTime:0.001392s ]
INFO: TokenBuild Behavior ::run [ RunTime:0.001558s ]
INFO: WriteHtmlCache Behavior ::run [ RunTime:0.001119s ]
INFO: ShowRuntime Behavior ::run [ RunTime:0.001780s ]
INFO: [ view_filter ] --END-- [ RunTime:0.006677s ]
INFO: [ view_end ] --START--
INFO: ShowPageTrace Behavior ::run [ RunTime:0.002189s ]
INFO: [ view_end ] --END-- [ RunTime:0.002471s ]

[ 2014-06-10T09:23:04+08:00 ] 127.0.0.1 /admin.php?m=Public&a=login
INFO: [ app_begin ] --START--
INFO: ReadHtmlCache Behavior ::run [ RunTime:0.000641s ]
INFO: [ app_begin ] --END-- [ RunTime:0.000769s ]
INFO: [ view_parse ] --START--
INFO: ParseTemplate Behavior ::run [ RunTime:0.008106s ]
INFO: [ view_parse ] --END-- [ RunTime:0.008217s ]
INFO: [ view_filter ] --START--
INFO: ContentReplace Behavior ::run [ RunTime:0.000470s ]
INFO: TokenBuild Behavior ::run [ RunTime:0.000475s ]
INFO: WriteHtmlCache Behavior ::run [ RunTime:0.000369s ]
INFO: ShowRuntime Behavior ::run [ RunTime:0.000632s ]
INFO: [ view_filter ] --END-- [ RunTime:0.002204s ]
INFO: [ view_end ] --START--
INFO: ShowPageTrace Behavior ::run [ RunTime:0.000735s ]
INFO: [ view_end ] --END-- [ RunTime:0.000827s ]

[ 2014-06-10T09:23:07+08:00 ] 127.0.0.1 /admin.php?m=Public&a=login
INFO: [ app_begin ] --START--
INFO: ReadHtmlCache Behavior ::run [ RunTime:0.000807s ]
INFO: [ app_begin ] --END-- [ RunTime:0.000942s ]
SQL: SHOW COLUMNS FROM `hh85_admin` [ RunTime:0.003013s ]
SQL: SELECT * FROM `hh85_admin` WHERE ( username='admin' ) LIMIT 1   [ RunTime:0.000405s ]
NOTIC: [8] Undefined variable: var H:\www\zhainali.com\Source\Common\functions.php 第 247 行.
NOTIC: [2] array_reverse() expects parameter 1 to be array, null given H:\www\zhainali.com\Source\Common\functions.php 第 247 行.
NOTIC: [2] http_build_query() [<a href='function.http-build-query'>function.http-build-query</a>]: Parameter 1 expected to be Array or Object.  Incorrect value given H:\www\zhainali.com\Source\Common\functions.php 第 247 行.

[ 2014-06-10T09:23:07+08:00 ] 127.0.0.1 /admin.php?&m=Index&a=index
INFO: [ app_begin ] --START--
INFO: ReadHtmlCache Behavior ::run [ RunTime:0.001017s ]
INFO: [ app_begin ] --END-- [ RunTime:0.001191s ]
SQL: SHOW COLUMNS FROM `hh85_admin` [ RunTime:0.001818s ]
SQL: SELECT * FROM `hh85_admin` WHERE ( username='admin' ) LIMIT 1   [ RunTime:0.000202s ]
INFO: [ view_parse ] --START--
INFO: ParseTemplate Behavior ::run [ RunTime:0.019328s ]
INFO: [ view_parse ] --END-- [ RunTime:0.019444s ]
INFO: [ view_filter ] --START--
INFO: ContentReplace Behavior ::run [ RunTime:0.000354s ]
INFO: TokenBuild Behavior ::run [ RunTime:0.000363s ]
INFO: WriteHtmlCache Behavior ::run [ RunTime:0.000260s ]
INFO: ShowRuntime Behavior ::run [ RunTime:0.000420s ]
INFO: [ view_filter ] --END-- [ RunTime:0.001586s ]
INFO: [ view_end ] --START--
INFO: ShowPageTrace Behavior ::run [ RunTime:0.000506s ]
INFO: [ view_end ] --END-- [ RunTime:0.000576s ]

[ 2014-06-10T09:23:07+08:00 ] 127.0.0.1 /admin.php?m=Index&a=top
INFO: [ app_begin ] --START--
INFO: ReadHtmlCache Behavior ::run [ RunTime:0.001009s ]
INFO: [ app_begin ] --END-- [ RunTime:0.001202s ]
SQL: SHOW COLUMNS FROM `hh85_admin` [ RunTime:0.003473s ]
SQL: SELECT * FROM `hh85_admin` WHERE ( username='admin' ) LIMIT 1   [ RunTime:0.000351s ]
SQL: SELECT `username` FROM `hh85_admin` WHERE ( admin='administrator' ) LIMIT 1   [ RunTime:0.000209s ]
ERR: 1054:Unknown column 'admin' in 'where clause'
 [ SQL语句 ] : SELECT `username` FROM `hh85_admin` WHERE ( admin='administrator' ) LIMIT 1  
INFO: [ view_parse ] --START--
INFO: ParseTemplate Behavior ::run [ RunTime:0.027263s ]
INFO: [ view_parse ] --END-- [ RunTime:0.027468s ]
INFO: [ view_filter ] --START--
INFO: ContentReplace Behavior ::run [ RunTime:0.000633s ]
INFO: TokenBuild Behavior ::run [ RunTime:0.000584s ]
INFO: WriteHtmlCache Behavior ::run [ RunTime:0.000433s ]
INFO: ShowRuntime Behavior ::run [ RunTime:0.000691s ]
INFO: [ view_filter ] --END-- [ RunTime:0.002694s ]
INFO: [ view_end ] --START--
INFO: ShowPageTrace Behavior ::run [ RunTime:0.000758s ]
INFO: [ view_end ] --END-- [ RunTime:0.000876s ]

[ 2014-06-10T09:23:07+08:00 ] 127.0.0.1 /admin.php?m=Index&a=main
INFO: [ app_begin ] --START--
INFO: ReadHtmlCache Behavior ::run [ RunTime:0.001009s ]
INFO: [ app_begin ] --END-- [ RunTime:0.001185s ]
SQL: SHOW COLUMNS FROM `hh85_admin` [ RunTime:0.002602s ]
SQL: SELECT * FROM `hh85_admin` WHERE ( username='admin' ) LIMIT 1   [ RunTime:0.000204s ]
NOTIC: [8] Constant THEME_NAME already defined H:\www\zhainali.com\Source\Lib\Core\View.class.php 第 223 行.
NOTIC: [8] Constant THEME_PATH already defined H:\www\zhainali.com\Source\Lib\Core\View.class.php 第 174 行.
NOTIC: [8] Constant APP_TMPL_PATH already defined H:\www\zhainali.com\Source\Lib\Core\View.class.php 第 175 行.
INFO: [ view_parse ] --START--
INFO: ParseTemplate Behavior ::run [ RunTime:0.026991s ]
INFO: [ view_parse ] --END-- [ RunTime:0.027106s ]
INFO: [ view_filter ] --START--
INFO: ContentReplace Behavior ::run [ RunTime:0.000461s ]
INFO: TokenBuild Behavior ::run [ RunTime:0.000436s ]
INFO: WriteHtmlCache Behavior ::run [ RunTime:0.000329s ]
INFO: ShowRuntime Behavior ::run [ RunTime:0.000505s ]
INFO: [ view_filter ] --END-- [ RunTime:0.001944s ]
INFO: [ view_end ] --START--
INFO: ShowPageTrace Behavior ::run [ RunTime:0.000572s ]
INFO: [ view_end ] --END-- [ RunTime:0.000654s ]

[ 2014-06-10T09:23:07+08:00 ] 127.0.0.1 /admin.php?m=Index&a=menu
INFO: [ app_begin ] --START--
INFO: ReadHtmlCache Behavior ::run [ RunTime:0.001905s ]
INFO: [ app_begin ] --END-- [ RunTime:0.002237s ]
SQL: SHOW COLUMNS FROM `hh85_admin` [ RunTime:0.005042s ]
SQL: SELECT * FROM `hh85_admin` WHERE ( username='admin' ) LIMIT 1   [ RunTime:0.001142s ]
NOTIC: [8] Constant THEME_NAME already defined H:\www\zhainali.com\Source\Lib\Core\View.class.php 第 223 行.
NOTIC: [8] Constant THEME_PATH already defined H:\www\zhainali.com\Source\Lib\Core\View.class.php 第 174 行.
NOTIC: [8] Constant APP_TMPL_PATH already defined H:\www\zhainali.com\Source\Lib\Core\View.class.php 第 175 行.
INFO: [ view_parse ] --START--
INFO: ParseTemplate Behavior ::run [ RunTime:0.017175s ]
INFO: [ view_parse ] --END-- [ RunTime:0.017679s ]
INFO: [ view_filter ] --START--
INFO: ContentReplace Behavior ::run [ RunTime:0.001301s ]
INFO: TokenBuild Behavior ::run [ RunTime:0.000545s ]
INFO: WriteHtmlCache Behavior ::run [ RunTime:0.000395s ]
INFO: ShowRuntime Behavior ::run [ RunTime:0.000555s ]
INFO: [ view_filter ] --END-- [ RunTime:0.003071s ]
INFO: [ view_end ] --START--
INFO: ShowPageTrace Behavior ::run [ RunTime:0.000886s ]
INFO: [ view_end ] --END-- [ RunTime:0.001039s ]

[ 2014-06-10T09:23:10+08:00 ] 127.0.0.1 /admin.php?m=Index&a=menu_article
INFO: [ app_begin ] --START--
INFO: ReadHtmlCache Behavior ::run [ RunTime:0.001359s ]
INFO: [ app_begin ] --END-- [ RunTime:0.001557s ]
SQL: SHOW COLUMNS FROM `hh85_admin` [ RunTime:0.002105s ]
SQL: SELECT * FROM `hh85_admin` WHERE ( username='admin' ) LIMIT 1   [ RunTime:0.000244s ]
INFO: [ view_parse ] --START--
INFO: ParseTemplate Behavior ::run [ RunTime:0.020036s ]
INFO: [ view_parse ] --END-- [ RunTime:0.020162s ]
INFO: [ view_filter ] --START--
INFO: ContentReplace Behavior ::run [ RunTime:0.000514s ]
INFO: TokenBuild Behavior ::run [ RunTime:0.000481s ]
INFO: WriteHtmlCache Behavior ::run [ RunTime:0.000384s ]
INFO: ShowRuntime Behavior ::run [ RunTime:0.000547s ]
INFO: [ view_filter ] --END-- [ RunTime:0.002152s ]
INFO: [ view_end ] --START--
INFO: ShowPageTrace Behavior ::run [ RunTime:0.000611s ]
INFO: [ view_end ] --END-- [ RunTime:0.000688s ]

[ 2014-06-10T09:23:12+08:00 ] 127.0.0.1 /admin.php?m=Category&a=index
INFO: [ app_begin ] --START--
INFO: ReadHtmlCache Behavior ::run [ RunTime:0.001068s ]
INFO: [ app_begin ] --END-- [ RunTime:0.001221s ]
SQL: SHOW COLUMNS FROM `hh85_admin` [ RunTime:0.003058s ]
SQL: SELECT * FROM `hh85_admin` WHERE ( username='admin' ) LIMIT 1   [ RunTime:0.000339s ]
SQL: SHOW COLUMNS FROM `hh85_category` [ RunTime:0.002996s ]
SQL: SELECT * FROM `hh85_category`  [ RunTime:0.000439s ]
INFO: [ view_parse ] --START--
INFO: ParseTemplate Behavior ::run [ RunTime:0.023723s ]
INFO: [ view_parse ] --END-- [ RunTime:0.023852s ]
INFO: [ view_filter ] --START--
INFO: ContentReplace Behavior ::run [ RunTime:0.000586s ]
INFO: TokenBuild Behavior ::run [ RunTime:0.000485s ]
INFO: WriteHtmlCache Behavior ::run [ RunTime:0.000382s ]
INFO: ShowRuntime Behavior ::run [ RunTime:0.000573s ]
INFO: [ view_filter ] --END-- [ RunTime:0.002241s ]
INFO: [ view_end ] --START--
INFO: ShowPageTrace Behavior ::run [ RunTime:0.000664s ]
INFO: [ view_end ] --END-- [ RunTime:0.000744s ]

[ 2014-06-10T09:23:16+08:00 ] 127.0.0.1 /admin.php?m=News&a=index
INFO: [ app_begin ] --START--
INFO: ReadHtmlCache Behavior ::run [ RunTime:0.000974s ]
INFO: [ app_begin ] --END-- [ RunTime:0.001138s ]
SQL: SHOW COLUMNS FROM `hh85_admin` [ RunTime:0.003706s ]
SQL: SELECT * FROM `hh85_admin` WHERE ( username='admin' ) LIMIT 1   [ RunTime:0.000400s ]
SQL: SHOW COLUMNS FROM `hh85_news` [ RunTime:0.003255s ]
ERR: 1146:Table 'zhainali.hh85_news' doesn't exist
 [ SQL语句 ] : SHOW COLUMNS FROM `hh85_news`
SQL: SELECT COUNT(*) AS tp_count FROM `hh85_news` LIMIT 1   [ RunTime:0.000540s ]
ERR: 1146:Table 'zhainali.hh85_news' doesn't exist
 [ SQL语句 ] : SELECT COUNT(*) AS tp_count FROM `hh85_news` LIMIT 1  
SQL: SELECT * FROM `hh85_news` ORDER BY createtime DESC LIMIT 0,20   [ RunTime:0.000458s ]
ERR: 1146:Table 'zhainali.hh85_news' doesn't exist
 [ SQL语句 ] : SELECT * FROM `hh85_news` ORDER BY createtime DESC LIMIT 0,20  
INFO: [ view_parse ] --START--
INFO: ParseTemplate Behavior ::run [ RunTime:0.026122s ]
INFO: [ view_parse ] --END-- [ RunTime:0.026362s ]
INFO: [ view_filter ] --START--
INFO: ContentReplace Behavior ::run [ RunTime:0.000913s ]
INFO: TokenBuild Behavior ::run [ RunTime:0.000907s ]
INFO: WriteHtmlCache Behavior ::run [ RunTime:0.000630s ]
INFO: ShowRuntime Behavior ::run [ RunTime:0.001057s ]
INFO: [ view_filter ] --END-- [ RunTime:0.003980s ]
INFO: [ view_end ] --START--
INFO: ShowPageTrace Behavior ::run [ RunTime:0.001278s ]
INFO: [ view_end ] --END-- [ RunTime:0.001433s ]

[ 2014-06-10T09:23:18+08:00 ] 127.0.0.1 /admin.php?m=News&a=add
INFO: [ app_begin ] --START--
INFO: ReadHtmlCache Behavior ::run [ RunTime:0.000820s ]
INFO: [ app_begin ] --END-- [ RunTime:0.000957s ]
SQL: SHOW COLUMNS FROM `hh85_admin` [ RunTime:0.002907s ]
SQL: SELECT * FROM `hh85_admin` WHERE ( username='admin' ) LIMIT 1   [ RunTime:0.000314s ]
SQL: SHOW COLUMNS FROM `hh85_category` [ RunTime:0.003059s ]
SQL: SELECT * FROM `hh85_category`  [ RunTime:0.000315s ]
INFO: [ view_parse ] --START--
INFO: ParseTemplate Behavior ::run [ RunTime:0.021520s ]
INFO: [ view_parse ] --END-- [ RunTime:0.021657s ]
INFO: [ view_filter ] --START--
INFO: ContentReplace Behavior ::run [ RunTime:0.000364s ]
INFO: TokenBuild Behavior ::run [ RunTime:0.000372s ]
INFO: WriteHtmlCache Behavior ::run [ RunTime:0.000260s ]
INFO: ShowRuntime Behavior ::run [ RunTime:0.000445s ]
INFO: [ view_filter ] --END-- [ RunTime:0.001646s ]
INFO: [ view_end ] --START--
INFO: ShowPageTrace Behavior ::run [ RunTime:0.000520s ]
INFO: [ view_end ] --END-- [ RunTime:0.000593s ]

[ 2014-06-10T09:23:21+08:00 ] 127.0.0.1 /admin.php?m=Index&a=menu
INFO: [ app_begin ] --START--
INFO: ReadHtmlCache Behavior ::run [ RunTime:0.001143s ]
INFO: [ app_begin ] --END-- [ RunTime:0.001310s ]
SQL: SHOW COLUMNS FROM `hh85_admin` [ RunTime:0.001848s ]
SQL: SELECT * FROM `hh85_admin` WHERE ( username='admin' ) LIMIT 1   [ RunTime:0.000247s ]
NOTIC: [8] Constant THEME_NAME already defined H:\www\zhainali.com\Source\Lib\Core\View.class.php 第 223 行.
NOTIC: [8] Constant THEME_PATH already defined H:\www\zhainali.com\Source\Lib\Core\View.class.php 第 174 行.
NOTIC: [8] Constant APP_TMPL_PATH already defined H:\www\zhainali.com\Source\Lib\Core\View.class.php 第 175 行.
INFO: [ view_parse ] --START--
INFO: ParseTemplate Behavior ::run [ RunTime:0.006833s ]
INFO: [ view_parse ] --END-- [ RunTime:0.006945s ]
INFO: [ view_filter ] --START--
INFO: ContentReplace Behavior ::run [ RunTime:0.000485s ]
INFO: TokenBuild Behavior ::run [ RunTime:0.000509s ]
INFO: WriteHtmlCache Behavior ::run [ RunTime:0.000376s ]
INFO: ShowRuntime Behavior ::run [ RunTime:0.000541s ]
INFO: [ view_filter ] --END-- [ RunTime:0.002121s ]
INFO: [ view_end ] --START--
INFO: ShowPageTrace Behavior ::run [ RunTime:0.000625s ]
INFO: [ view_end ] --END-- [ RunTime:0.000703s ]

[ 2014-06-10T09:23:22+08:00 ] 127.0.0.1 /admin.php?m=Index&a=menu_article
INFO: [ app_begin ] --START--
INFO: ReadHtmlCache Behavior ::run [ RunTime:0.000982s ]
INFO: [ app_begin ] --END-- [ RunTime:0.001128s ]
SQL: SHOW COLUMNS FROM `hh85_admin` [ RunTime:0.002812s ]
SQL: SELECT * FROM `hh85_admin` WHERE ( username='admin' ) LIMIT 1   [ RunTime:0.000263s ]
INFO: [ view_parse ] --START--
INFO: ParseTemplate Behavior ::run [ RunTime:0.008392s ]
INFO: [ view_parse ] --END-- [ RunTime:0.008508s ]
INFO: [ view_filter ] --START--
INFO: ContentReplace Behavior ::run [ RunTime:0.000490s ]
INFO: TokenBuild Behavior ::run [ RunTime:0.000481s ]
INFO: WriteHtmlCache Behavior ::run [ RunTime:0.000378s ]
INFO: ShowRuntime Behavior ::run [ RunTime:0.000557s ]
INFO: [ view_filter ] --END-- [ RunTime:0.002130s ]
INFO: [ view_end ] --START--
INFO: ShowPageTrace Behavior ::run [ RunTime:0.000618s ]
INFO: [ view_end ] --END-- [ RunTime:0.000697s ]

[ 2014-06-10T09:23:44+08:00 ] 127.0.0.1 /admin.php?m=Index&a=menu
INFO: [ app_begin ] --START--
INFO: ReadHtmlCache Behavior ::run [ RunTime:0.000810s ]
INFO: [ app_begin ] --END-- [ RunTime:0.000933s ]
SQL: SHOW COLUMNS FROM `hh85_admin` [ RunTime:0.001870s ]
SQL: SELECT * FROM `hh85_admin` WHERE ( username='admin' ) LIMIT 1   [ RunTime:0.000233s ]
NOTIC: [8] Constant THEME_NAME already defined H:\www\zhainali.com\Source\Lib\Core\View.class.php 第 223 行.
NOTIC: [8] Constant THEME_PATH already defined H:\www\zhainali.com\Source\Lib\Core\View.class.php 第 174 行.
NOTIC: [8] Constant APP_TMPL_PATH already defined H:\www\zhainali.com\Source\Lib\Core\View.class.php 第 175 行.
INFO: [ view_parse ] --START--
INFO: ParseTemplate Behavior ::run [ RunTime:0.006810s ]
INFO: [ view_parse ] --END-- [ RunTime:0.006932s ]
INFO: [ view_filter ] --START--
INFO: ContentReplace Behavior ::run [ RunTime:0.000480s ]
INFO: TokenBuild Behavior ::run [ RunTime:0.000480s ]
INFO: WriteHtmlCache Behavior ::run [ RunTime:0.000370s ]
INFO: ShowRuntime Behavior ::run [ RunTime:0.000546s ]
INFO: [ view_filter ] --END-- [ RunTime:0.002086s ]
INFO: [ view_end ] --START--
INFO: ShowPageTrace Behavior ::run [ RunTime:0.000614s ]
INFO: [ view_end ] --END-- [ RunTime:0.000694s ]

[ 2014-06-10T09:23:47+08:00 ] 127.0.0.1 /admin.php?m=Index&a=menu_article
INFO: [ app_begin ] --START--
INFO: ReadHtmlCache Behavior ::run [ RunTime:0.000595s ]
INFO: [ app_begin ] --END-- [ RunTime:0.000685s ]
SQL: SHOW COLUMNS FROM `hh85_admin` [ RunTime:0.002058s ]
SQL: SELECT * FROM `hh85_admin` WHERE ( username='admin' ) LIMIT 1   [ RunTime:0.000234s ]
INFO: [ view_parse ] --START--
INFO: ParseTemplate Behavior ::run [ RunTime:0.008511s ]
INFO: [ view_parse ] --END-- [ RunTime:0.008628s ]
INFO: [ view_filter ] --START--
INFO: ContentReplace Behavior ::run [ RunTime:0.000517s ]
INFO: TokenBuild Behavior ::run [ RunTime:0.001664s ]
INFO: WriteHtmlCache Behavior ::run [ RunTime:0.000401s ]
INFO: ShowRuntime Behavior ::run [ RunTime:0.000570s ]
INFO: [ view_filter ] --END-- [ RunTime:0.003400s ]
INFO: [ view_end ] --START--
INFO: ShowPageTrace Behavior ::run [ RunTime:0.000634s ]
INFO: [ view_end ] --END-- [ RunTime:0.000713s ]

[ 2014-06-10T09:46:10+08:00 ] 127.0.0.1 /admin.php?m=Index&a=menu_article
INFO: [ app_begin ] --START--
INFO: ReadHtmlCache Behavior ::run [ RunTime:0.000658s ]
INFO: [ app_begin ] --END-- [ RunTime:0.000751s ]
SQL: SHOW COLUMNS FROM `hh85_admin` [ RunTime:0.002776s ]
SQL: SELECT * FROM `hh85_admin` WHERE ( username='admin' ) LIMIT 1   [ RunTime:0.000251s ]
INFO: [ view_parse ] --START--
INFO: ParseTemplate Behavior ::run [ RunTime:0.012409s ]
INFO: [ view_parse ] --END-- [ RunTime:0.012540s ]
INFO: [ view_filter ] --START--
INFO: ContentReplace Behavior ::run [ RunTime:0.000510s ]
INFO: TokenBuild Behavior ::run [ RunTime:0.000491s ]
INFO: WriteHtmlCache Behavior ::run [ RunTime:0.000382s ]
INFO: ShowRuntime Behavior ::run [ RunTime:0.000603s ]
INFO: [ view_filter ] --END-- [ RunTime:0.002231s ]
INFO: [ view_end ] --START--
INFO: ShowPageTrace Behavior ::run [ RunTime:0.000948s ]
INFO: [ view_end ] --END-- [ RunTime:0.001083s ]

[ 2014-06-10T09:46:12+08:00 ] 127.0.0.1 /admin.php?m=Menu&a=index
INFO: [ app_begin ] --START--
INFO: ReadHtmlCache Behavior ::run [ RunTime:0.000567s ]
INFO: [ app_begin ] --END-- [ RunTime:0.000656s ]
SQL: SHOW COLUMNS FROM `hh85_admin` [ RunTime:0.001995s ]
SQL: SELECT * FROM `hh85_admin` WHERE ( username='admin' ) LIMIT 1   [ RunTime:0.000226s ]
SQL: SHOW COLUMNS FROM `hh85_menu` [ RunTime:0.002210s ]
SQL: SELECT * FROM `hh85_menu`  [ RunTime:0.000210s ]
INFO: [ view_parse ] --START--
INFO: ParseTemplate Behavior ::run [ RunTime:0.008878s ]
INFO: [ view_parse ] --END-- [ RunTime:0.008984s ]
INFO: [ view_filter ] --START--
INFO: ContentReplace Behavior ::run [ RunTime:0.000592s ]
INFO: TokenBuild Behavior ::run [ RunTime:0.000519s ]
INFO: WriteHtmlCache Behavior ::run [ RunTime:0.000383s ]
INFO: ShowRuntime Behavior ::run [ RunTime:0.000543s ]
INFO: [ view_filter ] --END-- [ RunTime:0.002264s ]
INFO: [ view_end ] --START--
INFO: ShowPageTrace Behavior ::run [ RunTime:0.000617s ]
INFO: [ view_end ] --END-- [ RunTime:0.000696s ]

[ 2014-06-10T09:46:17+08:00 ] 127.0.0.1 /admin.php?m=Menu&a=add
INFO: [ app_begin ] --START--
INFO: ReadHtmlCache Behavior ::run [ RunTime:0.000586s ]
INFO: [ app_begin ] --END-- [ RunTime:0.000671s ]
SQL: SHOW COLUMNS FROM `hh85_admin` [ RunTime:0.001933s ]
SQL: SELECT * FROM `hh85_admin` WHERE ( username='admin' ) LIMIT 1   [ RunTime:0.000287s ]
NOTIC: [8] Undefined index: submit H:\www\zhainali.com\admin\Lib\Action\MenuAction.class.php 第 12 行.
INFO: [ view_parse ] --START--
NOTIC: [8] Undefined variable: list H:\www\zhainali.com\admin\Runtime\Cache\a6fb1303e60180cde769f8defe5548ef.php 第 70 行.
INFO: ParseTemplate Behavior ::run [ RunTime:0.006846s ]
INFO: [ view_parse ] --END-- [ RunTime:0.006939s ]
INFO: [ view_filter ] --START--
INFO: ContentReplace Behavior ::run [ RunTime:0.000424s ]
INFO: TokenBuild Behavior ::run [ RunTime:0.000416s ]
INFO: WriteHtmlCache Behavior ::run [ RunTime:0.000328s ]
INFO: ShowRuntime Behavior ::run [ RunTime:0.000506s ]
INFO: [ view_filter ] --END-- [ RunTime:0.001876s ]
INFO: [ view_end ] --START--
INFO: ShowPageTrace Behavior ::run [ RunTime:0.000629s ]
INFO: [ view_end ] --END-- [ RunTime:0.000706s ]

[ 2014-06-10T09:50:34+08:00 ] 127.0.0.1 /admin.php?m=Menu&a=add
INFO: [ app_begin ] --START--
INFO: ReadHtmlCache Behavior ::run [ RunTime:0.000587s ]
INFO: [ app_begin ] --END-- [ RunTime:0.000677s ]
SQL: SHOW COLUMNS FROM `hh85_admin` [ RunTime:0.001814s ]
SQL: SELECT * FROM `hh85_admin` WHERE ( username='admin' ) LIMIT 1   [ RunTime:0.000212s ]
NOTIC: [8] Undefined index: submit H:\www\zhainali.com\admin\Lib\Action\MenuAction.class.php 第 12 行.
INFO: [ view_parse ] --START--
INFO: ParseTemplate Behavior ::run [ RunTime:0.005824s ]
INFO: [ view_parse ] --END-- [ RunTime:0.005921s ]
INFO: [ view_filter ] --START--
INFO: ContentReplace Behavior ::run [ RunTime:0.000437s ]
INFO: TokenBuild Behavior ::run [ RunTime:0.000413s ]
INFO: WriteHtmlCache Behavior ::run [ RunTime:0.000319s ]
INFO: ShowRuntime Behavior ::run [ RunTime:0.000480s ]
INFO: [ view_filter ] --END-- [ RunTime:0.001846s ]
INFO: [ view_end ] --START--
INFO: ShowPageTrace Behavior ::run [ RunTime:0.001186s ]
INFO: [ view_end ] --END-- [ RunTime:0.001271s ]

[ 2014-06-10T09:50:37+08:00 ] 127.0.0.1 /admin.php?m=Menu&a=index
INFO: [ app_begin ] --START--
INFO: ReadHtmlCache Behavior ::run [ RunTime:0.000607s ]
INFO: [ app_begin ] --END-- [ RunTime:0.000702s ]
SQL: SHOW COLUMNS FROM `hh85_admin` [ RunTime:0.002197s ]
SQL: SELECT * FROM `hh85_admin` WHERE ( username='admin' ) LIMIT 1   [ RunTime:0.000205s ]
SQL: SHOW COLUMNS FROM `hh85_menu` [ RunTime:0.003613s ]
SQL: SELECT * FROM `hh85_menu`  [ RunTime:0.000218s ]
INFO: [ view_parse ] --START--
INFO: ParseTemplate Behavior ::run [ RunTime:0.009162s ]
INFO: [ view_parse ] --END-- [ RunTime:0.009277s ]
INFO: [ view_filter ] --START--
INFO: ContentReplace Behavior ::run [ RunTime:0.000494s ]
INFO: TokenBuild Behavior ::run [ RunTime:0.000437s ]
INFO: WriteHtmlCache Behavior ::run [ RunTime:0.000324s ]
INFO: ShowRuntime Behavior ::run [ RunTime:0.000505s ]
INFO: [ view_filter ] --END-- [ RunTime:0.001978s ]
INFO: [ view_end ] --START--
INFO: ShowPageTrace Behavior ::run [ RunTime:0.000562s ]
INFO: [ view_end ] --END-- [ RunTime:0.000647s ]

[ 2014-06-10T09:50:42+08:00 ] 127.0.0.1 /admin.php/Menu/edit/id/8
INFO: [ route_check ] --START--
INFO: CheckRoute Behavior ::run [ RunTime:0.000764s ]
INFO: [ route_check ] --END-- [ RunTime:0.000854s ]
INFO: [ app_begin ] --START--
INFO: ReadHtmlCache Behavior ::run [ RunTime:0.000524s ]
INFO: [ app_begin ] --END-- [ RunTime:0.000602s ]
SQL: SHOW COLUMNS FROM `hh85_admin` [ RunTime:0.001710s ]
SQL: SELECT * FROM `hh85_admin` WHERE ( username='admin' ) LIMIT 1   [ RunTime:0.000177s ]
SQL: SHOW COLUMNS FROM `hh85_category` [ RunTime:0.013264s ]
SQL: SELECT * FROM `hh85_category` WHERE ( id=8 ) LIMIT 1   [ RunTime:0.000234s ]
ERR: 模板不存在[./admin/Tpl/Menu/edit.html]

[ 2014-06-10T09:51:57+08:00 ] 127.0.0.1 /admin.php?m=Menu&a=index
INFO: [ app_begin ] --START--
INFO: ReadHtmlCache Behavior ::run [ RunTime:0.000478s ]
INFO: [ app_begin ] --END-- [ RunTime:0.000570s ]
SQL: SHOW COLUMNS FROM `hh85_admin` [ RunTime:0.001756s ]
SQL: SELECT * FROM `hh85_admin` WHERE ( username='admin' ) LIMIT 1   [ RunTime:0.000180s ]
SQL: SHOW COLUMNS FROM `hh85_menu` [ RunTime:0.001548s ]
SQL: SELECT * FROM `hh85_menu`  [ RunTime:0.000157s ]
INFO: [ view_parse ] --START--
INFO: ParseTemplate Behavior ::run [ RunTime:0.008060s ]
INFO: [ view_parse ] --END-- [ RunTime:0.008155s ]
INFO: [ view_filter ] --START--
INFO: ContentReplace Behavior ::run [ RunTime:0.000427s ]
INFO: TokenBuild Behavior ::run [ RunTime:0.000656s ]
INFO: WriteHtmlCache Behavior ::run [ RunTime:0.000518s ]
INFO: ShowRuntime Behavior ::run [ RunTime:0.000747s ]
INFO: [ view_filter ] --END-- [ RunTime:0.002647s ]
INFO: [ view_end ] --START--
INFO: ShowPageTrace Behavior ::run [ RunTime:0.000662s ]
INFO: [ view_end ] --END-- [ RunTime:0.000753s ]

[ 2014-06-10T09:51:58+08:00 ] 127.0.0.1 /admin.php?m=Menu&a=add
INFO: [ app_begin ] --START--
INFO: ReadHtmlCache Behavior ::run [ RunTime:0.000464s ]
INFO: [ app_begin ] --END-- [ RunTime:0.000552s ]
SQL: SHOW COLUMNS FROM `hh85_admin` [ RunTime:0.001773s ]
SQL: SELECT * FROM `hh85_admin` WHERE ( username='admin' ) LIMIT 1   [ RunTime:0.000187s ]
NOTIC: [8] Undefined index: submit H:\www\zhainali.com\admin\Lib\Action\MenuAction.class.php 第 12 行.
INFO: [ view_parse ] --START--
INFO: ParseTemplate Behavior ::run [ RunTime:0.006170s ]
INFO: [ view_parse ] --END-- [ RunTime:0.006276s ]
INFO: [ view_filter ] --START--
INFO: ContentReplace Behavior ::run [ RunTime:0.000361s ]
INFO: TokenBuild Behavior ::run [ RunTime:0.000352s ]
INFO: WriteHtmlCache Behavior ::run [ RunTime:0.000252s ]
INFO: ShowRuntime Behavior ::run [ RunTime:0.000417s ]
INFO: [ view_filter ] --END-- [ RunTime:0.001577s ]
INFO: [ view_end ] --START--
INFO: ShowPageTrace Behavior ::run [ RunTime:0.000487s ]
INFO: [ view_end ] --END-- [ RunTime:0.000559s ]

[ 2014-06-10T09:52:01+08:00 ] 127.0.0.1 /admin.php?m=Menu&a=index
INFO: [ app_begin ] --START--
INFO: ReadHtmlCache Behavior ::run [ RunTime:0.000496s ]
INFO: [ app_begin ] --END-- [ RunTime:0.000592s ]
SQL: SHOW COLUMNS FROM `hh85_admin` [ RunTime:0.002245s ]
SQL: SELECT * FROM `hh85_admin` WHERE ( username='admin' ) LIMIT 1   [ RunTime:0.000217s ]
SQL: SHOW COLUMNS FROM `hh85_menu` [ RunTime:0.002697s ]
SQL: SELECT * FROM `hh85_menu`  [ RunTime:0.000243s ]
INFO: [ view_parse ] --START--
INFO: ParseTemplate Behavior ::run [ RunTime:0.008908s ]
INFO: [ view_parse ] --END-- [ RunTime:0.009063s ]
INFO: [ view_filter ] --START--
INFO: ContentReplace Behavior ::run [ RunTime:0.000543s ]
INFO: TokenBuild Behavior ::run [ RunTime:0.000370s ]
INFO: WriteHtmlCache Behavior ::run [ RunTime:0.000291s ]
INFO: ShowRuntime Behavior ::run [ RunTime:0.000443s ]
INFO: [ view_filter ] --END-- [ RunTime:0.001869s ]
INFO: [ view_end ] --START--
INFO: ShowPageTrace Behavior ::run [ RunTime:0.000686s ]
INFO: [ view_end ] --END-- [ RunTime:0.000795s ]

[ 2014-06-10T09:52:03+08:00 ] 127.0.0.1 /admin.php/Menu/edit/id/7
INFO: [ route_check ] --START--
INFO: CheckRoute Behavior ::run [ RunTime:0.000614s ]
INFO: [ route_check ] --END-- [ RunTime:0.000700s ]
INFO: [ app_begin ] --START--
INFO: ReadHtmlCache Behavior ::run [ RunTime:0.000449s ]
INFO: [ app_begin ] --END-- [ RunTime:0.000521s ]
SQL: SHOW COLUMNS FROM `hh85_admin` [ RunTime:0.001756s ]
SQL: SELECT * FROM `hh85_admin` WHERE ( username='admin' ) LIMIT 1   [ RunTime:0.000181s ]
SQL: SHOW COLUMNS FROM `hh85_category` [ RunTime:0.002057s ]
SQL: SELECT * FROM `hh85_category` WHERE ( id=7 ) LIMIT 1   [ RunTime:0.000270s ]
INFO: [ view_parse ] --START--
INFO: ParseTemplate Behavior ::run [ RunTime:0.006428s ]
INFO: [ view_parse ] --END-- [ RunTime:0.006523s ]
INFO: [ view_filter ] --START--
INFO: ContentReplace Behavior ::run [ RunTime:0.000380s ]
INFO: TokenBuild Behavior ::run [ RunTime:0.000351s ]
INFO: WriteHtmlCache Behavior ::run [ RunTime:0.000252s ]
INFO: ShowRuntime Behavior ::run [ RunTime:0.000477s ]
INFO: [ view_filter ] --END-- [ RunTime:0.001658s ]
INFO: [ view_end ] --START--
INFO: ShowPageTrace Behavior ::run [ RunTime:0.000547s ]
INFO: [ view_end ] --END-- [ RunTime:0.000617s ]

[ 2014-06-10T09:52:34+08:00 ] 127.0.0.1 /admin.php?m=Menu&a=index
INFO: [ app_begin ] --START--
INFO: ReadHtmlCache Behavior ::run [ RunTime:0.000840s ]
INFO: [ app_begin ] --END-- [ RunTime:0.000941s ]
SQL: SHOW COLUMNS FROM `hh85_admin` [ RunTime:0.002452s ]
SQL: SELECT * FROM `hh85_admin` WHERE ( username='admin' ) LIMIT 1   [ RunTime:0.000226s ]
SQL: SHOW COLUMNS FROM `hh85_menu` [ RunTime:0.001834s ]
SQL: SELECT * FROM `hh85_menu`  [ RunTime:0.000204s ]
INFO: [ view_parse ] --START--
INFO: ParseTemplate Behavior ::run [ RunTime:0.014504s ]
INFO: [ view_parse ] --END-- [ RunTime:0.014639s ]
INFO: [ view_filter ] --START--
INFO: ContentReplace Behavior ::run [ RunTime:0.000479s ]
INFO: TokenBuild Behavior ::run [ RunTime:0.000427s ]
INFO: WriteHtmlCache Behavior ::run [ RunTime:0.000321s ]
INFO: ShowRuntime Behavior ::run [ RunTime:0.000500s ]
INFO: [ view_filter ] --END-- [ RunTime:0.001941s ]
INFO: [ view_end ] --START--
INFO: ShowPageTrace Behavior ::run [ RunTime:0.000559s ]
INFO: [ view_end ] --END-- [ RunTime:0.000638s ]

[ 2014-06-10T09:52:35+08:00 ] 127.0.0.1 /admin.php/Menu/edit/id/7
INFO: [ route_check ] --START--
INFO: CheckRoute Behavior ::run [ RunTime:0.000811s ]
INFO: [ route_check ] --END-- [ RunTime:0.000904s ]
INFO: [ app_begin ] --START--
INFO: ReadHtmlCache Behavior ::run [ RunTime:0.000570s ]
INFO: [ app_begin ] --END-- [ RunTime:0.000644s ]
SQL: SHOW COLUMNS FROM `hh85_admin` [ RunTime:0.002049s ]
SQL: SELECT * FROM `hh85_admin` WHERE ( username='admin' ) LIMIT 1   [ RunTime:0.000231s ]
SQL: SHOW COLUMNS FROM `hh85_menu` [ RunTime:0.002157s ]
SQL: SELECT * FROM `hh85_menu` WHERE ( id=7 ) LIMIT 1   [ RunTime:0.000204s ]
INFO: [ view_parse ] --START--
INFO: ParseTemplate Behavior ::run [ RunTime:0.008981s ]
INFO: [ view_parse ] --END-- [ RunTime:0.009111s ]
INFO: [ view_filter ] --START--
INFO: ContentReplace Behavior ::run [ RunTime:0.000696s ]
INFO: TokenBuild Behavior ::run [ RunTime:0.000720s ]
INFO: WriteHtmlCache Behavior ::run [ RunTime:0.000540s ]
INFO: ShowRuntime Behavior ::run [ RunTime:0.000852s ]
INFO: [ view_filter ] --END-- [ RunTime:0.003160s ]
INFO: [ view_end ] --START--
INFO: ShowPageTrace Behavior ::run [ RunTime:0.000975s ]
INFO: [ view_end ] --END-- [ RunTime:0.001103s ]

[ 2014-06-10T09:54:31+08:00 ] 127.0.0.1 /admin.php?m=Menu&a=edit&id=7
INFO: [ app_begin ] --START--
INFO: ReadHtmlCache Behavior ::run [ RunTime:0.000661s ]
INFO: [ app_begin ] --END-- [ RunTime:0.000754s ]
SQL: SHOW COLUMNS FROM `hh85_admin` [ RunTime:0.002506s ]
SQL: SELECT * FROM `hh85_admin` WHERE ( username='admin' ) LIMIT 1   [ RunTime:0.000220s ]
SQL: SHOW COLUMNS FROM `hh85_menu` [ RunTime:0.001860s ]
SQL: UPDATE `hh85_menu` SET `name`='照顾老人',`orders`=0,`member`=1,`status`=1 WHERE ( id=7 ) [ RunTime:0.309536s ]
INFO: [ view_parse ] --START--
INFO: ParseTemplate Behavior ::run [ RunTime:0.006210s ]
INFO: [ view_parse ] --END-- [ RunTime:0.006310s ]
INFO: [ view_filter ] --START--
INFO: ContentReplace Behavior ::run [ RunTime:0.000535s ]
INFO: TokenBuild Behavior ::run [ RunTime:0.000467s ]
INFO: WriteHtmlCache Behavior ::run [ RunTime:0.000614s ]
INFO: ShowRuntime Behavior ::run [ RunTime:0.000659s ]
INFO: [ view_filter ] --END-- [ RunTime:0.002552s ]
INFO: [ view_end ] --START--
INFO: ShowPageTrace Behavior ::run [ RunTime:0.000607s ]
INFO: [ view_end ] --END-- [ RunTime:0.000680s ]

[ 2014-06-10T09:54:32+08:00 ] 127.0.0.1 /admin.php?m=Menu&a=index
INFO: [ app_begin ] --START--
INFO: ReadHtmlCache Behavior ::run [ RunTime:0.000486s ]
INFO: [ app_begin ] --END-- [ RunTime:0.000573s ]
SQL: SHOW COLUMNS FROM `hh85_admin` [ RunTime:0.002466s ]
SQL: SELECT * FROM `hh85_admin` WHERE ( username='admin' ) LIMIT 1   [ RunTime:0.000209s ]
SQL: SHOW COLUMNS FROM `hh85_menu` [ RunTime:0.001804s ]
SQL: SELECT * FROM `hh85_menu`  [ RunTime:0.000178s ]
INFO: [ view_parse ] --START--
INFO: ParseTemplate Behavior ::run [ RunTime:0.009594s ]
INFO: [ view_parse ] --END-- [ RunTime:0.009701s ]
INFO: [ view_filter ] --START--
INFO: ContentReplace Behavior ::run [ RunTime:0.000515s ]
INFO: TokenBuild Behavior ::run [ RunTime:0.000488s ]
INFO: WriteHtmlCache Behavior ::run [ RunTime:0.000383s ]
INFO: ShowRuntime Behavior ::run [ RunTime:0.000550s ]
INFO: [ view_filter ] --END-- [ RunTime:0.002161s ]
INFO: [ view_end ] --START--
INFO: ShowPageTrace Behavior ::run [ RunTime:0.000782s ]
INFO: [ view_end ] --END-- [ RunTime:0.000888s ]

[ 2014-06-10T09:54:47+08:00 ] 127.0.0.1 /admin.php?m=Menu&a=edit&id=7
INFO: [ app_begin ] --START--
INFO: ReadHtmlCache Behavior ::run [ RunTime:0.000770s ]
INFO: [ app_begin ] --END-- [ RunTime:0.000864s ]
SQL: SHOW COLUMNS FROM `hh85_admin` [ RunTime:0.001800s ]
SQL: SELECT * FROM `hh85_admin` WHERE ( username='admin' ) LIMIT 1   [ RunTime:0.001084s ]
SQL: SHOW COLUMNS FROM `hh85_menu` [ RunTime:0.001670s ]
SQL: SELECT * FROM `hh85_menu` WHERE ( id=7 ) LIMIT 1   [ RunTime:0.000196s ]
INFO: [ view_parse ] --START--
INFO: ParseTemplate Behavior ::run [ RunTime:0.006081s ]
INFO: [ view_parse ] --END-- [ RunTime:0.006188s ]
INFO: [ view_filter ] --START--
INFO: ContentReplace Behavior ::run [ RunTime:0.000420s ]
INFO: TokenBuild Behavior ::run [ RunTime:0.000435s ]
INFO: WriteHtmlCache Behavior ::run [ RunTime:0.000326s ]
INFO: ShowRuntime Behavior ::run [ RunTime:0.000508s ]
INFO: [ view_filter ] --END-- [ RunTime:0.001930s ]
INFO: [ view_end ] --START--
INFO: ShowPageTrace Behavior ::run [ RunTime:0.000558s ]
INFO: [ view_end ] --END-- [ RunTime:0.000639s ]

[ 2014-06-10T09:54:52+08:00 ] 127.0.0.1 /admin.php?m=Menu&a=edit&id=7
INFO: [ app_begin ] --START--
INFO: ReadHtmlCache Behavior ::run [ RunTime:0.000662s ]
INFO: [ app_begin ] --END-- [ RunTime:0.000760s ]
SQL: SHOW COLUMNS FROM `hh85_admin` [ RunTime:0.002469s ]
SQL: SELECT * FROM `hh85_admin` WHERE ( username='admin' ) LIMIT 1   [ RunTime:0.000222s ]
SQL: SHOW COLUMNS FROM `hh85_menu` [ RunTime:0.002076s ]
SQL: UPDATE `hh85_menu` SET `name`='保姆',`orders`=0,`member`=1,`status`=1 WHERE ( id=7 ) [ RunTime:0.000714s ]
INFO: [ view_parse ] --START--
INFO: ParseTemplate Behavior ::run [ RunTime:0.007333s ]
INFO: [ view_parse ] --END-- [ RunTime:0.007446s ]
INFO: [ view_filter ] --START--
INFO: ContentReplace Behavior ::run [ RunTime:0.000472s ]
INFO: TokenBuild Behavior ::run [ RunTime:0.000466s ]
INFO: WriteHtmlCache Behavior ::run [ RunTime:0.000367s ]
INFO: ShowRuntime Behavior ::run [ RunTime:0.000530s ]
INFO: [ view_filter ] --END-- [ RunTime:0.002046s ]
INFO: [ view_end ] --START--
INFO: ShowPageTrace Behavior ::run [ RunTime:0.000604s ]
INFO: [ view_end ] --END-- [ RunTime:0.000678s ]

[ 2014-06-10T09:54:53+08:00 ] 127.0.0.1 /admin.php?m=Menu&a=index
INFO: [ app_begin ] --START--
INFO: ReadHtmlCache Behavior ::run [ RunTime:0.000687s ]
INFO: [ app_begin ] --END-- [ RunTime:0.000813s ]
SQL: SHOW COLUMNS FROM `hh85_admin` [ RunTime:0.002092s ]
SQL: SELECT * FROM `hh85_admin` WHERE ( username='admin' ) LIMIT 1   [ RunTime:0.000207s ]
SQL: SHOW COLUMNS FROM `hh85_menu` [ RunTime:0.001589s ]
SQL: SELECT * FROM `hh85_menu`  [ RunTime:0.000165s ]
INFO: [ view_parse ] --START--
INFO: ParseTemplate Behavior ::run [ RunTime:0.008645s ]
INFO: [ view_parse ] --END-- [ RunTime:0.008754s ]
INFO: [ view_filter ] --START--
INFO: ContentReplace Behavior ::run [ RunTime:0.001278s ]
INFO: TokenBuild Behavior ::run [ RunTime:0.001355s ]
INFO: WriteHtmlCache Behavior ::run [ RunTime:0.000700s ]
INFO: ShowRuntime Behavior ::run [ RunTime:0.000593s ]
INFO: [ view_filter ] --END-- [ RunTime:0.004318s ]
INFO: [ view_end ] --START--
INFO: ShowPageTrace Behavior ::run [ RunTime:0.000636s ]
INFO: [ view_end ] --END-- [ RunTime:0.000716s ]

[ 2014-06-10T14:15:13+08:00 ] 127.0.0.1 /admin.php?m=Menu&a=index
INFO: [ app_begin ] --START--
INFO: ReadHtmlCache Behavior ::run [ RunTime:0.000609s ]
INFO: [ app_begin ] --END-- [ RunTime:0.000715s ]
SQL: SHOW COLUMNS FROM `hh85_admin` [ RunTime:0.027403s ]
SQL: SELECT * FROM `hh85_admin` WHERE ( username='admin' ) LIMIT 1   [ RunTime:0.007353s ]
SQL: SHOW COLUMNS FROM `hh85_menu` [ RunTime:0.002332s ]
SQL: SELECT * FROM `hh85_menu`  [ RunTime:0.000195s ]
INFO: [ view_parse ] --START--
INFO: ParseTemplate Behavior ::run [ RunTime:0.028089s ]
INFO: [ view_parse ] --END-- [ RunTime:0.028205s ]
INFO: [ view_filter ] --START--
INFO: ContentReplace Behavior ::run [ RunTime:0.000517s ]
INFO: TokenBuild Behavior ::run [ RunTime:0.000429s ]
INFO: WriteHtmlCache Behavior ::run [ RunTime:0.000307s ]
INFO: ShowRuntime Behavior ::run [ RunTime:0.000443s ]
INFO: [ view_filter ] --END-- [ RunTime:0.001947s ]
INFO: [ view_end ] --START--
INFO: ShowPageTrace Behavior ::run [ RunTime:0.000508s ]
INFO: [ view_end ] --END-- [ RunTime:0.000586s ]

[ 2014-06-10T14:15:15+08:00 ] 127.0.0.1 /admin.php?m=Menu&a=add
INFO: [ app_begin ] --START--
INFO: ReadHtmlCache Behavior ::run [ RunTime:0.000523s ]
INFO: [ app_begin ] --END-- [ RunTime:0.000612s ]
SQL: SHOW COLUMNS FROM `hh85_admin` [ RunTime:0.004534s ]
SQL: SELECT * FROM `hh85_admin` WHERE ( username='admin' ) LIMIT 1   [ RunTime:0.000247s ]
NOTIC: [8] Undefined index: submit H:\www\zhainali.com\admin\Lib\Action\MenuAction.class.php 第 12 行.
INFO: [ view_parse ] --START--
INFO: ParseTemplate Behavior ::run [ RunTime:0.005935s ]
INFO: [ view_parse ] --END-- [ RunTime:0.006037s ]
INFO: [ view_filter ] --START--
INFO: ContentReplace Behavior ::run [ RunTime:0.000356s ]
INFO: TokenBuild Behavior ::run [ RunTime:0.000365s ]
INFO: WriteHtmlCache Behavior ::run [ RunTime:0.000264s ]
INFO: ShowRuntime Behavior ::run [ RunTime:0.000922s ]
INFO: [ view_filter ] --END-- [ RunTime:0.002194s ]
INFO: [ view_end ] --START--
INFO: ShowPageTrace Behavior ::run [ RunTime:0.001202s ]
INFO: [ view_end ] --END-- [ RunTime:0.001302s ]

[ 2014-06-10T14:15:17+08:00 ] 127.0.0.1 /admin.php?m=Menu&a=index
INFO: [ app_begin ] --START--
INFO: ReadHtmlCache Behavior ::run [ RunTime:0.000471s ]
INFO: [ app_begin ] --END-- [ RunTime:0.000555s ]
SQL: SHOW COLUMNS FROM `hh85_admin` [ RunTime:0.002697s ]
SQL: SELECT * FROM `hh85_admin` WHERE ( username='admin' ) LIMIT 1   [ RunTime:0.000205s ]
SQL: SHOW COLUMNS FROM `hh85_menu` [ RunTime:0.004323s ]
SQL: SELECT * FROM `hh85_menu`  [ RunTime:0.000190s ]
INFO: [ view_parse ] --START--
INFO: ParseTemplate Behavior ::run [ RunTime:0.007928s ]
INFO: [ view_parse ] --END-- [ RunTime:0.008084s ]
INFO: [ view_filter ] --START--
INFO: ContentReplace Behavior ::run [ RunTime:0.000459s ]
INFO: TokenBuild Behavior ::run [ RunTime:0.000389s ]
INFO: WriteHtmlCache Behavior ::run [ RunTime:0.000264s ]
INFO: ShowRuntime Behavior ::run [ RunTime:0.000428s ]
INFO: [ view_filter ] --END-- [ RunTime:0.001736s ]
INFO: [ view_end ] --START--
INFO: ShowPageTrace Behavior ::run [ RunTime:0.000490s ]
INFO: [ view_end ] --END-- [ RunTime:0.000558s ]

[ 2014-06-10T14:15:25+08:00 ] 127.0.0.1 /admin.php?m=Menu&a=index
INFO: [ app_begin ] --START--
INFO: ReadHtmlCache Behavior ::run [ RunTime:0.000604s ]
INFO: [ app_begin ] --END-- [ RunTime:0.000697s ]
SQL: SHOW COLUMNS FROM `hh85_admin` [ RunTime:0.002745s ]
SQL: SELECT * FROM `hh85_admin` WHERE ( username='admin' ) LIMIT 1   [ RunTime:0.000209s ]
SQL: SHOW COLUMNS FROM `hh85_menu` [ RunTime:0.002504s ]
SQL: SELECT * FROM `hh85_menu`  [ RunTime:0.000184s ]
INFO: [ view_parse ] --START--
INFO: ParseTemplate Behavior ::run [ RunTime:0.011985s ]
INFO: [ view_parse ] --END-- [ RunTime:0.012089s ]
INFO: [ view_filter ] --START--
INFO: ContentReplace Behavior ::run [ RunTime:0.000507s ]
INFO: TokenBuild Behavior ::run [ RunTime:0.000427s ]
INFO: WriteHtmlCache Behavior ::run [ RunTime:0.000332s ]
INFO: ShowRuntime Behavior ::run [ RunTime:0.000501s ]
INFO: [ view_filter ] --END-- [ RunTime:0.001976s ]
INFO: [ view_end ] --START--
INFO: ShowPageTrace Behavior ::run [ RunTime:0.000608s ]
INFO: [ view_end ] --END-- [ RunTime:0.000686s ]

[ 2014-06-10T14:15:28+08:00 ] 127.0.0.1 /admin.php?m=Case&a=index
INFO: [ app_begin ] --START--
INFO: ReadHtmlCache Behavior ::run [ RunTime:0.000473s ]
INFO: [ app_begin ] --END-- [ RunTime:0.000561s ]
SQL: SHOW COLUMNS FROM `hh85_admin` [ RunTime:0.002394s ]
SQL: SELECT * FROM `hh85_admin` WHERE ( username='admin' ) LIMIT 1   [ RunTime:0.000211s ]
SQL: SHOW COLUMNS FROM `hh85_case` [ RunTime:0.001929s ]
ERR: 1146:Table 'zhainali.hh85_case' doesn't exist
 [ SQL语句 ] : SHOW COLUMNS FROM `hh85_case`
SQL: SELECT COUNT(*) AS tp_count FROM `hh85_case` LIMIT 1   [ RunTime:0.000324s ]
ERR: 1146:Table 'zhainali.hh85_case' doesn't exist
 [ SQL语句 ] : SELECT COUNT(*) AS tp_count FROM `hh85_case` LIMIT 1  
SQL: SELECT * FROM `hh85_case` ORDER BY createtime DESC LIMIT 0,20   [ RunTime:0.000179s ]
ERR: 1146:Table 'zhainali.hh85_case' doesn't exist
 [ SQL语句 ] : SELECT * FROM `hh85_case` ORDER BY createtime DESC LIMIT 0,20  
INFO: [ view_parse ] --START--
INFO: ParseTemplate Behavior ::run [ RunTime:0.024858s ]
INFO: [ view_parse ] --END-- [ RunTime:0.024958s ]
INFO: [ view_filter ] --START--
INFO: ContentReplace Behavior ::run [ RunTime:0.000374s ]
INFO: TokenBuild Behavior ::run [ RunTime:0.000365s ]
INFO: WriteHtmlCache Behavior ::run [ RunTime:0.000269s ]
INFO: ShowRuntime Behavior ::run [ RunTime:0.000433s ]
INFO: [ view_filter ] --END-- [ RunTime:0.001664s ]
INFO: [ view_end ] --START--
INFO: ShowPageTrace Behavior ::run [ RunTime:0.000631s ]
INFO: [ view_end ] --END-- [ RunTime:0.000712s ]

[ 2014-06-10T14:15:29+08:00 ] 127.0.0.1 /admin.php?m=Company&a=index
INFO: [ app_begin ] --START--
INFO: ReadHtmlCache Behavior ::run [ RunTime:0.000480s ]
INFO: [ app_begin ] --END-- [ RunTime:0.000591s ]
SQL: SHOW COLUMNS FROM `hh85_admin` [ RunTime:0.002536s ]
SQL: SELECT * FROM `hh85_admin` WHERE ( username='admin' ) LIMIT 1   [ RunTime:0.000214s ]
SQL: SHOW COLUMNS FROM `hh85_company` [ RunTime:0.003325s ]
SQL: SELECT COUNT(*) AS tp_count FROM `hh85_company` LIMIT 1   [ RunTime:0.000176s ]
SQL: SELECT * FROM `hh85_company` ORDER BY createtime DESC LIMIT 0,20   [ RunTime:0.000248s ]
INFO: [ view_parse ] --START--
NOTIC: [8] Undefined index: status H:\www\zhainali.com\admin\Runtime\Cache\ce6cb68b3efd615f33536ac1c9ea3abb.php 第 275 行.
NOTIC: [8] Undefined index: status H:\www\zhainali.com\admin\Runtime\Cache\ce6cb68b3efd615f33536ac1c9ea3abb.php 第 275 行.
NOTIC: [8] Undefined index: status H:\www\zhainali.com\admin\Runtime\Cache\ce6cb68b3efd615f33536ac1c9ea3abb.php 第 275 行.
NOTIC: [8] Undefined index: status H:\www\zhainali.com\admin\Runtime\Cache\ce6cb68b3efd615f33536ac1c9ea3abb.php 第 275 行.
NOTIC: [8] Undefined index: status H:\www\zhainali.com\admin\Runtime\Cache\ce6cb68b3efd615f33536ac1c9ea3abb.php 第 275 行.
INFO: ParseTemplate Behavior ::run [ RunTime:0.010043s ]
INFO: [ view_parse ] --END-- [ RunTime:0.010130s ]
INFO: [ view_filter ] --START--
INFO: ContentReplace Behavior ::run [ RunTime:0.000529s ]
INFO: TokenBuild Behavior ::run [ RunTime:0.000403s ]
INFO: WriteHtmlCache Behavior ::run [ RunTime:0.000264s ]
INFO: ShowRuntime Behavior ::run [ RunTime:0.000467s ]
INFO: [ view_filter ] --END-- [ RunTime:0.001860s ]
INFO: [ view_end ] --START--
INFO: ShowPageTrace Behavior ::run [ RunTime:0.000605s ]
INFO: [ view_end ] --END-- [ RunTime:0.000674s ]

[ 2014-06-10T14:15:31+08:00 ] 127.0.0.1 /admin.php?m=Company&a=edit&id=2
INFO: [ app_begin ] --START--
INFO: ReadHtmlCache Behavior ::run [ RunTime:0.000595s ]
INFO: [ app_begin ] --END-- [ RunTime:0.000683s ]
SQL: SHOW COLUMNS FROM `hh85_admin` [ RunTime:0.002424s ]
SQL: SELECT * FROM `hh85_admin` WHERE ( username='admin' ) LIMIT 1   [ RunTime:0.000226s ]
SQL: SHOW COLUMNS FROM `hh85_category` [ RunTime:0.041015s ]
SQL: SELECT * FROM `hh85_category`  [ RunTime:0.000330s ]
SQL: SHOW COLUMNS FROM `hh85_company` [ RunTime:0.002902s ]
SQL: SELECT * FROM `hh85_company` WHERE ( id=2 ) LIMIT 1   [ RunTime:0.000223s ]
INFO: [ view_parse ] --START--
INFO: ParseTemplate Behavior ::run [ RunTime:0.105019s ]
INFO: [ view_parse ] --END-- [ RunTime:0.105116s ]
INFO: [ view_filter ] --START--
INFO: ContentReplace Behavior ::run [ RunTime:0.000622s ]
INFO: TokenBuild Behavior ::run [ RunTime:0.000714s ]
INFO: WriteHtmlCache Behavior ::run [ RunTime:0.000732s ]
INFO: ShowRuntime Behavior ::run [ RunTime:0.000508s ]
INFO: [ view_filter ] --END-- [ RunTime:0.002868s ]
INFO: [ view_end ] --START--
INFO: ShowPageTrace Behavior ::run [ RunTime:0.000572s ]
INFO: [ view_end ] --END-- [ RunTime:0.000652s ]

