[ 2014-06-20T11:43:55+08:00 ] 127.0.0.1 /Admin.php
INFO: [ app_begin ] --START--
INFO: ReadHtmlCache Behavior ::run [ RunTime:0.000581s ]
INFO: [ app_begin ] --END-- [ RunTime:0.000677s ]

[ 2014-06-20T11:44:29+08:00 ] 127.0.0.1 /Admin.php
INFO: [ app_begin ] --START--
INFO: ReadHtmlCache Behavior ::run [ RunTime:0.000662s ]
INFO: [ app_begin ] --END-- [ RunTime:0.000753s ]

[ 2014-06-20T11:44:48+08:00 ] 127.0.0.1 /Admin.php
INFO: [ app_begin ] --START--
INFO: ReadHtmlCache Behavior ::run [ RunTime:0.000993s ]
INFO: [ app_begin ] --END-- [ RunTime:0.001130s ]
NOTIC: [8] Undefined index: 089203d4f2bc8c9669a06003ed5694b9 H:\www\zhainali.com\Source\Extend\Library\ORG\Util\RBAC.class.php 第 176 行.
NOTIC: [8] Undefined index: _ACCESS_LIST H:\www\zhainali.com\Source\Extend\Library\ORG\Util\RBAC.class.php 第 180 行.
NOTIC: [8] Undefined index: uid H:\www\zhainali.com\admin\Lib\Action\CommonAction.class.php 第 13 行.

[ 2014-06-20T11:44:48+08:00 ] 127.0.0.1 /Admin.php?m=Public&a=login
INFO: [ app_begin ] --START--
INFO: ReadHtmlCache Behavior ::run [ RunTime:0.000961s ]
INFO: [ app_begin ] --END-- [ RunTime:0.001135s ]
INFO: [ view_parse ] --START--
INFO: ParseTemplate Behavior ::run [ RunTime:0.021788s ]
INFO: [ view_parse ] --END-- [ RunTime:0.021918s ]
INFO: [ view_filter ] --START--
INFO: ContentReplace Behavior ::run [ RunTime:0.000504s ]
INFO: TokenBuild Behavior ::run [ RunTime:0.000488s ]
INFO: WriteHtmlCache Behavior ::run [ RunTime:0.000393s ]
INFO: ShowRuntime Behavior ::run [ RunTime:0.000778s ]
INFO: [ view_filter ] --END-- [ RunTime:0.002402s ]
INFO: [ view_end ] --START--
INFO: ShowPageTrace Behavior ::run [ RunTime:0.001936s ]
INFO: [ view_end ] --END-- [ RunTime:0.002313s ]

[ 2014-06-20T11:44:48+08:00 ] 127.0.0.1 /Admin.php?s=/Public/verify.html
INFO: [ route_check ] --START--
INFO: CheckRoute Behavior ::run [ RunTime:0.047726s ]
INFO: [ route_check ] --END-- [ RunTime:0.048178s ]
INFO: [ app_begin ] --START--
INFO: ReadHtmlCache Behavior ::run [ RunTime:0.001559s ]
INFO: [ app_begin ] --END-- [ RunTime:0.001840s ]

[ 2014-06-20T13:29:26+08:00 ] 127.0.0.1 /Admin.php?m=Public&a=login
INFO: [ app_begin ] --START--
INFO: ReadHtmlCache Behavior ::run [ RunTime:0.001642s ]
INFO: [ app_begin ] --END-- [ RunTime:0.001884s ]
INFO: [ view_parse ] --START--
INFO: ParseTemplate Behavior ::run [ RunTime:0.008546s ]
INFO: [ view_parse ] --END-- [ RunTime:0.008673s ]
INFO: [ view_filter ] --START--
INFO: ContentReplace Behavior ::run [ RunTime:0.000443s ]
INFO: TokenBuild Behavior ::run [ RunTime:0.000445s ]
INFO: WriteHtmlCache Behavior ::run [ RunTime:0.000333s ]
INFO: ShowRuntime Behavior ::run [ RunTime:0.000780s ]
INFO: [ view_filter ] --END-- [ RunTime:0.002333s ]
INFO: [ view_end ] --START--
INFO: ShowPageTrace Behavior ::run [ RunTime:0.003034s ]
INFO: [ view_end ] --END-- [ RunTime:0.003337s ]

[ 2014-06-20T13:29:26+08:00 ] 127.0.0.1 /Admin.php?s=/Public/verify.html
INFO: [ route_check ] --START--
INFO: CheckRoute Behavior ::run [ RunTime:0.002288s ]
INFO: [ route_check ] --END-- [ RunTime:0.002785s ]
INFO: [ app_begin ] --START--
INFO: ReadHtmlCache Behavior ::run [ RunTime:0.000925s ]
INFO: [ app_begin ] --END-- [ RunTime:0.001115s ]

[ 2014-06-20T13:29:31+08:00 ] 127.0.0.1 /Admin.php?m=Public&a=login
INFO: [ app_begin ] --START--
INFO: ReadHtmlCache Behavior ::run [ RunTime:0.000493s ]
INFO: [ app_begin ] --END-- [ RunTime:0.000592s ]
INFO: [ view_parse ] --START--
INFO: ParseTemplate Behavior ::run [ RunTime:0.028912s ]
INFO: [ view_parse ] --END-- [ RunTime:0.029050s ]
INFO: [ view_filter ] --START--
INFO: ContentReplace Behavior ::run [ RunTime:0.000588s ]
INFO: TokenBuild Behavior ::run [ RunTime:0.000570s ]
INFO: WriteHtmlCache Behavior ::run [ RunTime:0.000506s ]
INFO: ShowRuntime Behavior ::run [ RunTime:0.000539s ]
INFO: [ view_filter ] --END-- [ RunTime:0.002492s ]
INFO: [ view_end ] --START--
INFO: ShowPageTrace Behavior ::run [ RunTime:0.000552s ]
INFO: [ view_end ] --END-- [ RunTime:0.000628s ]

[ 2014-06-20T13:29:31+08:00 ] 127.0.0.1 /Admin.php?s=/Public/verify.html
INFO: [ route_check ] --START--
INFO: CheckRoute Behavior ::run [ RunTime:0.001306s ]
INFO: [ route_check ] --END-- [ RunTime:0.001597s ]
INFO: [ app_begin ] --START--
INFO: ReadHtmlCache Behavior ::run [ RunTime:0.001231s ]
INFO: [ app_begin ] --END-- [ RunTime:0.001422s ]

[ 2014-06-20T13:29:39+08:00 ] 127.0.0.1 /Admin.php?m=Public&a=login
INFO: [ app_begin ] --START--
INFO: ReadHtmlCache Behavior ::run [ RunTime:0.000481s ]
INFO: [ app_begin ] --END-- [ RunTime:0.000570s ]
INFO: [ view_parse ] --START--
INFO: ParseTemplate Behavior ::run [ RunTime:0.006270s ]
INFO: [ view_parse ] --END-- [ RunTime:0.006363s ]
INFO: [ view_filter ] --START--
INFO: ContentReplace Behavior ::run [ RunTime:0.000358s ]
INFO: TokenBuild Behavior ::run [ RunTime:0.000367s ]
INFO: WriteHtmlCache Behavior ::run [ RunTime:0.000263s ]
INFO: ShowRuntime Behavior ::run [ RunTime:0.000447s ]
INFO: [ view_filter ] --END-- [ RunTime:0.001642s ]
INFO: [ view_end ] --START--
INFO: ShowPageTrace Behavior ::run [ RunTime:0.000559s ]
INFO: [ view_end ] --END-- [ RunTime:0.000640s ]

[ 2014-06-20T13:29:39+08:00 ] 127.0.0.1 /Admin.php?s=/Public/verify.html
INFO: [ route_check ] --START--
INFO: CheckRoute Behavior ::run [ RunTime:0.000910s ]
INFO: [ route_check ] --END-- [ RunTime:0.001143s ]
INFO: [ app_begin ] --START--
INFO: ReadHtmlCache Behavior ::run [ RunTime:0.002037s ]
INFO: [ app_begin ] --END-- [ RunTime:0.002407s ]

[ 2014-06-20T13:31:00+08:00 ] 127.0.0.1 /Admin.php?m=Public&a=login
INFO: [ app_begin ] --START--
INFO: ReadHtmlCache Behavior ::run [ RunTime:0.000508s ]
INFO: [ app_begin ] --END-- [ RunTime:0.000608s ]
INFO: [ view_parse ] --START--
INFO: ParseTemplate Behavior ::run [ RunTime:0.006105s ]
INFO: [ view_parse ] --END-- [ RunTime:0.006205s ]
INFO: [ view_filter ] --START--
INFO: ContentReplace Behavior ::run [ RunTime:0.000407s ]
INFO: TokenBuild Behavior ::run [ RunTime:0.000391s ]
INFO: WriteHtmlCache Behavior ::run [ RunTime:0.000291s ]
INFO: ShowRuntime Behavior ::run [ RunTime:0.000486s ]
INFO: [ view_filter ] --END-- [ RunTime:0.001799s ]
INFO: [ view_end ] --START--
INFO: ShowPageTrace Behavior ::run [ RunTime:0.000525s ]
INFO: [ view_end ] --END-- [ RunTime:0.000600s ]

[ 2014-06-20T13:31:00+08:00 ] 127.0.0.1 /Admin.php?s=/Public/verify.html
INFO: [ route_check ] --START--
INFO: CheckRoute Behavior ::run [ RunTime:0.000899s ]
INFO: [ route_check ] --END-- [ RunTime:0.001089s ]
INFO: [ app_begin ] --START--
INFO: ReadHtmlCache Behavior ::run [ RunTime:0.000692s ]
INFO: [ app_begin ] --END-- [ RunTime:0.000812s ]

[ 2014-06-20T13:31:05+08:00 ] 127.0.0.1 /Admin.php?s=/Public/checkLogin.html
INFO: [ route_check ] --START--
INFO: CheckRoute Behavior ::run [ RunTime:0.000672s ]
INFO: [ route_check ] --END-- [ RunTime:0.000829s ]
INFO: [ app_begin ] --START--
INFO: ReadHtmlCache Behavior ::run [ RunTime:0.000480s ]
INFO: [ app_begin ] --END-- [ RunTime:0.000556s ]
INFO: [ view_parse ] --START--
INFO: ParseTemplate Behavior ::run [ RunTime:0.006040s ]
INFO: [ view_parse ] --END-- [ RunTime:0.006210s ]
INFO: [ view_filter ] --START--
INFO: ContentReplace Behavior ::run [ RunTime:0.000528s ]
INFO: TokenBuild Behavior ::run [ RunTime:0.000416s ]
INFO: WriteHtmlCache Behavior ::run [ RunTime:0.000710s ]
INFO: ShowRuntime Behavior ::run [ RunTime:0.000707s ]
INFO: [ view_filter ] --END-- [ RunTime:0.002677s ]
INFO: [ view_end ] --START--
INFO: ShowPageTrace Behavior ::run [ RunTime:0.000903s ]
INFO: [ view_end ] --END-- [ RunTime:0.000994s ]

[ 2014-06-20T13:31:08+08:00 ] 127.0.0.1 /Admin.php?s=/Public/login.html
INFO: [ route_check ] --START--
INFO: CheckRoute Behavior ::run [ RunTime:0.000670s ]
INFO: [ route_check ] --END-- [ RunTime:0.000823s ]
INFO: [ app_begin ] --START--
INFO: ReadHtmlCache Behavior ::run [ RunTime:0.000474s ]
INFO: [ app_begin ] --END-- [ RunTime:0.000549s ]
INFO: [ view_parse ] --START--
INFO: ParseTemplate Behavior ::run [ RunTime:0.005977s ]
INFO: [ view_parse ] --END-- [ RunTime:0.006066s ]
INFO: [ view_filter ] --START--
INFO: ContentReplace Behavior ::run [ RunTime:0.000411s ]
INFO: TokenBuild Behavior ::run [ RunTime:0.000371s ]
INFO: WriteHtmlCache Behavior ::run [ RunTime:0.000263s ]
INFO: ShowRuntime Behavior ::run [ RunTime:0.000446s ]
INFO: [ view_filter ] --END-- [ RunTime:0.001702s ]
INFO: [ view_end ] --START--
INFO: ShowPageTrace Behavior ::run [ RunTime:0.000509s ]
INFO: [ view_end ] --END-- [ RunTime:0.000583s ]

[ 2014-06-20T13:31:08+08:00 ] 127.0.0.1 /Admin.php?s=/Public/verify.html
INFO: [ route_check ] --START--
INFO: CheckRoute Behavior ::run [ RunTime:0.001417s ]
INFO: [ route_check ] --END-- [ RunTime:0.001751s ]
INFO: [ app_begin ] --START--
INFO: ReadHtmlCache Behavior ::run [ RunTime:0.001083s ]
INFO: [ app_begin ] --END-- [ RunTime:0.001276s ]

[ 2014-06-20T13:31:13+08:00 ] 127.0.0.1 /Admin.php?s=/Public/checkLogin.html
INFO: [ route_check ] --START--
INFO: CheckRoute Behavior ::run [ RunTime:0.000788s ]
INFO: [ route_check ] --END-- [ RunTime:0.001055s ]
INFO: [ app_begin ] --START--
INFO: ReadHtmlCache Behavior ::run [ RunTime:0.000731s ]
INFO: [ app_begin ] --END-- [ RunTime:0.000816s ]
SQL: SHOW COLUMNS FROM `hh85_admin` [ RunTime:0.003702s ]
SQL: SELECT * FROM `hh85_admin` WHERE ( `username` = 'admin' ) LIMIT 1   [ RunTime:0.012790s ]
INFO: [ view_parse ] --START--
INFO: ParseTemplate Behavior ::run [ RunTime:0.006686s ]
INFO: [ view_parse ] --END-- [ RunTime:0.006791s ]
INFO: [ view_filter ] --START--
INFO: ContentReplace Behavior ::run [ RunTime:0.000353s ]
INFO: TokenBuild Behavior ::run [ RunTime:0.000372s ]
INFO: WriteHtmlCache Behavior ::run [ RunTime:0.000265s ]
INFO: ShowRuntime Behavior ::run [ RunTime:0.000507s ]
INFO: [ view_filter ] --END-- [ RunTime:0.001729s ]
INFO: [ view_end ] --START--
INFO: ShowPageTrace Behavior ::run [ RunTime:0.000770s ]
INFO: [ view_end ] --END-- [ RunTime:0.000898s ]

[ 2014-06-20T13:31:32+08:00 ] 127.0.0.1 /Admin.php?s=/Public/checkLogin.html
INFO: [ route_check ] --START--
INFO: CheckRoute Behavior ::run [ RunTime:0.001199s ]
INFO: [ route_check ] --END-- [ RunTime:0.001325s ]
INFO: [ app_begin ] --START--
INFO: ReadHtmlCache Behavior ::run [ RunTime:0.000611s ]
INFO: [ app_begin ] --END-- [ RunTime:0.000690s ]
SQL: SHOW COLUMNS FROM `hh85_admin` [ RunTime:0.003087s ]
SQL: SELECT * FROM `hh85_admin` WHERE ( `username` = 'admin' ) LIMIT 1   [ RunTime:0.000299s ]
INFO: [ view_parse ] --START--
INFO: ParseTemplate Behavior ::run [ RunTime:0.012262s ]
INFO: [ view_parse ] --END-- [ RunTime:0.012366s ]
INFO: [ view_filter ] --START--
INFO: ContentReplace Behavior ::run [ RunTime:0.000435s ]
INFO: TokenBuild Behavior ::run [ RunTime:0.000439s ]
INFO: WriteHtmlCache Behavior ::run [ RunTime:0.000332s ]
INFO: ShowRuntime Behavior ::run [ RunTime:0.000504s ]
INFO: [ view_filter ] --END-- [ RunTime:0.001899s ]
INFO: [ view_end ] --START--
INFO: ShowPageTrace Behavior ::run [ RunTime:0.000590s ]
INFO: [ view_end ] --END-- [ RunTime:0.000682s ]

[ 2014-06-20T13:31:47+08:00 ] 127.0.0.1 /Admin.php?s=/Public/checkLogin.html
INFO: [ route_check ] --START--
INFO: CheckRoute Behavior ::run [ RunTime:0.001205s ]
INFO: [ route_check ] --END-- [ RunTime:0.001304s ]
INFO: [ app_begin ] --START--
INFO: ReadHtmlCache Behavior ::run [ RunTime:0.001351s ]
INFO: [ app_begin ] --END-- [ RunTime:0.001456s ]
SQL: SHOW COLUMNS FROM `hh85_admin` [ RunTime:0.005109s ]
SQL: SELECT * FROM `hh85_admin` WHERE ( `username` = 'admin' ) LIMIT 1   [ RunTime:0.000308s ]
NOTIC: [2048] mktime() [<a href='function.mktime'>function.mktime</a>]: You should be using the time() function instead H:\www\zhainali.com\admin\Lib\Action\PublicAction.class.php 第 37 行.
INFO: [ view_parse ] --START--
INFO: ParseTemplate Behavior ::run [ RunTime:0.014185s ]
INFO: [ view_parse ] --END-- [ RunTime:0.014334s ]
INFO: [ view_filter ] --START--
INFO: ContentReplace Behavior ::run [ RunTime:0.002840s ]
INFO: TokenBuild Behavior ::run [ RunTime:0.001833s ]
INFO: WriteHtmlCache Behavior ::run [ RunTime:0.000873s ]
INFO: ShowRuntime Behavior ::run [ RunTime:0.001052s ]
INFO: [ view_filter ] --END-- [ RunTime:0.006945s ]
INFO: [ view_end ] --START--
INFO: ShowPageTrace Behavior ::run [ RunTime:0.001756s ]
INFO: [ view_end ] --END-- [ RunTime:0.001897s ]

[ 2014-06-20T13:31:48+08:00 ] 127.0.0.1 /Admin.php?s=/Index/index.html
INFO: [ route_check ] --START--
INFO: CheckRoute Behavior ::run [ RunTime:0.001168s ]
INFO: [ route_check ] --END-- [ RunTime:0.001255s ]
INFO: [ app_begin ] --START--
INFO: ReadHtmlCache Behavior ::run [ RunTime:0.001001s ]
INFO: [ app_begin ] --END-- [ RunTime:0.001074s ]
INFO: [ view_parse ] --START--
INFO: ParseTemplate Behavior ::run [ RunTime:0.025057s ]
INFO: [ view_parse ] --END-- [ RunTime:0.025170s ]
INFO: [ view_filter ] --START--
INFO: ContentReplace Behavior ::run [ RunTime:0.001078s ]
INFO: TokenBuild Behavior ::run [ RunTime:0.002997s ]
INFO: WriteHtmlCache Behavior ::run [ RunTime:0.001450s ]
INFO: ShowRuntime Behavior ::run [ RunTime:0.001453s ]
INFO: [ view_filter ] --END-- [ RunTime:0.007267s ]
INFO: [ view_end ] --START--
INFO: ShowPageTrace Behavior ::run [ RunTime:0.001469s ]
INFO: [ view_end ] --END-- [ RunTime:0.001567s ]

[ 2014-06-20T13:31:48+08:00 ] 127.0.0.1 /Admin.php?s=/Index/top.html
INFO: [ route_check ] --START--
INFO: CheckRoute Behavior ::run [ RunTime:0.002187s ]
INFO: [ route_check ] --END-- [ RunTime:0.002385s ]
INFO: [ app_begin ] --START--
INFO: ReadHtmlCache Behavior ::run [ RunTime:0.002257s ]
INFO: [ app_begin ] --END-- [ RunTime:0.002452s ]
INFO: [ view_parse ] --START--
INFO: ParseTemplate Behavior ::run [ RunTime:0.041127s ]
INFO: [ view_parse ] --END-- [ RunTime:0.041366s ]
INFO: [ view_filter ] --START--
INFO: ContentReplace Behavior ::run [ RunTime:0.006785s ]
INFO: TokenBuild Behavior ::run [ RunTime:0.002765s ]
INFO: WriteHtmlCache Behavior ::run [ RunTime:0.005204s ]
INFO: ShowRuntime Behavior ::run [ RunTime:0.004265s ]
INFO: [ view_filter ] --END-- [ RunTime:0.020157s ]
INFO: [ view_end ] --START--
INFO: ShowPageTrace Behavior ::run [ RunTime:0.006430s ]
INFO: [ view_end ] --END-- [ RunTime:0.006944s ]

[ 2014-06-20T13:31:48+08:00 ] 127.0.0.1 /Admin.php?s=/Index/menu.html
INFO: [ route_check ] --START--
INFO: CheckRoute Behavior ::run [ RunTime:0.001395s ]
INFO: [ route_check ] --END-- [ RunTime:0.001576s ]
INFO: [ app_begin ] --START--
INFO: ReadHtmlCache Behavior ::run [ RunTime:0.000828s ]
INFO: [ app_begin ] --END-- [ RunTime:0.000963s ]
NOTIC: [8] Constant THEME_NAME already defined H:\www\zhainali.com\Source\Lib\Core\View.class.php 第 223 行.
NOTIC: [8] Constant THEME_PATH already defined H:\www\zhainali.com\Source\Lib\Core\View.class.php 第 174 行.
NOTIC: [8] Constant APP_TMPL_PATH already defined H:\www\zhainali.com\Source\Lib\Core\View.class.php 第 175 行.
INFO: [ view_parse ] --START--
INFO: ParseTemplate Behavior ::run [ RunTime:0.048247s ]
INFO: [ view_parse ] --END-- [ RunTime:0.048474s ]
INFO: [ view_filter ] --START--
INFO: ContentReplace Behavior ::run [ RunTime:0.003755s ]
INFO: TokenBuild Behavior ::run [ RunTime:0.001941s ]
INFO: WriteHtmlCache Behavior ::run [ RunTime:0.002013s ]
INFO: ShowRuntime Behavior ::run [ RunTime:0.000817s ]
INFO: [ view_filter ] --END-- [ RunTime:0.009251s ]
INFO: [ view_end ] --START--
INFO: ShowPageTrace Behavior ::run [ RunTime:0.001009s ]
INFO: [ view_end ] --END-- [ RunTime:0.001138s ]

[ 2014-06-20T13:31:48+08:00 ] 127.0.0.1 /Admin.php?s=/Index/main.html
INFO: [ route_check ] --START--
INFO: CheckRoute Behavior ::run [ RunTime:0.001931s ]
INFO: [ route_check ] --END-- [ RunTime:0.002137s ]
INFO: [ app_begin ] --START--
INFO: ReadHtmlCache Behavior ::run [ RunTime:0.001437s ]
INFO: [ app_begin ] --END-- [ RunTime:0.001622s ]
NOTIC: [8] Undefined variable: quanxian H:\www\zhainali.com\admin\Lib\Action\IndexAction.class.php 第 41 行.
INFO: [ view_parse ] --START--
INFO: ParseTemplate Behavior ::run [ RunTime:0.025388s ]
INFO: [ view_parse ] --END-- [ RunTime:0.025797s ]
INFO: [ view_filter ] --START--
INFO: ContentReplace Behavior ::run [ RunTime:0.000825s ]
INFO: TokenBuild Behavior ::run [ RunTime:0.000879s ]
INFO: WriteHtmlCache Behavior ::run [ RunTime:0.001098s ]
INFO: ShowRuntime Behavior ::run [ RunTime:0.001156s ]
INFO: [ view_filter ] --END-- [ RunTime:0.004524s ]
INFO: [ view_end ] --START--
INFO: ShowPageTrace Behavior ::run [ RunTime:0.002959s ]
INFO: [ view_end ] --END-- [ RunTime:0.003276s ]

[ 2014-06-20T13:31:50+08:00 ] 127.0.0.1 /Admin.php?s=/Index/menu_article.html
INFO: [ route_check ] --START--
INFO: CheckRoute Behavior ::run [ RunTime:0.000629s ]
INFO: [ route_check ] --END-- [ RunTime:0.000730s ]
INFO: [ app_begin ] --START--
INFO: ReadHtmlCache Behavior ::run [ RunTime:0.000477s ]
INFO: [ app_begin ] --END-- [ RunTime:0.000552s ]
INFO: [ view_parse ] --START--
INFO: ParseTemplate Behavior ::run [ RunTime:0.027632s ]
INFO: [ view_parse ] --END-- [ RunTime:0.027731s ]
INFO: [ view_filter ] --START--
INFO: ContentReplace Behavior ::run [ RunTime:0.000432s ]
INFO: TokenBuild Behavior ::run [ RunTime:0.000375s ]
INFO: WriteHtmlCache Behavior ::run [ RunTime:0.000312s ]
INFO: ShowRuntime Behavior ::run [ RunTime:0.000716s ]
INFO: [ view_filter ] --END-- [ RunTime:0.002111s ]
INFO: [ view_end ] --START--
INFO: ShowPageTrace Behavior ::run [ RunTime:0.001508s ]
INFO: [ view_end ] --END-- [ RunTime:0.001693s ]

[ 2014-06-20T13:32:53+08:00 ] 127.0.0.1 /Admin.php?s=/Article/add.html
INFO: [ route_check ] --START--
INFO: CheckRoute Behavior ::run [ RunTime:0.000632s ]
INFO: [ route_check ] --END-- [ RunTime:0.000718s ]
INFO: [ app_begin ] --START--
INFO: ReadHtmlCache Behavior ::run [ RunTime:0.000458s ]
INFO: [ app_begin ] --END-- [ RunTime:0.000529s ]
SQL: SHOW COLUMNS FROM `hh85_category` [ RunTime:0.002956s ]
SQL: SELECT * FROM `hh85_category`  [ RunTime:0.000234s ]
INFO: [ view_parse ] --START--
INFO: ParseTemplate Behavior ::run [ RunTime:0.041868s ]
INFO: [ view_parse ] --END-- [ RunTime:0.041960s ]
INFO: [ view_filter ] --START--
INFO: ContentReplace Behavior ::run [ RunTime:0.000365s ]
INFO: TokenBuild Behavior ::run [ RunTime:0.000361s ]
INFO: WriteHtmlCache Behavior ::run [ RunTime:0.000383s ]
INFO: ShowRuntime Behavior ::run [ RunTime:0.000827s ]
INFO: [ view_filter ] --END-- [ RunTime:0.002253s ]
INFO: [ view_end ] --START--
INFO: ShowPageTrace Behavior ::run [ RunTime:0.001220s ]
INFO: [ view_end ] --END-- [ RunTime:0.001351s ]

[ 2014-06-20T13:32:54+08:00 ] 127.0.0.1 /Admin.php?s=/Category/index.html
INFO: [ route_check ] --START--
INFO: CheckRoute Behavior ::run [ RunTime:0.001163s ]
INFO: [ route_check ] --END-- [ RunTime:0.001254s ]
INFO: [ app_begin ] --START--
INFO: ReadHtmlCache Behavior ::run [ RunTime:0.001059s ]
INFO: [ app_begin ] --END-- [ RunTime:0.001132s ]
SQL: SHOW COLUMNS FROM `hh85_category` [ RunTime:0.020215s ]
SQL: SELECT * FROM `hh85_category`  [ RunTime:0.000510s ]
INFO: [ view_parse ] --START--
INFO: ParseTemplate Behavior ::run [ RunTime:0.046059s ]
INFO: [ view_parse ] --END-- [ RunTime:0.046206s ]
INFO: [ view_filter ] --START--
INFO: ContentReplace Behavior ::run [ RunTime:0.001821s ]
INFO: TokenBuild Behavior ::run [ RunTime:0.002014s ]
INFO: WriteHtmlCache Behavior ::run [ RunTime:0.001387s ]
INFO: ShowRuntime Behavior ::run [ RunTime:0.002272s ]
INFO: [ view_filter ] --END-- [ RunTime:0.007888s ]
INFO: [ view_end ] --START--
INFO: ShowPageTrace Behavior ::run [ RunTime:0.001721s ]
INFO: [ view_end ] --END-- [ RunTime:0.001811s ]

[ 2014-06-20T13:32:55+08:00 ] 127.0.0.1 /Admin.php?s=/Article/index.html
INFO: [ route_check ] --START--
INFO: CheckRoute Behavior ::run [ RunTime:0.000618s ]
INFO: [ route_check ] --END-- [ RunTime:0.000706s ]
INFO: [ app_begin ] --START--
INFO: ReadHtmlCache Behavior ::run [ RunTime:0.000492s ]
INFO: [ app_begin ] --END-- [ RunTime:0.000564s ]
SQL: SHOW COLUMNS FROM `hh85_article` [ RunTime:0.003120s ]
SQL: SELECT COUNT(*) AS tp_count FROM `hh85_article` LIMIT 1   [ RunTime:0.000451s ]
SQL: SELECT * FROM `hh85_article` ORDER BY createtime DESC LIMIT 0,20   [ RunTime:0.000197s ]
INFO: [ view_parse ] --START--
INFO: ParseTemplate Behavior ::run [ RunTime:0.019295s ]
INFO: [ view_parse ] --END-- [ RunTime:0.019428s ]
INFO: [ view_filter ] --START--
INFO: ContentReplace Behavior ::run [ RunTime:0.001401s ]
INFO: TokenBuild Behavior ::run [ RunTime:0.001377s ]
INFO: WriteHtmlCache Behavior ::run [ RunTime:0.000612s ]
INFO: ShowRuntime Behavior ::run [ RunTime:0.000445s ]
INFO: [ view_filter ] --END-- [ RunTime:0.004295s ]
INFO: [ view_end ] --START--
INFO: ShowPageTrace Behavior ::run [ RunTime:0.000497s ]
INFO: [ view_end ] --END-- [ RunTime:0.000564s ]

[ 2014-06-20T13:32:55+08:00 ] 127.0.0.1 /Admin.php?s=/Company/add.html
INFO: [ route_check ] --START--
INFO: CheckRoute Behavior ::run [ RunTime:0.000636s ]
INFO: [ route_check ] --END-- [ RunTime:0.000720s ]
INFO: [ app_begin ] --START--
INFO: ReadHtmlCache Behavior ::run [ RunTime:0.000456s ]
INFO: [ app_begin ] --END-- [ RunTime:0.000526s ]
SQL: SHOW COLUMNS FROM `hh85_category` [ RunTime:0.002595s ]
SQL: SELECT * FROM `hh85_category`  [ RunTime:0.000512s ]
INFO: [ view_parse ] --START--
NOTIC: [8] Undefined variable: li H:\www\zhainali.com\admin\Runtime\Cache\4b9ce412065af854b257d8c4ee15f068.php 第 74 行.
NOTIC: [8] Undefined variable: li H:\www\zhainali.com\admin\Runtime\Cache\4b9ce412065af854b257d8c4ee15f068.php 第 78 行.
INFO: ParseTemplate Behavior ::run [ RunTime:0.009830s ]
INFO: [ view_parse ] --END-- [ RunTime:0.009919s ]
INFO: [ view_filter ] --START--
INFO: ContentReplace Behavior ::run [ RunTime:0.000497s ]
INFO: TokenBuild Behavior ::run [ RunTime:0.000563s ]
INFO: WriteHtmlCache Behavior ::run [ RunTime:0.000324s ]
INFO: ShowRuntime Behavior ::run [ RunTime:0.000429s ]
INFO: [ view_filter ] --END-- [ RunTime:0.002061s ]
INFO: [ view_end ] --START--
INFO: ShowPageTrace Behavior ::run [ RunTime:0.000973s ]
INFO: [ view_end ] --END-- [ RunTime:0.001073s ]

[ 2014-06-20T13:32:56+08:00 ] 127.0.0.1 /Admin.php?s=/Category/index.html
INFO: [ route_check ] --START--
INFO: CheckRoute Behavior ::run [ RunTime:0.003952s ]
INFO: [ route_check ] --END-- [ RunTime:0.004141s ]
INFO: [ app_begin ] --START--
INFO: ReadHtmlCache Behavior ::run [ RunTime:0.001226s ]
INFO: [ app_begin ] --END-- [ RunTime:0.001330s ]
SQL: SHOW COLUMNS FROM `hh85_category` [ RunTime:0.003905s ]
SQL: SELECT * FROM `hh85_category`  [ RunTime:0.000364s ]
INFO: [ view_parse ] --START--
INFO: ParseTemplate Behavior ::run [ RunTime:0.025531s ]
INFO: [ view_parse ] --END-- [ RunTime:0.025663s ]
INFO: [ view_filter ] --START--
INFO: ContentReplace Behavior ::run [ RunTime:0.001120s ]
INFO: TokenBuild Behavior ::run [ RunTime:0.000924s ]
INFO: WriteHtmlCache Behavior ::run [ RunTime:0.000881s ]
INFO: ShowRuntime Behavior ::run [ RunTime:0.001576s ]
INFO: [ view_filter ] --END-- [ RunTime:0.004759s ]
INFO: [ view_end ] --START--
INFO: ShowPageTrace Behavior ::run [ RunTime:0.001498s ]
INFO: [ view_end ] --END-- [ RunTime:0.001593s ]

[ 2014-06-20T13:32:57+08:00 ] 127.0.0.1 /Admin.php?s=/Company/index.html
INFO: [ route_check ] --START--
INFO: CheckRoute Behavior ::run [ RunTime:0.001080s ]
INFO: [ route_check ] --END-- [ RunTime:0.001230s ]
INFO: [ app_begin ] --START--
INFO: ReadHtmlCache Behavior ::run [ RunTime:0.000725s ]
INFO: [ app_begin ] --END-- [ RunTime:0.000851s ]
SQL: SHOW COLUMNS FROM `hh85_company` [ RunTime:0.003056s ]
SQL: SELECT COUNT(*) AS tp_count FROM `hh85_company` LIMIT 1   [ RunTime:0.000394s ]
SQL: SELECT * FROM `hh85_company` ORDER BY createtime DESC LIMIT 0,20   [ RunTime:0.022473s ]
INFO: [ view_parse ] --START--
NOTIC: [8] Undefined index: status H:\www\zhainali.com\admin\Runtime\Cache\ce6cb68b3efd615f33536ac1c9ea3abb.php 第 275 行.
NOTIC: [8] Undefined index: status H:\www\zhainali.com\admin\Runtime\Cache\ce6cb68b3efd615f33536ac1c9ea3abb.php 第 275 行.
NOTIC: [8] Undefined index: status H:\www\zhainali.com\admin\Runtime\Cache\ce6cb68b3efd615f33536ac1c9ea3abb.php 第 275 行.
NOTIC: [8] Undefined index: status H:\www\zhainali.com\admin\Runtime\Cache\ce6cb68b3efd615f33536ac1c9ea3abb.php 第 275 行.
NOTIC: [8] Undefined index: status H:\www\zhainali.com\admin\Runtime\Cache\ce6cb68b3efd615f33536ac1c9ea3abb.php 第 275 行.
INFO: ParseTemplate Behavior ::run [ RunTime:0.018898s ]
INFO: [ view_parse ] --END-- [ RunTime:0.018983s ]
INFO: [ view_filter ] --START--
INFO: ContentReplace Behavior ::run [ RunTime:0.000468s ]
INFO: TokenBuild Behavior ::run [ RunTime:0.000377s ]
INFO: WriteHtmlCache Behavior ::run [ RunTime:0.000328s ]
INFO: ShowRuntime Behavior ::run [ RunTime:0.000609s ]
INFO: [ view_filter ] --END-- [ RunTime:0.002023s ]
INFO: [ view_end ] --START--
INFO: ShowPageTrace Behavior ::run [ RunTime:0.000680s ]
INFO: [ view_end ] --END-- [ RunTime:0.000756s ]

[ 2014-06-20T13:32:59+08:00 ] 127.0.0.1 /Admin.php?s=/Case/add.html
INFO: [ route_check ] --START--
INFO: CheckRoute Behavior ::run [ RunTime:0.001258s ]
INFO: [ route_check ] --END-- [ RunTime:0.001348s ]
INFO: [ app_begin ] --START--
INFO: ReadHtmlCache Behavior ::run [ RunTime:0.000639s ]
INFO: [ app_begin ] --END-- [ RunTime:0.000714s ]
SQL: SHOW COLUMNS FROM `hh85_case_category` [ RunTime:0.003143s ]
ERR: 1146:Table 'zhainali.hh85_case_category' doesn't exist
 [ SQL语句 ] : SHOW COLUMNS FROM `hh85_case_category`
SQL: SELECT * FROM `hh85_case_category`  [ RunTime:0.000454s ]
ERR: 1146:Table 'zhainali.hh85_case_category' doesn't exist
 [ SQL语句 ] : SELECT * FROM `hh85_case_category` 
INFO: [ view_parse ] --START--
INFO: ParseTemplate Behavior ::run [ RunTime:0.031706s ]
INFO: [ view_parse ] --END-- [ RunTime:0.031973s ]
INFO: [ view_filter ] --START--
INFO: ContentReplace Behavior ::run [ RunTime:0.001531s ]
INFO: TokenBuild Behavior ::run [ RunTime:0.000862s ]
INFO: WriteHtmlCache Behavior ::run [ RunTime:0.000345s ]
INFO: ShowRuntime Behavior ::run [ RunTime:0.000503s ]
INFO: [ view_filter ] --END-- [ RunTime:0.003527s ]
INFO: [ view_end ] --START--
INFO: ShowPageTrace Behavior ::run [ RunTime:0.000846s ]
INFO: [ view_end ] --END-- [ RunTime:0.000945s ]

[ 2014-06-20T13:33:01+08:00 ] 127.0.0.1 /Admin.php?s=/Company/index.html
INFO: [ route_check ] --START--
INFO: CheckRoute Behavior ::run [ RunTime:0.000751s ]
INFO: [ route_check ] --END-- [ RunTime:0.000850s ]
INFO: [ app_begin ] --START--
INFO: ReadHtmlCache Behavior ::run [ RunTime:0.000603s ]
INFO: [ app_begin ] --END-- [ RunTime:0.000686s ]
SQL: SHOW COLUMNS FROM `hh85_company` [ RunTime:0.002571s ]
SQL: SELECT COUNT(*) AS tp_count FROM `hh85_company` LIMIT 1   [ RunTime:0.000381s ]
SQL: SELECT * FROM `hh85_company` ORDER BY createtime DESC LIMIT 0,20   [ RunTime:0.000473s ]
INFO: [ view_parse ] --START--
NOTIC: [8] Undefined index: status H:\www\zhainali.com\admin\Runtime\Cache\ce6cb68b3efd615f33536ac1c9ea3abb.php 第 275 行.
NOTIC: [8] Undefined index: status H:\www\zhainali.com\admin\Runtime\Cache\ce6cb68b3efd615f33536ac1c9ea3abb.php 第 275 行.
NOTIC: [8] Undefined index: status H:\www\zhainali.com\admin\Runtime\Cache\ce6cb68b3efd615f33536ac1c9ea3abb.php 第 275 行.
NOTIC: [8] Undefined index: status H:\www\zhainali.com\admin\Runtime\Cache\ce6cb68b3efd615f33536ac1c9ea3abb.php 第 275 行.
NOTIC: [8] Undefined index: status H:\www\zhainali.com\admin\Runtime\Cache\ce6cb68b3efd615f33536ac1c9ea3abb.php 第 275 行.
INFO: ParseTemplate Behavior ::run [ RunTime:0.012091s ]
INFO: [ view_parse ] --END-- [ RunTime:0.012226s ]
INFO: [ view_filter ] --START--
INFO: ContentReplace Behavior ::run [ RunTime:0.000647s ]
INFO: TokenBuild Behavior ::run [ RunTime:0.000510s ]
INFO: WriteHtmlCache Behavior ::run [ RunTime:0.000580s ]
INFO: ShowRuntime Behavior ::run [ RunTime:0.000746s ]
INFO: [ view_filter ] --END-- [ RunTime:0.002777s ]
INFO: [ view_end ] --START--
INFO: ShowPageTrace Behavior ::run [ RunTime:0.000803s ]
INFO: [ view_end ] --END-- [ RunTime:0.000918s ]

[ 2014-06-20T13:37:52+08:00 ] 127.0.0.1 /Admin.php?s=/Index/menu.html
INFO: [ route_check ] --START--
INFO: CheckRoute Behavior ::run [ RunTime:0.000856s ]
INFO: [ route_check ] --END-- [ RunTime:0.000952s ]
INFO: [ app_begin ] --START--
INFO: ReadHtmlCache Behavior ::run [ RunTime:0.000528s ]
INFO: [ app_begin ] --END-- [ RunTime:0.000602s ]
NOTIC: [8] Constant THEME_NAME already defined H:\www\zhainali.com\Source\Lib\Core\View.class.php 第 223 行.
NOTIC: [8] Constant THEME_PATH already defined H:\www\zhainali.com\Source\Lib\Core\View.class.php 第 174 行.
NOTIC: [8] Constant APP_TMPL_PATH already defined H:\www\zhainali.com\Source\Lib\Core\View.class.php 第 175 行.
INFO: [ view_parse ] --START--
INFO: ParseTemplate Behavior ::run [ RunTime:0.013891s ]
INFO: [ view_parse ] --END-- [ RunTime:0.013998s ]
INFO: [ view_filter ] --START--
INFO: ContentReplace Behavior ::run [ RunTime:0.000496s ]
INFO: TokenBuild Behavior ::run [ RunTime:0.000444s ]
INFO: WriteHtmlCache Behavior ::run [ RunTime:0.000329s ]
INFO: ShowRuntime Behavior ::run [ RunTime:0.000506s ]
INFO: [ view_filter ] --END-- [ RunTime:0.001983s ]
INFO: [ view_end ] --START--
INFO: ShowPageTrace Behavior ::run [ RunTime:0.000564s ]
INFO: [ view_end ] --END-- [ RunTime:0.000659s ]

[ 2014-06-20T13:37:53+08:00 ] 127.0.0.1 /Admin.php?s=/Index/menu_article.html
INFO: [ route_check ] --START--
INFO: CheckRoute Behavior ::run [ RunTime:0.000632s ]
INFO: [ route_check ] --END-- [ RunTime:0.000717s ]
INFO: [ app_begin ] --START--
INFO: ReadHtmlCache Behavior ::run [ RunTime:0.000465s ]
INFO: [ app_begin ] --END-- [ RunTime:0.000591s ]
INFO: [ view_parse ] --START--
INFO: ParseTemplate Behavior ::run [ RunTime:0.008076s ]
INFO: [ view_parse ] --END-- [ RunTime:0.008337s ]
INFO: [ view_filter ] --START--
INFO: ContentReplace Behavior ::run [ RunTime:0.001807s ]
INFO: TokenBuild Behavior ::run [ RunTime:0.000689s ]
INFO: WriteHtmlCache Behavior ::run [ RunTime:0.000380s ]
INFO: ShowRuntime Behavior ::run [ RunTime:0.000523s ]
INFO: [ view_filter ] --END-- [ RunTime:0.003760s ]
INFO: [ view_end ] --START--
INFO: ShowPageTrace Behavior ::run [ RunTime:0.000708s ]
INFO: [ view_end ] --END-- [ RunTime:0.000812s ]

[ 2014-06-20T13:37:53+08:00 ] 127.0.0.1 /Admin.php?s=/Index/main.html
INFO: [ route_check ] --START--
INFO: CheckRoute Behavior ::run [ RunTime:0.000612s ]
INFO: [ route_check ] --END-- [ RunTime:0.000697s ]
INFO: [ app_begin ] --START--
INFO: ReadHtmlCache Behavior ::run [ RunTime:0.000463s ]
INFO: [ app_begin ] --END-- [ RunTime:0.000533s ]
NOTIC: [8] Undefined variable: quanxian H:\www\zhainali.com\admin\Lib\Action\IndexAction.class.php 第 41 行.
INFO: [ view_parse ] --START--
INFO: ParseTemplate Behavior ::run [ RunTime:0.009557s ]
INFO: [ view_parse ] --END-- [ RunTime:0.009766s ]
INFO: [ view_filter ] --START--
INFO: ContentReplace Behavior ::run [ RunTime:0.000721s ]
INFO: TokenBuild Behavior ::run [ RunTime:0.000596s ]
INFO: WriteHtmlCache Behavior ::run [ RunTime:0.000405s ]
INFO: ShowRuntime Behavior ::run [ RunTime:0.000810s ]
INFO: [ view_filter ] --END-- [ RunTime:0.002912s ]
INFO: [ view_end ] --START--
INFO: ShowPageTrace Behavior ::run [ RunTime:0.001022s ]
INFO: [ view_end ] --END-- [ RunTime:0.001143s ]

[ 2014-06-20T13:38:13+08:00 ] 127.0.0.1 /Admin.php?s=/Index/menu_article.html
INFO: [ route_check ] --START--
INFO: CheckRoute Behavior ::run [ RunTime:0.001111s ]
INFO: [ route_check ] --END-- [ RunTime:0.001295s ]
INFO: [ app_begin ] --START--
INFO: ReadHtmlCache Behavior ::run [ RunTime:0.000831s ]
INFO: [ app_begin ] --END-- [ RunTime:0.000966s ]
INFO: [ view_parse ] --START--
INFO: ParseTemplate Behavior ::run [ RunTime:0.010518s ]
INFO: [ view_parse ] --END-- [ RunTime:0.010630s ]
INFO: [ view_filter ] --START--
INFO: ContentReplace Behavior ::run [ RunTime:0.000487s ]
INFO: TokenBuild Behavior ::run [ RunTime:0.000373s ]
INFO: WriteHtmlCache Behavior ::run [ RunTime:0.000262s ]
INFO: ShowRuntime Behavior ::run [ RunTime:0.000426s ]
INFO: [ view_filter ] --END-- [ RunTime:0.001751s ]
INFO: [ view_end ] --START--
INFO: ShowPageTrace Behavior ::run [ RunTime:0.000501s ]
INFO: [ view_end ] --END-- [ RunTime:0.000569s ]

[ 2014-06-20T13:38:30+08:00 ] 127.0.0.1 /Admin.php?s=/Article/add.html
INFO: [ route_check ] --START--
INFO: CheckRoute Behavior ::run [ RunTime:0.000636s ]
INFO: [ route_check ] --END-- [ RunTime:0.000726s ]
INFO: [ app_begin ] --START--
INFO: ReadHtmlCache Behavior ::run [ RunTime:0.000478s ]
INFO: [ app_begin ] --END-- [ RunTime:0.000666s ]
SQL: SHOW COLUMNS FROM `hh85_category` [ RunTime:0.002889s ]
SQL: SELECT * FROM `hh85_category`  [ RunTime:0.000432s ]
INFO: [ view_parse ] --START--
INFO: ParseTemplate Behavior ::run [ RunTime:0.013565s ]
INFO: [ view_parse ] --END-- [ RunTime:0.013699s ]
INFO: [ view_filter ] --START--
INFO: ContentReplace Behavior ::run [ RunTime:0.000433s ]
INFO: TokenBuild Behavior ::run [ RunTime:0.000546s ]
INFO: WriteHtmlCache Behavior ::run [ RunTime:0.000310s ]
INFO: ShowRuntime Behavior ::run [ RunTime:0.000445s ]
INFO: [ view_filter ] --END-- [ RunTime:0.001965s ]
INFO: [ view_end ] --START--
INFO: ShowPageTrace Behavior ::run [ RunTime:0.000500s ]
INFO: [ view_end ] --END-- [ RunTime:0.000570s ]

[ 2014-06-20T13:38:31+08:00 ] 127.0.0.1 /Admin.php?s=/Category/index.html
INFO: [ route_check ] --START--
INFO: CheckRoute Behavior ::run [ RunTime:0.000943s ]
INFO: [ route_check ] --END-- [ RunTime:0.001034s ]
INFO: [ app_begin ] --START--
INFO: ReadHtmlCache Behavior ::run [ RunTime:0.000879s ]
INFO: [ app_begin ] --END-- [ RunTime:0.000981s ]
SQL: SHOW COLUMNS FROM `hh85_category` [ RunTime:0.002851s ]
SQL: SELECT * FROM `hh85_category`  [ RunTime:0.000321s ]
INFO: [ view_parse ] --START--
INFO: ParseTemplate Behavior ::run [ RunTime:0.013298s ]
INFO: [ view_parse ] --END-- [ RunTime:0.013462s ]
INFO: [ view_filter ] --START--
INFO: ContentReplace Behavior ::run [ RunTime:0.001204s ]
INFO: TokenBuild Behavior ::run [ RunTime:0.000900s ]
INFO: WriteHtmlCache Behavior ::run [ RunTime:0.000553s ]
INFO: ShowRuntime Behavior ::run [ RunTime:0.000573s ]
INFO: [ view_filter ] --END-- [ RunTime:0.003541s ]
INFO: [ view_end ] --START--
INFO: ShowPageTrace Behavior ::run [ RunTime:0.000619s ]
INFO: [ view_end ] --END-- [ RunTime:0.000689s ]

[ 2014-06-20T13:38:32+08:00 ] 127.0.0.1 /Admin.php?s=/Article/index.html
INFO: [ route_check ] --START--
INFO: CheckRoute Behavior ::run [ RunTime:0.000876s ]
INFO: [ route_check ] --END-- [ RunTime:0.000997s ]
INFO: [ app_begin ] --START--
INFO: ReadHtmlCache Behavior ::run [ RunTime:0.000604s ]
INFO: [ app_begin ] --END-- [ RunTime:0.000689s ]
SQL: SHOW COLUMNS FROM `hh85_article` [ RunTime:0.004890s ]
SQL: SELECT COUNT(*) AS tp_count FROM `hh85_article` LIMIT 1   [ RunTime:0.000249s ]
SQL: SELECT * FROM `hh85_article` ORDER BY createtime DESC LIMIT 0,20   [ RunTime:0.000207s ]
INFO: [ view_parse ] --START--
INFO: ParseTemplate Behavior ::run [ RunTime:0.012833s ]
INFO: [ view_parse ] --END-- [ RunTime:0.013009s ]
INFO: [ view_filter ] --START--
INFO: ContentReplace Behavior ::run [ RunTime:0.000565s ]
INFO: TokenBuild Behavior ::run [ RunTime:0.000481s ]
INFO: WriteHtmlCache Behavior ::run [ RunTime:0.000392s ]
INFO: ShowRuntime Behavior ::run [ RunTime:0.000787s ]
INFO: [ view_filter ] --END-- [ RunTime:0.002465s ]
INFO: [ view_end ] --START--
INFO: ShowPageTrace Behavior ::run [ RunTime:0.000894s ]
INFO: [ view_end ] --END-- [ RunTime:0.001000s ]

[ 2014-06-20T13:38:44+08:00 ] 127.0.0.1 /Admin.php?s=/CaseCategory/index.html
INFO: [ route_check ] --START--
INFO: CheckRoute Behavior ::run [ RunTime:0.000793s ]
INFO: [ route_check ] --END-- [ RunTime:0.000885s ]
INFO: [ app_begin ] --START--
INFO: ReadHtmlCache Behavior ::run [ RunTime:0.000523s ]
INFO: [ app_begin ] --END-- [ RunTime:0.000595s ]
ERR: 无法加载模块:CaseCategory

[ 2014-06-20T13:38:47+08:00 ] 127.0.0.1 /Admin.php?s=/Category/index.html
INFO: [ route_check ] --START--
INFO: CheckRoute Behavior ::run [ RunTime:0.000613s ]
INFO: [ route_check ] --END-- [ RunTime:0.000697s ]
INFO: [ app_begin ] --START--
INFO: ReadHtmlCache Behavior ::run [ RunTime:0.000722s ]
INFO: [ app_begin ] --END-- [ RunTime:0.000842s ]
SQL: SHOW COLUMNS FROM `hh85_category` [ RunTime:0.003761s ]
SQL: SELECT * FROM `hh85_category`  [ RunTime:0.000234s ]
INFO: [ view_parse ] --START--
INFO: ParseTemplate Behavior ::run [ RunTime:0.014765s ]
INFO: [ view_parse ] --END-- [ RunTime:0.014912s ]
INFO: [ view_filter ] --START--
INFO: ContentReplace Behavior ::run [ RunTime:0.000897s ]
INFO: TokenBuild Behavior ::run [ RunTime:0.000684s ]
INFO: WriteHtmlCache Behavior ::run [ RunTime:0.000493s ]
INFO: ShowRuntime Behavior ::run [ RunTime:0.000899s ]
INFO: [ view_filter ] --END-- [ RunTime:0.003342s ]
INFO: [ view_end ] --START--
INFO: ShowPageTrace Behavior ::run [ RunTime:0.002955s ]
INFO: [ view_end ] --END-- [ RunTime:0.003079s ]

[ 2014-06-20T13:39:19+08:00 ] 127.0.0.1 /Admin.php?s=/Index/menu_article.html
INFO: [ route_check ] --START--
INFO: CheckRoute Behavior ::run [ RunTime:0.001511s ]
INFO: [ route_check ] --END-- [ RunTime:0.001653s ]
INFO: [ app_begin ] --START--
INFO: ReadHtmlCache Behavior ::run [ RunTime:0.001711s ]
INFO: [ app_begin ] --END-- [ RunTime:0.001884s ]
INFO: [ view_parse ] --START--
INFO: ParseTemplate Behavior ::run [ RunTime:0.011100s ]
INFO: [ view_parse ] --END-- [ RunTime:0.012273s ]
INFO: [ view_filter ] --START--
INFO: ContentReplace Behavior ::run [ RunTime:0.001723s ]
INFO: TokenBuild Behavior ::run [ RunTime:0.000592s ]
INFO: WriteHtmlCache Behavior ::run [ RunTime:0.000407s ]
INFO: ShowRuntime Behavior ::run [ RunTime:0.000452s ]
INFO: [ view_filter ] --END-- [ RunTime:0.003612s ]
INFO: [ view_end ] --START--
INFO: ShowPageTrace Behavior ::run [ RunTime:0.000505s ]
INFO: [ view_end ] --END-- [ RunTime:0.000577s ]

[ 2014-06-20T13:39:20+08:00 ] 127.0.0.1 /Admin.php?s=/Info/index.html
INFO: [ route_check ] --START--
INFO: CheckRoute Behavior ::run [ RunTime:0.000624s ]
INFO: [ route_check ] --END-- [ RunTime:0.000715s ]
INFO: [ app_begin ] --START--
INFO: ReadHtmlCache Behavior ::run [ RunTime:0.000457s ]
INFO: [ app_begin ] --END-- [ RunTime:0.000530s ]
ERR: 无法加载模块:Info

[ 2014-06-20T13:43:27+08:00 ] 127.0.0.1 /Admin.php?s=/Index/menu_article.html
INFO: [ route_check ] --START--
INFO: CheckRoute Behavior ::run [ RunTime:0.001146s ]
INFO: [ route_check ] --END-- [ RunTime:0.001285s ]
INFO: [ app_begin ] --START--
INFO: ReadHtmlCache Behavior ::run [ RunTime:0.000660s ]
INFO: [ app_begin ] --END-- [ RunTime:0.000962s ]
INFO: [ view_parse ] --START--
INFO: ParseTemplate Behavior ::run [ RunTime:0.010666s ]
INFO: [ view_parse ] --END-- [ RunTime:0.010820s ]
INFO: [ view_filter ] --START--
INFO: ContentReplace Behavior ::run [ RunTime:0.001216s ]
INFO: TokenBuild Behavior ::run [ RunTime:0.001196s ]
INFO: WriteHtmlCache Behavior ::run [ RunTime:0.000437s ]
INFO: ShowRuntime Behavior ::run [ RunTime:0.000517s ]
INFO: [ view_filter ] --END-- [ RunTime:0.003710s ]
INFO: [ view_end ] --START--
INFO: ShowPageTrace Behavior ::run [ RunTime:0.000571s ]
INFO: [ view_end ] --END-- [ RunTime:0.000640s ]

[ 2014-06-20T13:43:55+08:00 ] 127.0.0.1 /Admin.php?s=/Menu/index.html
INFO: [ route_check ] --START--
INFO: CheckRoute Behavior ::run [ RunTime:0.000627s ]
INFO: [ route_check ] --END-- [ RunTime:0.000750s ]
INFO: [ app_begin ] --START--
INFO: ReadHtmlCache Behavior ::run [ RunTime:0.000460s ]
INFO: [ app_begin ] --END-- [ RunTime:0.000532s ]
SQL: SHOW COLUMNS FROM `hh85_menu` [ RunTime:0.002678s ]
SQL: SELECT * FROM `hh85_menu`  [ RunTime:0.000228s ]
INFO: [ view_parse ] --START--
INFO: ParseTemplate Behavior ::run [ RunTime:0.025732s ]
INFO: [ view_parse ] --END-- [ RunTime:0.025878s ]
INFO: [ view_filter ] --START--
INFO: ContentReplace Behavior ::run [ RunTime:0.000613s ]
INFO: TokenBuild Behavior ::run [ RunTime:0.000443s ]
INFO: WriteHtmlCache Behavior ::run [ RunTime:0.000318s ]
INFO: ShowRuntime Behavior ::run [ RunTime:0.000550s ]
INFO: [ view_filter ] --END-- [ RunTime:0.002160s ]
INFO: [ view_end ] --START--
INFO: ShowPageTrace Behavior ::run [ RunTime:0.000512s ]
INFO: [ view_end ] --END-- [ RunTime:0.000581s ]

[ 2014-06-20T13:43:57+08:00 ] 127.0.0.1 /Admin.php?s=/Info/index.html
INFO: [ route_check ] --START--
INFO: CheckRoute Behavior ::run [ RunTime:0.000782s ]
INFO: [ route_check ] --END-- [ RunTime:0.000874s ]
INFO: [ app_begin ] --START--
INFO: ReadHtmlCache Behavior ::run [ RunTime:0.000521s ]
INFO: [ app_begin ] --END-- [ RunTime:0.000596s ]
SQL: SHOW COLUMNS FROM `hh85_article` [ RunTime:0.004099s ]
SQL: SELECT COUNT(*) AS tp_count FROM `hh85_article` LIMIT 1   [ RunTime:0.000338s ]
SQL: SELECT * FROM `hh85_article` ORDER BY createtime DESC LIMIT 0,20   [ RunTime:0.000215s ]
ERR: 模板不存在[./admin/Tpl/Info/index.html]

[ 2014-06-20T13:45:04+08:00 ] 127.0.0.1 /Admin.php?s=/Info/index.html
INFO: [ route_check ] --START--
INFO: CheckRoute Behavior ::run [ RunTime:0.002087s ]
INFO: [ route_check ] --END-- [ RunTime:0.002364s ]
INFO: [ app_begin ] --START--
INFO: ReadHtmlCache Behavior ::run [ RunTime:0.001341s ]
INFO: [ app_begin ] --END-- [ RunTime:0.001601s ]
SQL: SHOW COLUMNS FROM `hh85_article` [ RunTime:0.003609s ]
SQL: SELECT COUNT(*) AS tp_count FROM `hh85_article` LIMIT 1   [ RunTime:0.000301s ]
SQL: SELECT * FROM `hh85_article` ORDER BY createtime DESC LIMIT 0,20   [ RunTime:0.000394s ]
INFO: [ view_parse ] --START--
INFO: ParseTemplate Behavior ::run [ RunTime:0.013552s ]
INFO: [ view_parse ] --END-- [ RunTime:0.013680s ]
INFO: [ view_filter ] --START--
INFO: ContentReplace Behavior ::run [ RunTime:0.000478s ]
INFO: TokenBuild Behavior ::run [ RunTime:0.000649s ]
INFO: WriteHtmlCache Behavior ::run [ RunTime:0.000551s ]
INFO: ShowRuntime Behavior ::run [ RunTime:0.000608s ]
INFO: [ view_filter ] --END-- [ RunTime:0.002612s ]
INFO: [ view_end ] --START--
INFO: ShowPageTrace Behavior ::run [ RunTime:0.000745s ]
INFO: [ view_end ] --END-- [ RunTime:0.000833s ]

[ 2014-06-20T13:45:43+08:00 ] 127.0.0.1 /Admin.php?s=/Info/index.html
INFO: [ route_check ] --START--
INFO: CheckRoute Behavior ::run [ RunTime:0.000767s ]
INFO: [ route_check ] --END-- [ RunTime:0.000856s ]
INFO: [ app_begin ] --START--
INFO: ReadHtmlCache Behavior ::run [ RunTime:0.000522s ]
INFO: [ app_begin ] --END-- [ RunTime:0.000594s ]
SQL: SHOW COLUMNS FROM `hh85_info` [ RunTime:0.003018s ]
SQL: SELECT COUNT(*) AS tp_count FROM `hh85_info` LIMIT 1   [ RunTime:0.000176s ]
SQL: SELECT * FROM `hh85_info` ORDER BY createtime DESC LIMIT 0,20   [ RunTime:0.000265s ]
INFO: [ view_parse ] --START--
NOTIC: [8] Undefined index: title H:\www\zhainali.com\admin\Runtime\Cache\887d76738c336d3426613ae3ce31889b.php 第 263 行.
NOTIC: [8] Undefined index: title H:\www\zhainali.com\admin\Runtime\Cache\887d76738c336d3426613ae3ce31889b.php 第 263 行.
NOTIC: [8] Undefined index: title H:\www\zhainali.com\admin\Runtime\Cache\887d76738c336d3426613ae3ce31889b.php 第 263 行.
INFO: ParseTemplate Behavior ::run [ RunTime:0.013603s ]
INFO: [ view_parse ] --END-- [ RunTime:0.013753s ]
INFO: [ view_filter ] --START--
INFO: ContentReplace Behavior ::run [ RunTime:0.001016s ]
INFO: TokenBuild Behavior ::run [ RunTime:0.000927s ]
INFO: WriteHtmlCache Behavior ::run [ RunTime:0.000349s ]
INFO: ShowRuntime Behavior ::run [ RunTime:0.000778s ]
INFO: [ view_filter ] --END-- [ RunTime:0.003366s ]
INFO: [ view_end ] --START--
INFO: ShowPageTrace Behavior ::run [ RunTime:0.001091s ]
INFO: [ view_end ] --END-- [ RunTime:0.001221s ]

[ 2014-06-20T13:46:27+08:00 ] 127.0.0.1 /Admin.php?s=/Info/index.html
INFO: [ route_check ] --START--
INFO: CheckRoute Behavior ::run [ RunTime:0.001858s ]
INFO: [ route_check ] --END-- [ RunTime:0.001997s ]
INFO: [ app_begin ] --START--
INFO: ReadHtmlCache Behavior ::run [ RunTime:0.001309s ]
INFO: [ app_begin ] --END-- [ RunTime:0.001400s ]
SQL: SHOW COLUMNS FROM `hh85_info` [ RunTime:0.004426s ]
SQL: SELECT COUNT(*) AS tp_count FROM `hh85_info` LIMIT 1   [ RunTime:0.000264s ]
SQL: SELECT * FROM `hh85_info` ORDER BY createtime DESC LIMIT 0,20   [ RunTime:0.000481s ]
INFO: [ view_parse ] --START--
INFO: ParseTemplate Behavior ::run [ RunTime:0.011456s ]
INFO: [ view_parse ] --END-- [ RunTime:0.011650s ]
INFO: [ view_filter ] --START--
INFO: ContentReplace Behavior ::run [ RunTime:0.000780s ]
INFO: TokenBuild Behavior ::run [ RunTime:0.000744s ]
INFO: WriteHtmlCache Behavior ::run [ RunTime:0.000865s ]
INFO: ShowRuntime Behavior ::run [ RunTime:0.001626s ]
INFO: [ view_filter ] --END-- [ RunTime:0.004298s ]
INFO: [ view_end ] --START--
INFO: ShowPageTrace Behavior ::run [ RunTime:0.001915s ]
INFO: [ view_end ] --END-- [ RunTime:0.002056s ]

[ 2014-06-20T13:48:47+08:00 ] 127.0.0.1 /Admin.php?s=/Info/index.html
INFO: [ route_check ] --START--
INFO: CheckRoute Behavior ::run [ RunTime:0.001343s ]
INFO: [ route_check ] --END-- [ RunTime:0.001500s ]
INFO: [ app_begin ] --START--
INFO: ReadHtmlCache Behavior ::run [ RunTime:0.000967s ]
INFO: [ app_begin ] --END-- [ RunTime:0.001103s ]
SQL: SHOW COLUMNS FROM `hh85_info` [ RunTime:0.002754s ]
SQL: SELECT COUNT(*) AS tp_count FROM `hh85_info` LIMIT 1   [ RunTime:0.000219s ]
SQL: SELECT * FROM `hh85_info` ORDER BY createtime DESC LIMIT 0,20   [ RunTime:0.000241s ]
SQL: SHOW COLUMNS FROM `hh85_user` [ RunTime:0.003445s ]
SQL: SELECT `username` FROM `hh85_user` WHERE ( uid=3 ) LIMIT 1   [ RunTime:0.000367s ]
SQL: SELECT `username` FROM `hh85_user` WHERE ( uid=3 ) LIMIT 1   [ RunTime:0.000368s ]
INFO: [ view_parse ] --START--
NOTIC: [8] Undefined variable: v H:\www\zhainali.com\admin\Runtime\Cache\887d76738c336d3426613ae3ce31889b.php 第 273 行.
NOTIC: [8] Undefined variable: v H:\www\zhainali.com\admin\Runtime\Cache\887d76738c336d3426613ae3ce31889b.php 第 273 行.
NOTIC: [8] Undefined variable: v H:\www\zhainali.com\admin\Runtime\Cache\887d76738c336d3426613ae3ce31889b.php 第 273 行.
INFO: ParseTemplate Behavior ::run [ RunTime:0.012365s ]
INFO: [ view_parse ] --END-- [ RunTime:0.012516s ]
INFO: [ view_filter ] --START--
INFO: ContentReplace Behavior ::run [ RunTime:0.000547s ]
INFO: TokenBuild Behavior ::run [ RunTime:0.000483s ]
INFO: WriteHtmlCache Behavior ::run [ RunTime:0.000403s ]
INFO: ShowRuntime Behavior ::run [ RunTime:0.000564s ]
INFO: [ view_filter ] --END-- [ RunTime:0.002207s ]
INFO: [ view_end ] --START--
INFO: ShowPageTrace Behavior ::run [ RunTime:0.000794s ]
INFO: [ view_end ] --END-- [ RunTime:0.000886s ]

[ 2014-06-20T13:49:18+08:00 ] 127.0.0.1 /Admin.php?s=/Info/index.html
INFO: [ route_check ] --START--
INFO: CheckRoute Behavior ::run [ RunTime:0.001635s ]
INFO: [ route_check ] --END-- [ RunTime:0.001780s ]
INFO: [ app_begin ] --START--
INFO: ReadHtmlCache Behavior ::run [ RunTime:0.001214s ]
INFO: [ app_begin ] --END-- [ RunTime:0.001363s ]
SQL: SHOW COLUMNS FROM `hh85_info` [ RunTime:0.005308s ]
SQL: SELECT COUNT(*) AS tp_count FROM `hh85_info` LIMIT 1   [ RunTime:0.000173s ]
SQL: SELECT * FROM `hh85_info` ORDER BY createtime DESC LIMIT 0,20   [ RunTime:0.000301s ]
SQL: SHOW COLUMNS FROM `hh85_user` [ RunTime:0.002928s ]
SQL: SELECT `username` FROM `hh85_user` WHERE ( uid=3 ) LIMIT 1   [ RunTime:0.000196s ]
SQL: SELECT `username` FROM `hh85_user` WHERE ( uid=3 ) LIMIT 1   [ RunTime:0.000143s ]
INFO: [ view_parse ] --START--
NOTIC: [8] Undefined variable: v H:\www\zhainali.com\admin\Runtime\Cache\887d76738c336d3426613ae3ce31889b.php 第 273 行.
NOTIC: [8] Undefined variable: v H:\www\zhainali.com\admin\Runtime\Cache\887d76738c336d3426613ae3ce31889b.php 第 273 行.
NOTIC: [8] Undefined variable: v H:\www\zhainali.com\admin\Runtime\Cache\887d76738c336d3426613ae3ce31889b.php 第 273 行.
INFO: ParseTemplate Behavior ::run [ RunTime:0.011566s ]
INFO: [ view_parse ] --END-- [ RunTime:0.011671s ]
INFO: [ view_filter ] --START--
INFO: ContentReplace Behavior ::run [ RunTime:0.000743s ]
INFO: TokenBuild Behavior ::run [ RunTime:0.000532s ]
INFO: WriteHtmlCache Behavior ::run [ RunTime:0.000386s ]
INFO: ShowRuntime Behavior ::run [ RunTime:0.000548s ]
INFO: [ view_filter ] --END-- [ RunTime:0.002419s ]
INFO: [ view_end ] --START--
INFO: ShowPageTrace Behavior ::run [ RunTime:0.000577s ]
INFO: [ view_end ] --END-- [ RunTime:0.000645s ]

[ 2014-06-20T13:49:44+08:00 ] 127.0.0.1 /Admin.php?s=/Info/index.html
INFO: [ route_check ] --START--
INFO: CheckRoute Behavior ::run [ RunTime:0.000893s ]
INFO: [ route_check ] --END-- [ RunTime:0.001005s ]
INFO: [ app_begin ] --START--
INFO: ReadHtmlCache Behavior ::run [ RunTime:0.000682s ]
INFO: [ app_begin ] --END-- [ RunTime:0.000773s ]
SQL: SHOW COLUMNS FROM `hh85_info` [ RunTime:0.002956s ]
SQL: SELECT COUNT(*) AS tp_count FROM `hh85_info` LIMIT 1   [ RunTime:0.000176s ]
SQL: SELECT * FROM `hh85_info` ORDER BY createtime DESC LIMIT 0,20   [ RunTime:0.000254s ]
SQL: SHOW COLUMNS FROM `hh85_user` [ RunTime:0.002777s ]
SQL: SELECT `username` FROM `hh85_user` WHERE ( uid=3 ) LIMIT 1   [ RunTime:0.000199s ]
SQL: SELECT `username` FROM `hh85_user` WHERE ( uid=3 ) LIMIT 1   [ RunTime:0.000494s ]
INFO: [ view_parse ] --START--
INFO: ParseTemplate Behavior ::run [ RunTime:0.015201s ]
INFO: [ view_parse ] --END-- [ RunTime:0.015489s ]
INFO: [ view_filter ] --START--
INFO: ContentReplace Behavior ::run [ RunTime:0.001197s ]
INFO: TokenBuild Behavior ::run [ RunTime:0.001413s ]
INFO: WriteHtmlCache Behavior ::run [ RunTime:0.000674s ]
INFO: ShowRuntime Behavior ::run [ RunTime:0.000588s ]
INFO: [ view_filter ] --END-- [ RunTime:0.004298s ]
INFO: [ view_end ] --START--
INFO: ShowPageTrace Behavior ::run [ RunTime:0.000652s ]
INFO: [ view_end ] --END-- [ RunTime:0.000730s ]

[ 2014-06-20T13:50:03+08:00 ] 127.0.0.1 /Admin.php?s=/Info/index.html
INFO: [ route_check ] --START--
INFO: CheckRoute Behavior ::run [ RunTime:0.001237s ]
INFO: [ route_check ] --END-- [ RunTime:0.001378s ]
INFO: [ app_begin ] --START--
INFO: ReadHtmlCache Behavior ::run [ RunTime:0.000975s ]
INFO: [ app_begin ] --END-- [ RunTime:0.001102s ]
SQL: SHOW COLUMNS FROM `hh85_info` [ RunTime:0.002711s ]
SQL: SELECT COUNT(*) AS tp_count FROM `hh85_info` LIMIT 1   [ RunTime:0.000264s ]
SQL: SELECT * FROM `hh85_info` ORDER BY createtime DESC LIMIT 0,20   [ RunTime:0.000337s ]
SQL: SHOW COLUMNS FROM `hh85_user` [ RunTime:0.003160s ]
SQL: SELECT `username` FROM `hh85_user` WHERE ( uid=3 ) LIMIT 1   [ RunTime:0.000579s ]
SQL: SELECT `username` FROM `hh85_user` WHERE ( uid=3 ) LIMIT 1   [ RunTime:0.000225s ]
INFO: [ view_parse ] --START--
INFO: ParseTemplate Behavior ::run [ RunTime:0.016272s ]
INFO: [ view_parse ] --END-- [ RunTime:0.016485s ]
INFO: [ view_filter ] --START--
INFO: ContentReplace Behavior ::run [ RunTime:0.000747s ]
INFO: TokenBuild Behavior ::run [ RunTime:0.000502s ]
INFO: WriteHtmlCache Behavior ::run [ RunTime:0.000306s ]
INFO: ShowRuntime Behavior ::run [ RunTime:0.000676s ]
INFO: [ view_filter ] --END-- [ RunTime:0.002516s ]
INFO: [ view_end ] --START--
INFO: ShowPageTrace Behavior ::run [ RunTime:0.000565s ]
INFO: [ view_end ] --END-- [ RunTime:0.000636s ]

[ 2014-06-20T13:50:07+08:00 ] 127.0.0.1 /Admin.php?m=Info&a=shenhe&id=3
INFO: [ app_begin ] --START--
INFO: ReadHtmlCache Behavior ::run [ RunTime:0.000589s ]
INFO: [ app_begin ] --END-- [ RunTime:0.000679s ]
ERR: 非法操作:shenhe

[ 2014-06-20T13:51:56+08:00 ] 127.0.0.1 /Admin.php?s=/Info/index.html
INFO: [ route_check ] --START--
INFO: CheckRoute Behavior ::run [ RunTime:0.001301s ]
INFO: [ route_check ] --END-- [ RunTime:0.001431s ]
INFO: [ app_begin ] --START--
INFO: ReadHtmlCache Behavior ::run [ RunTime:0.000951s ]
INFO: [ app_begin ] --END-- [ RunTime:0.001086s ]
SQL: SHOW COLUMNS FROM `hh85_info` [ RunTime:0.004881s ]
SQL: SELECT COUNT(*) AS tp_count FROM `hh85_info` LIMIT 1   [ RunTime:0.000202s ]
SQL: SELECT * FROM `hh85_info` ORDER BY createtime DESC LIMIT 0,20   [ RunTime:0.000317s ]
SQL: SHOW COLUMNS FROM `hh85_user` [ RunTime:0.005827s ]
SQL: SELECT `username` FROM `hh85_user` WHERE ( uid=3 ) LIMIT 1   [ RunTime:0.000385s ]
SQL: SELECT `username` FROM `hh85_user` WHERE ( uid=3 ) LIMIT 1   [ RunTime:0.000201s ]
INFO: [ view_parse ] --START--
INFO: ParseTemplate Behavior ::run [ RunTime:0.015203s ]
INFO: [ view_parse ] --END-- [ RunTime:0.015356s ]
INFO: [ view_filter ] --START--
INFO: ContentReplace Behavior ::run [ RunTime:0.000638s ]
INFO: TokenBuild Behavior ::run [ RunTime:0.000509s ]
INFO: WriteHtmlCache Behavior ::run [ RunTime:0.000385s ]
INFO: ShowRuntime Behavior ::run [ RunTime:0.000550s ]
INFO: [ view_filter ] --END-- [ RunTime:0.002297s ]
INFO: [ view_end ] --START--
INFO: ShowPageTrace Behavior ::run [ RunTime:0.000647s ]
INFO: [ view_end ] --END-- [ RunTime:0.000719s ]

[ 2014-06-20T13:51:57+08:00 ] 127.0.0.1 /Admin.php?m=Info&a=shenhe&id=3
INFO: [ app_begin ] --START--
INFO: ReadHtmlCache Behavior ::run [ RunTime:0.001241s ]
INFO: [ app_begin ] --END-- [ RunTime:0.001481s ]
SQL: SHOW COLUMNS FROM `hh85_info` [ RunTime:0.002666s ]
SQL: UPDATE `hh85_info` SET `status`=1 WHERE ( id=3 ) [ RunTime:0.001061s ]
INFO: [ view_parse ] --START--
INFO: ParseTemplate Behavior ::run [ RunTime:0.015767s ]
INFO: [ view_parse ] --END-- [ RunTime:0.016026s ]
INFO: [ view_filter ] --START--
INFO: ContentReplace Behavior ::run [ RunTime:0.001007s ]
INFO: TokenBuild Behavior ::run [ RunTime:0.001294s ]
INFO: WriteHtmlCache Behavior ::run [ RunTime:0.000896s ]
INFO: ShowRuntime Behavior ::run [ RunTime:0.000714s ]
INFO: [ view_filter ] --END-- [ RunTime:0.004333s ]
INFO: [ view_end ] --START--
INFO: ShowPageTrace Behavior ::run [ RunTime:0.001358s ]
INFO: [ view_end ] --END-- [ RunTime:0.001519s ]

[ 2014-06-20T13:51:58+08:00 ] 127.0.0.1 /Admin.php?s=/Info/index.html
INFO: [ route_check ] --START--
INFO: CheckRoute Behavior ::run [ RunTime:0.000747s ]
INFO: [ route_check ] --END-- [ RunTime:0.000842s ]
INFO: [ app_begin ] --START--
INFO: ReadHtmlCache Behavior ::run [ RunTime:0.000582s ]
INFO: [ app_begin ] --END-- [ RunTime:0.000658s ]
SQL: SHOW COLUMNS FROM `hh85_info` [ RunTime:0.004422s ]
SQL: SELECT COUNT(*) AS tp_count FROM `hh85_info` LIMIT 1   [ RunTime:0.000250s ]
SQL: SELECT * FROM `hh85_info` ORDER BY createtime DESC LIMIT 0,20   [ RunTime:0.002007s ]
SQL: SHOW COLUMNS FROM `hh85_user` [ RunTime:0.004497s ]
SQL: SELECT `username` FROM `hh85_user` WHERE ( uid=3 ) LIMIT 1   [ RunTime:0.000384s ]
SQL: SELECT `username` FROM `hh85_user` WHERE ( uid=3 ) LIMIT 1   [ RunTime:0.000145s ]
INFO: [ view_parse ] --START--
INFO: ParseTemplate Behavior ::run [ RunTime:0.015663s ]
INFO: [ view_parse ] --END-- [ RunTime:0.015803s ]
INFO: [ view_filter ] --START--
INFO: ContentReplace Behavior ::run [ RunTime:0.002214s ]
INFO: TokenBuild Behavior ::run [ RunTime:0.000745s ]
INFO: WriteHtmlCache Behavior ::run [ RunTime:0.000342s ]
INFO: ShowRuntime Behavior ::run [ RunTime:0.000648s ]
INFO: [ view_filter ] --END-- [ RunTime:0.004325s ]
INFO: [ view_end ] --START--
INFO: ShowPageTrace Behavior ::run [ RunTime:0.000522s ]
INFO: [ view_end ] --END-- [ RunTime:0.000596s ]

[ 2014-06-20T13:52:07+08:00 ] 127.0.0.1 /Admin.php?s=/Company/add.html
INFO: [ route_check ] --START--
INFO: CheckRoute Behavior ::run [ RunTime:0.001979s ]
INFO: [ route_check ] --END-- [ RunTime:0.002328s ]
INFO: [ app_begin ] --START--
INFO: ReadHtmlCache Behavior ::run [ RunTime:0.000680s ]
INFO: [ app_begin ] --END-- [ RunTime:0.000766s ]
SQL: SHOW COLUMNS FROM `hh85_category` [ RunTime:0.005841s ]
SQL: SELECT * FROM `hh85_category`  [ RunTime:0.000332s ]
INFO: [ view_parse ] --START--
NOTIC: [8] Undefined variable: li H:\www\zhainali.com\admin\Runtime\Cache\4b9ce412065af854b257d8c4ee15f068.php 第 74 行.
NOTIC: [8] Undefined variable: li H:\www\zhainali.com\admin\Runtime\Cache\4b9ce412065af854b257d8c4ee15f068.php 第 78 行.
INFO: ParseTemplate Behavior ::run [ RunTime:0.014001s ]
INFO: [ view_parse ] --END-- [ RunTime:0.014169s ]
INFO: [ view_filter ] --START--
INFO: ContentReplace Behavior ::run [ RunTime:0.000935s ]
INFO: TokenBuild Behavior ::run [ RunTime:0.000803s ]
INFO: WriteHtmlCache Behavior ::run [ RunTime:0.000605s ]
INFO: ShowRuntime Behavior ::run [ RunTime:0.000955s ]
INFO: [ view_filter ] --END-- [ RunTime:0.003657s ]
INFO: [ view_end ] --START--
INFO: ShowPageTrace Behavior ::run [ RunTime:0.001219s ]
INFO: [ view_end ] --END-- [ RunTime:0.001360s ]

[ 2014-06-20T13:52:07+08:00 ] 127.0.0.1 /Admin.php?s=/Category/index.html
INFO: [ route_check ] --START--
INFO: CheckRoute Behavior ::run [ RunTime:0.001166s ]
INFO: [ route_check ] --END-- [ RunTime:0.001342s ]
INFO: [ app_begin ] --START--
INFO: ReadHtmlCache Behavior ::run [ RunTime:0.000915s ]
INFO: [ app_begin ] --END-- [ RunTime:0.001088s ]
SQL: SHOW COLUMNS FROM `hh85_category` [ RunTime:0.006142s ]
SQL: SELECT * FROM `hh85_category`  [ RunTime:0.000279s ]
INFO: [ view_parse ] --START--
INFO: ParseTemplate Behavior ::run [ RunTime:0.018312s ]
INFO: [ view_parse ] --END-- [ RunTime:0.018507s ]
INFO: [ view_filter ] --START--
INFO: ContentReplace Behavior ::run [ RunTime:0.001027s ]
INFO: TokenBuild Behavior ::run [ RunTime:0.000805s ]
INFO: WriteHtmlCache Behavior ::run [ RunTime:0.000628s ]
INFO: ShowRuntime Behavior ::run [ RunTime:0.000975s ]
INFO: [ view_filter ] --END-- [ RunTime:0.003841s ]
INFO: [ view_end ] --START--
INFO: ShowPageTrace Behavior ::run [ RunTime:0.000962s ]
INFO: [ view_end ] --END-- [ RunTime:0.001081s ]

[ 2014-06-20T13:52:08+08:00 ] 127.0.0.1 /Admin.php?s=/Company/index.html
INFO: [ route_check ] --START--
INFO: CheckRoute Behavior ::run [ RunTime:0.000791s ]
INFO: [ route_check ] --END-- [ RunTime:0.000907s ]
INFO: [ app_begin ] --START--
INFO: ReadHtmlCache Behavior ::run [ RunTime:0.000657s ]
INFO: [ app_begin ] --END-- [ RunTime:0.000757s ]
SQL: SHOW COLUMNS FROM `hh85_company` [ RunTime:0.003530s ]
SQL: SELECT COUNT(*) AS tp_count FROM `hh85_company` LIMIT 1   [ RunTime:0.000275s ]
SQL: SELECT * FROM `hh85_company` ORDER BY createtime DESC LIMIT 0,20   [ RunTime:0.000545s ]
INFO: [ view_parse ] --START--
NOTIC: [8] Undefined index: status H:\www\zhainali.com\admin\Runtime\Cache\ce6cb68b3efd615f33536ac1c9ea3abb.php 第 275 行.
NOTIC: [8] Undefined index: status H:\www\zhainali.com\admin\Runtime\Cache\ce6cb68b3efd615f33536ac1c9ea3abb.php 第 275 行.
NOTIC: [8] Undefined index: status H:\www\zhainali.com\admin\Runtime\Cache\ce6cb68b3efd615f33536ac1c9ea3abb.php 第 275 行.
NOTIC: [8] Undefined index: status H:\www\zhainali.com\admin\Runtime\Cache\ce6cb68b3efd615f33536ac1c9ea3abb.php 第 275 行.
NOTIC: [8] Undefined index: status H:\www\zhainali.com\admin\Runtime\Cache\ce6cb68b3efd615f33536ac1c9ea3abb.php 第 275 行.
INFO: ParseTemplate Behavior ::run [ RunTime:0.017080s ]
INFO: [ view_parse ] --END-- [ RunTime:0.017240s ]
INFO: [ view_filter ] --START--
INFO: ContentReplace Behavior ::run [ RunTime:0.000840s ]
INFO: TokenBuild Behavior ::run [ RunTime:0.000423s ]
INFO: WriteHtmlCache Behavior ::run [ RunTime:0.000311s ]
INFO: ShowRuntime Behavior ::run [ RunTime:0.000558s ]
INFO: [ view_filter ] --END-- [ RunTime:0.002354s ]
INFO: [ view_end ] --START--
INFO: ShowPageTrace Behavior ::run [ RunTime:0.000562s ]
INFO: [ view_end ] --END-- [ RunTime:0.000657s ]

[ 2014-06-20T13:52:10+08:00 ] 127.0.0.1 /Admin.php?s=/Case/add.html
INFO: [ route_check ] --START--
INFO: CheckRoute Behavior ::run [ RunTime:0.000858s ]
INFO: [ route_check ] --END-- [ RunTime:0.000993s ]
INFO: [ app_begin ] --START--
INFO: ReadHtmlCache Behavior ::run [ RunTime:0.000838s ]
INFO: [ app_begin ] --END-- [ RunTime:0.000966s ]
ERR: 无法加载模块:Case

[ 2014-06-20T13:52:10+08:00 ] 127.0.0.1 /Admin.php?s=/CaseCategory/index.html
INFO: [ route_check ] --START--
INFO: CheckRoute Behavior ::run [ RunTime:0.002071s ]
INFO: [ route_check ] --END-- [ RunTime:0.002326s ]
INFO: [ app_begin ] --START--
INFO: ReadHtmlCache Behavior ::run [ RunTime:0.001127s ]
INFO: [ app_begin ] --END-- [ RunTime:0.001291s ]
ERR: 无法加载模块:CaseCategory

[ 2014-06-20T13:52:11+08:00 ] 127.0.0.1 /Admin.php?s=/Case/add.html
INFO: [ route_check ] --START--
INFO: CheckRoute Behavior ::run [ RunTime:0.001309s ]
INFO: [ route_check ] --END-- [ RunTime:0.001580s ]
INFO: [ app_begin ] --START--
INFO: ReadHtmlCache Behavior ::run [ RunTime:0.001069s ]
INFO: [ app_begin ] --END-- [ RunTime:0.001229s ]
ERR: 无法加载模块:Case

[ 2014-06-20T13:52:28+08:00 ] 127.0.0.1 /Admin.php?s=/Index/menu_article.html
INFO: [ route_check ] --START--
INFO: CheckRoute Behavior ::run [ RunTime:0.000754s ]
INFO: [ route_check ] --END-- [ RunTime:0.000852s ]
INFO: [ app_begin ] --START--
INFO: ReadHtmlCache Behavior ::run [ RunTime:0.000519s ]
INFO: [ app_begin ] --END-- [ RunTime:0.000595s ]
INFO: [ view_parse ] --START--
INFO: ParseTemplate Behavior ::run [ RunTime:0.013690s ]
INFO: [ view_parse ] --END-- [ RunTime:0.013864s ]
INFO: [ view_filter ] --START--
INFO: ContentReplace Behavior ::run [ RunTime:0.000698s ]
INFO: TokenBuild Behavior ::run [ RunTime:0.000638s ]
INFO: WriteHtmlCache Behavior ::run [ RunTime:0.001326s ]
INFO: ShowRuntime Behavior ::run [ RunTime:0.000700s ]
INFO: [ view_filter ] --END-- [ RunTime:0.003706s ]
INFO: [ view_end ] --START--
INFO: ShowPageTrace Behavior ::run [ RunTime:0.000634s ]
INFO: [ view_end ] --END-- [ RunTime:0.000715s ]

[ 2014-06-20T13:52:31+08:00 ] 127.0.0.1 /Admin.php?s=/Index/menu.html
INFO: [ route_check ] --START--
INFO: CheckRoute Behavior ::run [ RunTime:0.000645s ]
INFO: [ route_check ] --END-- [ RunTime:0.000743s ]
INFO: [ app_begin ] --START--
INFO: ReadHtmlCache Behavior ::run [ RunTime:0.000483s ]
INFO: [ app_begin ] --END-- [ RunTime:0.000560s ]
NOTIC: [8] Constant THEME_NAME already defined H:\www\zhainali.com\Source\Lib\Core\View.class.php 第 223 行.
NOTIC: [8] Constant THEME_PATH already defined H:\www\zhainali.com\Source\Lib\Core\View.class.php 第 174 行.
NOTIC: [8] Constant APP_TMPL_PATH already defined H:\www\zhainali.com\Source\Lib\Core\View.class.php 第 175 行.
INFO: [ view_parse ] --START--
INFO: ParseTemplate Behavior ::run [ RunTime:0.009056s ]
INFO: [ view_parse ] --END-- [ RunTime:0.009195s ]
INFO: [ view_filter ] --START--
INFO: ContentReplace Behavior ::run [ RunTime:0.000514s ]
INFO: TokenBuild Behavior ::run [ RunTime:0.000416s ]
INFO: WriteHtmlCache Behavior ::run [ RunTime:0.000288s ]
INFO: ShowRuntime Behavior ::run [ RunTime:0.000462s ]
INFO: [ view_filter ] --END-- [ RunTime:0.001905s ]
INFO: [ view_end ] --START--
INFO: ShowPageTrace Behavior ::run [ RunTime:0.000588s ]
INFO: [ view_end ] --END-- [ RunTime:0.000691s ]

[ 2014-06-20T13:52:34+08:00 ] 127.0.0.1 /Admin.php?m=Link&a=index
INFO: [ app_begin ] --START--
INFO: ReadHtmlCache Behavior ::run [ RunTime:0.000518s ]
INFO: [ app_begin ] --END-- [ RunTime:0.000606s ]
SQL: SHOW COLUMNS FROM `hh85_link` [ RunTime:0.002638s ]
SQL: SELECT COUNT(*) AS tp_count FROM `hh85_link` WHERE ( status=1 ) LIMIT 1   [ RunTime:0.000226s ]
SQL: SELECT * FROM `hh85_link` WHERE ( status=1 ) ORDER BY id DESC LIMIT 0,25   [ RunTime:0.000211s ]
INFO: [ view_parse ] --START--
INFO: ParseTemplate Behavior ::run [ RunTime:0.024165s ]
INFO: [ view_parse ] --END-- [ RunTime:0.024268s ]
INFO: [ view_filter ] --START--
INFO: ContentReplace Behavior ::run [ RunTime:0.000385s ]
INFO: TokenBuild Behavior ::run [ RunTime:0.000382s ]
INFO: WriteHtmlCache Behavior ::run [ RunTime:0.000276s ]
INFO: ShowRuntime Behavior ::run [ RunTime:0.000433s ]
INFO: [ view_filter ] --END-- [ RunTime:0.001687s ]
INFO: [ view_end ] --START--
INFO: ShowPageTrace Behavior ::run [ RunTime:0.000502s ]
INFO: [ view_end ] --END-- [ RunTime:0.000572s ]

[ 2014-06-20T13:52:34+08:00 ] 127.0.0.1 /Admin.php?m=Link&a=add
INFO: [ app_begin ] --START--
INFO: ReadHtmlCache Behavior ::run [ RunTime:0.000611s ]
INFO: [ app_begin ] --END-- [ RunTime:0.000703s ]
INFO: [ view_parse ] --START--
INFO: ParseTemplate Behavior ::run [ RunTime:0.030005s ]
INFO: [ view_parse ] --END-- [ RunTime:0.030182s ]
INFO: [ view_filter ] --START--
INFO: ContentReplace Behavior ::run [ RunTime:0.000510s ]
INFO: TokenBuild Behavior ::run [ RunTime:0.000479s ]
INFO: WriteHtmlCache Behavior ::run [ RunTime:0.000345s ]
INFO: ShowRuntime Behavior ::run [ RunTime:0.000814s ]
INFO: [ view_filter ] --END-- [ RunTime:0.002376s ]
INFO: [ view_end ] --START--
INFO: ShowPageTrace Behavior ::run [ RunTime:0.000602s ]
INFO: [ view_end ] --END-- [ RunTime:0.000674s ]

[ 2014-06-20T13:52:37+08:00 ] 127.0.0.1 /Admin.php?m=Config&a=admin
INFO: [ app_begin ] --START--
INFO: ReadHtmlCache Behavior ::run [ RunTime:0.000591s ]
INFO: [ app_begin ] --END-- [ RunTime:0.000684s ]
SQL: SHOW COLUMNS FROM `hh85_admin` [ RunTime:0.005847s ]
SQL: SELECT * FROM `hh85_admin` WHERE ( admin='administrator' ) LIMIT 1   [ RunTime:0.000243s ]
ERR: 1054:Unknown column 'admin' in 'where clause'
 [ SQL语句 ] : SELECT * FROM `hh85_admin` WHERE ( admin='administrator' ) LIMIT 1  
INFO: [ view_parse ] --START--
INFO: ParseTemplate Behavior ::run [ RunTime:0.017923s ]
INFO: [ view_parse ] --END-- [ RunTime:0.018082s ]
INFO: [ view_filter ] --START--
INFO: ContentReplace Behavior ::run [ RunTime:0.000504s ]
INFO: TokenBuild Behavior ::run [ RunTime:0.000934s ]
INFO: WriteHtmlCache Behavior ::run [ RunTime:0.000457s ]
INFO: ShowRuntime Behavior ::run [ RunTime:0.000572s ]
INFO: [ view_filter ] --END-- [ RunTime:0.002683s ]
INFO: [ view_end ] --START--
INFO: ShowPageTrace Behavior ::run [ RunTime:0.000645s ]
INFO: [ view_end ] --END-- [ RunTime:0.000719s ]

[ 2014-06-20T13:52:37+08:00 ] 127.0.0.1 /Admin.php?m=Config&a=index
INFO: [ app_begin ] --START--
INFO: ReadHtmlCache Behavior ::run [ RunTime:0.000723s ]
INFO: [ app_begin ] --END-- [ RunTime:0.000868s ]
SQL: SHOW COLUMNS FROM `hh85_webconfig` [ RunTime:0.004349s ]
ERR: 1146:Table 'zhainali.hh85_webconfig' doesn't exist
 [ SQL语句 ] : SHOW COLUMNS FROM `hh85_webconfig`
SQL: SELECT * FROM `hh85_webconfig` WHERE ( id=1 ) LIMIT 1   [ RunTime:0.000222s ]
ERR: 1146:Table 'zhainali.hh85_webconfig' doesn't exist
 [ SQL语句 ] : SELECT * FROM `hh85_webconfig` WHERE ( id=1 ) LIMIT 1  
INFO: [ view_parse ] --START--
INFO: ParseTemplate Behavior ::run [ RunTime:0.011068s ]
INFO: [ view_parse ] --END-- [ RunTime:0.011295s ]
INFO: [ view_filter ] --START--
INFO: ContentReplace Behavior ::run [ RunTime:0.000909s ]
INFO: TokenBuild Behavior ::run [ RunTime:0.000418s ]
INFO: WriteHtmlCache Behavior ::run [ RunTime:0.000267s ]
INFO: ShowRuntime Behavior ::run [ RunTime:0.000456s ]
INFO: [ view_filter ] --END-- [ RunTime:0.002282s ]
INFO: [ view_end ] --START--
INFO: ShowPageTrace Behavior ::run [ RunTime:0.000508s ]
INFO: [ view_end ] --END-- [ RunTime:0.000580s ]

[ 2014-06-20T13:52:39+08:00 ] 127.0.0.1 /Admin.php?s=/Index/menu_article.html
INFO: [ route_check ] --START--
INFO: CheckRoute Behavior ::run [ RunTime:0.001040s ]
INFO: [ route_check ] --END-- [ RunTime:0.001168s ]
INFO: [ app_begin ] --START--
INFO: ReadHtmlCache Behavior ::run [ RunTime:0.000534s ]
INFO: [ app_begin ] --END-- [ RunTime:0.000606s ]
INFO: [ view_parse ] --START--
INFO: ParseTemplate Behavior ::run [ RunTime:0.008890s ]
INFO: [ view_parse ] --END-- [ RunTime:0.008995s ]
INFO: [ view_filter ] --START--
INFO: ContentReplace Behavior ::run [ RunTime:0.000637s ]
INFO: TokenBuild Behavior ::run [ RunTime:0.000543s ]
INFO: WriteHtmlCache Behavior ::run [ RunTime:0.000382s ]
INFO: ShowRuntime Behavior ::run [ RunTime:0.000520s ]
INFO: [ view_filter ] --END-- [ RunTime:0.002309s ]
INFO: [ view_end ] --START--
INFO: ShowPageTrace Behavior ::run [ RunTime:0.000817s ]
INFO: [ view_end ] --END-- [ RunTime:0.001018s ]

[ 2014-06-20T13:52:40+08:00 ] 127.0.0.1 /Admin.php?m=Menu&a=add
INFO: [ app_begin ] --START--
INFO: ReadHtmlCache Behavior ::run [ RunTime:0.000530s ]
INFO: [ app_begin ] --END-- [ RunTime:0.000626s ]
NOTIC: [8] Undefined index: submit H:\www\zhainali.com\admin\Lib\Action\MenuAction.class.php 第 12 行.
INFO: [ view_parse ] --START--
INFO: ParseTemplate Behavior ::run [ RunTime:0.020108s ]
INFO: [ view_parse ] --END-- [ RunTime:0.020199s ]
INFO: [ view_filter ] --START--
INFO: ContentReplace Behavior ::run [ RunTime:0.000341s ]
INFO: TokenBuild Behavior ::run [ RunTime:0.000361s ]
INFO: WriteHtmlCache Behavior ::run [ RunTime:0.000256s ]
INFO: ShowRuntime Behavior ::run [ RunTime:0.000433s ]
INFO: [ view_filter ] --END-- [ RunTime:0.001578s ]
INFO: [ view_end ] --START--
INFO: ShowPageTrace Behavior ::run [ RunTime:0.000522s ]
INFO: [ view_end ] --END-- [ RunTime:0.000608s ]

[ 2014-06-20T13:52:40+08:00 ] 127.0.0.1 /Admin.php?m=Menu&a=index
INFO: [ app_begin ] --START--
INFO: ReadHtmlCache Behavior ::run [ RunTime:0.000725s ]
INFO: [ app_begin ] --END-- [ RunTime:0.000842s ]
SQL: SHOW COLUMNS FROM `hh85_menu` [ RunTime:0.004507s ]
SQL: SELECT * FROM `hh85_menu`  [ RunTime:0.000247s ]
INFO: [ view_parse ] --START--
INFO: ParseTemplate Behavior ::run [ RunTime:0.010478s ]
INFO: [ view_parse ] --END-- [ RunTime:0.010630s ]
INFO: [ view_filter ] --START--
INFO: ContentReplace Behavior ::run [ RunTime:0.000782s ]
INFO: TokenBuild Behavior ::run [ RunTime:0.001200s ]
INFO: WriteHtmlCache Behavior ::run [ RunTime:0.000749s ]
INFO: ShowRuntime Behavior ::run [ RunTime:0.000762s ]
INFO: [ view_filter ] --END-- [ RunTime:0.003886s ]
INFO: [ view_end ] --START--
INFO: ShowPageTrace Behavior ::run [ RunTime:0.000643s ]
INFO: [ view_end ] --END-- [ RunTime:0.000715s ]

[ 2014-06-20T13:52:42+08:00 ] 127.0.0.1 /Admin.php?m=Menu&a=add
INFO: [ app_begin ] --START--
INFO: ReadHtmlCache Behavior ::run [ RunTime:0.000466s ]
INFO: [ app_begin ] --END-- [ RunTime:0.000551s ]
NOTIC: [8] Undefined index: submit H:\www\zhainali.com\admin\Lib\Action\MenuAction.class.php 第 12 行.
INFO: [ view_parse ] --START--
INFO: ParseTemplate Behavior ::run [ RunTime:0.008086s ]
INFO: [ view_parse ] --END-- [ RunTime:0.008185s ]
INFO: [ view_filter ] --START--
INFO: ContentReplace Behavior ::run [ RunTime:0.000367s ]
INFO: TokenBuild Behavior ::run [ RunTime:0.000356s ]
INFO: WriteHtmlCache Behavior ::run [ RunTime:0.000264s ]
INFO: ShowRuntime Behavior ::run [ RunTime:0.000418s ]
INFO: [ view_filter ] --END-- [ RunTime:0.001593s ]
INFO: [ view_end ] --START--
INFO: ShowPageTrace Behavior ::run [ RunTime:0.000501s ]
INFO: [ view_end ] --END-- [ RunTime:0.000567s ]

[ 2014-06-20T13:52:43+08:00 ] 127.0.0.1 /Admin.php?m=Info&a=index
INFO: [ app_begin ] --START--
INFO: ReadHtmlCache Behavior ::run [ RunTime:0.000924s ]
INFO: [ app_begin ] --END-- [ RunTime:0.001110s ]
SQL: SHOW COLUMNS FROM `hh85_info` [ RunTime:0.004292s ]
SQL: SELECT COUNT(*) AS tp_count FROM `hh85_info` LIMIT 1   [ RunTime:0.000165s ]
SQL: SELECT * FROM `hh85_info` ORDER BY createtime DESC LIMIT 0,20   [ RunTime:0.000248s ]
SQL: SHOW COLUMNS FROM `hh85_user` [ RunTime:0.003442s ]
SQL: SELECT `username` FROM `hh85_user` WHERE ( uid=3 ) LIMIT 1   [ RunTime:0.000248s ]
SQL: SELECT `username` FROM `hh85_user` WHERE ( uid=3 ) LIMIT 1   [ RunTime:0.000152s ]
INFO: [ view_parse ] --START--
INFO: ParseTemplate Behavior ::run [ RunTime:0.010854s ]
INFO: [ view_parse ] --END-- [ RunTime:0.010979s ]
INFO: [ view_filter ] --START--
INFO: ContentReplace Behavior ::run [ RunTime:0.000437s ]
INFO: TokenBuild Behavior ::run [ RunTime:0.000384s ]
INFO: WriteHtmlCache Behavior ::run [ RunTime:0.000268s ]
INFO: ShowRuntime Behavior ::run [ RunTime:0.000475s ]
INFO: [ view_filter ] --END-- [ RunTime:0.001769s ]
INFO: [ view_end ] --START--
INFO: ShowPageTrace Behavior ::run [ RunTime:0.000502s ]
INFO: [ view_end ] --END-- [ RunTime:0.000571s ]

[ 2014-06-20T15:18:14+08:00 ] 127.0.0.1 /Admin.php?m=Info&a=index
INFO: [ app_begin ] --START--
INFO: ReadHtmlCache Behavior ::run [ RunTime:0.000505s ]
INFO: [ app_begin ] --END-- [ RunTime:0.000598s ]
SQL: SHOW COLUMNS FROM `hh85_info` [ RunTime:0.002524s ]
SQL: SELECT COUNT(*) AS tp_count FROM `hh85_info` LIMIT 1   [ RunTime:0.000593s ]
SQL: SELECT * FROM `hh85_info` ORDER BY createtime DESC LIMIT 0,20   [ RunTime:0.000756s ]
SQL: SHOW COLUMNS FROM `hh85_user` [ RunTime:0.003994s ]
SQL: SELECT `username` FROM `hh85_user` WHERE ( uid=3 ) LIMIT 1   [ RunTime:0.000208s ]
SQL: SELECT `username` FROM `hh85_user` WHERE ( uid=3 ) LIMIT 1   [ RunTime:0.000147s ]
INFO: [ view_parse ] --START--
INFO: ParseTemplate Behavior ::run [ RunTime:0.014200s ]
INFO: [ view_parse ] --END-- [ RunTime:0.014326s ]
INFO: [ view_filter ] --START--
INFO: ContentReplace Behavior ::run [ RunTime:0.000946s ]
INFO: TokenBuild Behavior ::run [ RunTime:0.000485s ]
INFO: WriteHtmlCache Behavior ::run [ RunTime:0.000269s ]
INFO: ShowRuntime Behavior ::run [ RunTime:0.000536s ]
INFO: [ view_filter ] --END-- [ RunTime:0.002478s ]
INFO: [ view_end ] --START--
INFO: ShowPageTrace Behavior ::run [ RunTime:0.000595s ]
INFO: [ view_end ] --END-- [ RunTime:0.000662s ]

[ 2014-06-20T15:18:18+08:00 ] 127.0.0.1 /Admin.php?m=Info&a=edit&id=3
INFO: [ app_begin ] --START--
INFO: ReadHtmlCache Behavior ::run [ RunTime:0.000627s ]
INFO: [ app_begin ] --END-- [ RunTime:0.000722s ]
SQL: SHOW COLUMNS FROM `hh85_category` [ RunTime:0.004843s ]
SQL: SELECT * FROM `hh85_category`  [ RunTime:0.000357s ]
SQL: SHOW COLUMNS FROM `hh85_article` [ RunTime:0.043763s ]
SQL: SELECT * FROM `hh85_article` WHERE ( id=3 ) LIMIT 1   [ RunTime:0.000486s ]
INFO: [ view_parse ] --START--
INFO: ParseTemplate Behavior ::run [ RunTime:0.031834s ]
INFO: [ view_parse ] --END-- [ RunTime:0.032004s ]
INFO: [ view_filter ] --START--
INFO: ContentReplace Behavior ::run [ RunTime:0.000853s ]
INFO: TokenBuild Behavior ::run [ RunTime:0.000732s ]
INFO: WriteHtmlCache Behavior ::run [ RunTime:0.000500s ]
INFO: ShowRuntime Behavior ::run [ RunTime:0.000840s ]
INFO: [ view_filter ] --END-- [ RunTime:0.003340s ]
INFO: [ view_end ] --START--
INFO: ShowPageTrace Behavior ::run [ RunTime:0.001489s ]
INFO: [ view_end ] --END-- [ RunTime:0.001697s ]

[ 2014-06-20T15:18:20+08:00 ] 127.0.0.1 /Admin.php?m=Company&a=index
INFO: [ app_begin ] --START--
INFO: ReadHtmlCache Behavior ::run [ RunTime:0.000976s ]
INFO: [ app_begin ] --END-- [ RunTime:0.001094s ]
SQL: SHOW COLUMNS FROM `hh85_company` [ RunTime:0.002744s ]
SQL: SELECT COUNT(*) AS tp_count FROM `hh85_company` LIMIT 1   [ RunTime:0.000178s ]
SQL: SELECT * FROM `hh85_company` ORDER BY createtime DESC LIMIT 0,20   [ RunTime:0.000263s ]
INFO: [ view_parse ] --START--
NOTIC: [8] Undefined index: status H:\www\zhainali.com\admin\Runtime\Cache\ce6cb68b3efd615f33536ac1c9ea3abb.php 第 275 行.
NOTIC: [8] Undefined index: status H:\www\zhainali.com\admin\Runtime\Cache\ce6cb68b3efd615f33536ac1c9ea3abb.php 第 275 行.
NOTIC: [8] Undefined index: status H:\www\zhainali.com\admin\Runtime\Cache\ce6cb68b3efd615f33536ac1c9ea3abb.php 第 275 行.
NOTIC: [8] Undefined index: status H:\www\zhainali.com\admin\Runtime\Cache\ce6cb68b3efd615f33536ac1c9ea3abb.php 第 275 行.
NOTIC: [8] Undefined index: status H:\www\zhainali.com\admin\Runtime\Cache\ce6cb68b3efd615f33536ac1c9ea3abb.php 第 275 行.
INFO: ParseTemplate Behavior ::run [ RunTime:0.030772s ]
INFO: [ view_parse ] --END-- [ RunTime:0.030855s ]
INFO: [ view_filter ] --START--
INFO: ContentReplace Behavior ::run [ RunTime:0.000523s ]
INFO: TokenBuild Behavior ::run [ RunTime:0.000480s ]
INFO: WriteHtmlCache Behavior ::run [ RunTime:0.000378s ]
INFO: ShowRuntime Behavior ::run [ RunTime:0.000542s ]
INFO: [ view_filter ] --END-- [ RunTime:0.002117s ]
INFO: [ view_end ] --START--
INFO: ShowPageTrace Behavior ::run [ RunTime:0.000604s ]
INFO: [ view_end ] --END-- [ RunTime:0.000672s ]

[ 2014-06-20T15:18:21+08:00 ] 127.0.0.1 /Admin.php?m=Company&a=edit&id=5
INFO: [ app_begin ] --START--
INFO: ReadHtmlCache Behavior ::run [ RunTime:0.000607s ]
INFO: [ app_begin ] --END-- [ RunTime:0.000700s ]
SQL: SHOW COLUMNS FROM `hh85_category` [ RunTime:0.003145s ]
SQL: SELECT * FROM `hh85_category`  [ RunTime:0.000346s ]
SQL: SHOW COLUMNS FROM `hh85_company` [ RunTime:0.003706s ]
SQL: SELECT * FROM `hh85_company` WHERE ( id=5 ) LIMIT 1   [ RunTime:0.000267s ]
INFO: [ view_parse ] --START--
INFO: ParseTemplate Behavior ::run [ RunTime:0.021313s ]
INFO: [ view_parse ] --END-- [ RunTime:0.021433s ]
INFO: [ view_filter ] --START--
INFO: ContentReplace Behavior ::run [ RunTime:0.000530s ]
INFO: TokenBuild Behavior ::run [ RunTime:0.000439s ]
INFO: WriteHtmlCache Behavior ::run [ RunTime:0.000338s ]
INFO: ShowRuntime Behavior ::run [ RunTime:0.000502s ]
INFO: [ view_filter ] --END-- [ RunTime:0.002012s ]
INFO: [ view_end ] --START--
INFO: ShowPageTrace Behavior ::run [ RunTime:0.000618s ]
INFO: [ view_end ] --END-- [ RunTime:0.000692s ]

[ 2014-06-20T15:18:24+08:00 ] 127.0.0.1 /Admin.php?m=Company&a=index
INFO: [ app_begin ] --START--
INFO: ReadHtmlCache Behavior ::run [ RunTime:0.000483s ]
INFO: [ app_begin ] --END-- [ RunTime:0.000577s ]
SQL: SHOW COLUMNS FROM `hh85_company` [ RunTime:0.006349s ]
SQL: SELECT COUNT(*) AS tp_count FROM `hh85_company` LIMIT 1   [ RunTime:0.000230s ]
SQL: SELECT * FROM `hh85_company` ORDER BY createtime DESC LIMIT 0,20   [ RunTime:0.000329s ]
INFO: [ view_parse ] --START--
NOTIC: [8] Undefined index: status H:\www\zhainali.com\admin\Runtime\Cache\ce6cb68b3efd615f33536ac1c9ea3abb.php 第 275 行.
NOTIC: [8] Undefined index: status H:\www\zhainali.com\admin\Runtime\Cache\ce6cb68b3efd615f33536ac1c9ea3abb.php 第 275 行.
NOTIC: [8] Undefined index: status H:\www\zhainali.com\admin\Runtime\Cache\ce6cb68b3efd615f33536ac1c9ea3abb.php 第 275 行.
NOTIC: [8] Undefined index: status H:\www\zhainali.com\admin\Runtime\Cache\ce6cb68b3efd615f33536ac1c9ea3abb.php 第 275 行.
NOTIC: [8] Undefined index: status H:\www\zhainali.com\admin\Runtime\Cache\ce6cb68b3efd615f33536ac1c9ea3abb.php 第 275 行.
INFO: ParseTemplate Behavior ::run [ RunTime:0.012467s ]
INFO: [ view_parse ] --END-- [ RunTime:0.012569s ]
INFO: [ view_filter ] --START--
INFO: ContentReplace Behavior ::run [ RunTime:0.000546s ]
INFO: TokenBuild Behavior ::run [ RunTime:0.000379s ]
INFO: WriteHtmlCache Behavior ::run [ RunTime:0.000277s ]
INFO: ShowRuntime Behavior ::run [ RunTime:0.000441s ]
INFO: [ view_filter ] --END-- [ RunTime:0.001839s ]
INFO: [ view_end ] --START--
INFO: ShowPageTrace Behavior ::run [ RunTime:0.000634s ]
INFO: [ view_end ] --END-- [ RunTime:0.000702s ]

[ 2014-06-20T15:18:25+08:00 ] 127.0.0.1 /Admin.php?m=Comment&a=index
INFO: [ app_begin ] --START--
INFO: ReadHtmlCache Behavior ::run [ RunTime:0.000502s ]
INFO: [ app_begin ] --END-- [ RunTime:0.000596s ]
SQL: SHOW COLUMNS FROM `hh85_comment` [ RunTime:0.002992s ]
SQL: SELECT COUNT(*) AS tp_count FROM `hh85_comment` LIMIT 1   [ RunTime:0.000240s ]
SQL: SELECT * FROM `hh85_comment` ORDER BY createtime DESC LIMIT 0,20   [ RunTime:0.000307s ]
SQL: SHOW COLUMNS FROM `hh85_user` [ RunTime:0.002808s ]
SQL: SELECT `username` FROM `hh85_user` WHERE ( uid=2 ) LIMIT 1   [ RunTime:0.000244s ]
SQL: SHOW COLUMNS FROM `hh85_company` [ RunTime:0.003006s ]
SQL: SELECT `title` FROM `hh85_company` WHERE ( id=3 ) LIMIT 1   [ RunTime:0.000205s ]
SQL: SELECT `title` FROM `hh85_company` WHERE ( id=3 ) LIMIT 1   [ RunTime:0.000142s ]
SQL: SELECT `title` FROM `hh85_company` WHERE ( id=3 ) LIMIT 1   [ RunTime:0.000136s ]
SQL: SELECT `title` FROM `hh85_company` WHERE ( id=2 ) LIMIT 1   [ RunTime:0.000147s ]
SQL: SELECT `username` FROM `hh85_user` WHERE ( uid=1 ) LIMIT 1   [ RunTime:0.000198s ]
SQL: SELECT `title` FROM `hh85_company` WHERE ( id=1 ) LIMIT 1   [ RunTime:0.000239s ]
SQL: SELECT `title` FROM `hh85_company` WHERE ( id=1 ) LIMIT 1   [ RunTime:0.000528s ]
SQL: SELECT `username` FROM `hh85_user` WHERE ( uid=1 ) LIMIT 1   [ RunTime:0.001247s ]
SQL: SELECT `title` FROM `hh85_company` WHERE ( id=1 ) LIMIT 1   [ RunTime:0.000337s ]
SQL: SELECT `username` FROM `hh85_user` WHERE ( uid=2 ) LIMIT 1   [ RunTime:0.000220s ]
SQL: SELECT `title` FROM `hh85_company` WHERE ( id=1 ) LIMIT 1   [ RunTime:0.000214s ]
INFO: [ view_parse ] --START--
INFO: ParseTemplate Behavior ::run [ RunTime:0.041815s ]
INFO: [ view_parse ] --END-- [ RunTime:0.041964s ]
INFO: [ view_filter ] --START--
INFO: ContentReplace Behavior ::run [ RunTime:0.001056s ]
INFO: TokenBuild Behavior ::run [ RunTime:0.001117s ]
INFO: WriteHtmlCache Behavior ::run [ RunTime:0.000907s ]
INFO: ShowRuntime Behavior ::run [ RunTime:0.001337s ]
INFO: [ view_filter ] --END-- [ RunTime:0.005016s ]
INFO: [ view_end ] --START--
INFO: ShowPageTrace Behavior ::run [ RunTime:0.002565s ]
INFO: [ view_end ] --END-- [ RunTime:0.002807s ]

[ 2014-06-20T15:25:23+08:00 ] 127.0.0.1 /Admin.php?m=Comment&a=index
INFO: [ app_begin ] --START--
INFO: ReadHtmlCache Behavior ::run [ RunTime:0.001027s ]
INFO: [ app_begin ] --END-- [ RunTime:0.001171s ]
SQL: SHOW COLUMNS FROM `hh85_comment` [ RunTime:0.005922s ]
SQL: SELECT COUNT(*) AS tp_count FROM `hh85_comment` LIMIT 1   [ RunTime:0.000187s ]
SQL: SELECT * FROM `hh85_comment` ORDER BY createtime DESC LIMIT 0,20   [ RunTime:0.000293s ]
SQL: SHOW COLUMNS FROM `hh85_user` [ RunTime:0.003605s ]
SQL: SELECT `username` FROM `hh85_user` WHERE ( uid=2 ) LIMIT 1   [ RunTime:0.000223s ]
SQL: SHOW COLUMNS FROM `hh85_company` [ RunTime:0.003697s ]
SQL: SELECT `title` FROM `hh85_company` WHERE ( id=3 ) LIMIT 1   [ RunTime:0.000459s ]
SQL: SELECT `title` FROM `hh85_company` WHERE ( id=3 ) LIMIT 1   [ RunTime:0.000454s ]
SQL: SELECT `title` FROM `hh85_company` WHERE ( id=3 ) LIMIT 1   [ RunTime:0.001021s ]
SQL: SELECT `title` FROM `hh85_company` WHERE ( id=2 ) LIMIT 1   [ RunTime:0.000321s ]
SQL: SELECT `username` FROM `hh85_user` WHERE ( uid=1 ) LIMIT 1   [ RunTime:0.000164s ]
SQL: SELECT `title` FROM `hh85_company` WHERE ( id=1 ) LIMIT 1   [ RunTime:0.000143s ]
SQL: SELECT `title` FROM `hh85_company` WHERE ( id=1 ) LIMIT 1   [ RunTime:0.000139s ]
SQL: SELECT `username` FROM `hh85_user` WHERE ( uid=1 ) LIMIT 1   [ RunTime:0.000169s ]
SQL: SELECT `title` FROM `hh85_company` WHERE ( id=1 ) LIMIT 1   [ RunTime:0.000210s ]
SQL: SELECT `username` FROM `hh85_user` WHERE ( uid=2 ) LIMIT 1   [ RunTime:0.000362s ]
SQL: SELECT `title` FROM `hh85_company` WHERE ( id=1 ) LIMIT 1   [ RunTime:0.000271s ]
INFO: [ view_parse ] --START--
INFO: ParseTemplate Behavior ::run [ RunTime:0.014385s ]
INFO: [ view_parse ] --END-- [ RunTime:0.014509s ]
INFO: [ view_filter ] --START--
INFO: ContentReplace Behavior ::run [ RunTime:0.000548s ]
INFO: TokenBuild Behavior ::run [ RunTime:0.000490s ]
INFO: WriteHtmlCache Behavior ::run [ RunTime:0.000380s ]
INFO: ShowRuntime Behavior ::run [ RunTime:0.000557s ]
INFO: [ view_filter ] --END-- [ RunTime:0.002179s ]
INFO: [ view_end ] --START--
INFO: ShowPageTrace Behavior ::run [ RunTime:0.000616s ]
INFO: [ view_end ] --END-- [ RunTime:0.000690s ]

