[ 2014-10-30T13:23:19+08:00 ] 180.153.163.186 /Admin.php
INFO: [ app_begin ] --START--
INFO: ReadHtmlCache Behavior ::run [ RunTime:0.000487s ]
INFO: [ app_begin ] --END-- [ RunTime:0.000569s ]
NOTIC: [8] Undefined index: 089203d4f2bc8c9669a06003ed5694b9 /home/www/hh85/daiyun/Source/Extend/Library/ORG/Util/RBAC.class.php 第 176 行.
NOTIC: [8] Undefined index: _ACCESS_LIST /home/www/hh85/daiyun/Source/Extend/Library/ORG/Util/RBAC.class.php 第 180 行.
NOTIC: [8] Undefined index: uid /home/www/hh85/daiyun/admin/Lib/Action/CommonAction.class.php 第 13 行.

[ 2014-10-30T13:23:19+08:00 ] 180.153.163.186 /Admin.php?m=Public&a=login
INFO: [ app_begin ] --START--
INFO: ReadHtmlCache Behavior ::run [ RunTime:0.000503s ]
INFO: [ app_begin ] --END-- [ RunTime:0.000580s ]
INFO: [ view_parse ] --START--
INFO: ParseTemplate Behavior ::run [ RunTime:0.015072s ]
INFO: [ view_parse ] --END-- [ RunTime:0.015150s ]
INFO: [ view_filter ] --START--
INFO: ContentReplace Behavior ::run [ RunTime:0.000359s ]
INFO: TokenBuild Behavior ::run [ RunTime:0.000367s ]
INFO: WriteHtmlCache Behavior ::run [ RunTime:0.000258s ]
INFO: ShowRuntime Behavior ::run [ RunTime:0.000400s ]
INFO: [ view_filter ] --END-- [ RunTime:0.001536s ]
INFO: [ view_end ] --START--
INFO: ShowPageTrace Behavior ::run [ RunTime:0.000531s ]
INFO: [ view_end ] --END-- [ RunTime:0.000582s ]

[ 2014-10-30T16:53:42+08:00 ] 113.214.202.117 /Admin.php
INFO: [ app_begin ] --START--
INFO: ReadHtmlCache Behavior ::run [ RunTime:0.000518s ]
INFO: [ app_begin ] --END-- [ RunTime:0.000610s ]
NOTIC: [8] Undefined index: 089203d4f2bc8c9669a06003ed5694b9 /home/www/hh85/daiyun/Source/Extend/Library/ORG/Util/RBAC.class.php 第 176 行.
NOTIC: [8] Undefined index: _ACCESS_LIST /home/www/hh85/daiyun/Source/Extend/Library/ORG/Util/RBAC.class.php 第 180 行.
NOTIC: [8] Undefined index: uid /home/www/hh85/daiyun/admin/Lib/Action/CommonAction.class.php 第 13 行.

[ 2014-10-30T16:53:42+08:00 ] 113.214.202.117 /Admin.php?m=Public&a=login
INFO: [ app_begin ] --START--
INFO: ReadHtmlCache Behavior ::run [ RunTime:0.000472s ]
INFO: [ app_begin ] --END-- [ RunTime:0.000543s ]
INFO: [ view_parse ] --START--
INFO: ParseTemplate Behavior ::run [ RunTime:0.006237s ]
INFO: [ view_parse ] --END-- [ RunTime:0.006306s ]
INFO: [ view_filter ] --START--
INFO: ContentReplace Behavior ::run [ RunTime:0.000345s ]
INFO: TokenBuild Behavior ::run [ RunTime:0.000341s ]
INFO: WriteHtmlCache Behavior ::run [ RunTime:0.000250s ]
INFO: ShowRuntime Behavior ::run [ RunTime:0.000387s ]
INFO: [ view_filter ] --END-- [ RunTime:0.001499s ]
INFO: [ view_end ] --START--
INFO: ShowPageTrace Behavior ::run [ RunTime:0.000530s ]
INFO: [ view_end ] --END-- [ RunTime:0.000580s ]

[ 2014-10-30T16:53:43+08:00 ] 113.214.202.117 /Admin.php?m=Public&a=verify
INFO: [ app_begin ] --START--
INFO: ReadHtmlCache Behavior ::run [ RunTime:0.000466s ]
INFO: [ app_begin ] --END-- [ RunTime:0.000539s ]

[ 2014-10-30T16:53:52+08:00 ] 113.214.202.117 /Admin.php?m=Public&a=checkLogin
INFO: [ app_begin ] --START--
INFO: ReadHtmlCache Behavior ::run [ RunTime:0.000487s ]
INFO: [ app_begin ] --END-- [ RunTime:0.000558s ]
SQL: SHOW COLUMNS FROM `hh85_admin` [ RunTime:0.000801s ]
SQL: SELECT * FROM `hh85_admin` WHERE ( `username` = 'admin' ) LIMIT 1   [ RunTime:0.014417s ]
NOTIC: [2048] mktime(): You should be using the time() function instead /home/www/hh85/daiyun/admin/Lib/Action/PublicAction.class.php 第 37 行.
INFO: [ view_parse ] --START--
INFO: ParseTemplate Behavior ::run [ RunTime:0.007292s ]
INFO: [ view_parse ] --END-- [ RunTime:0.007364s ]
INFO: [ view_filter ] --START--
INFO: ContentReplace Behavior ::run [ RunTime:0.000322s ]
INFO: TokenBuild Behavior ::run [ RunTime:0.000354s ]
INFO: WriteHtmlCache Behavior ::run [ RunTime:0.000268s ]
INFO: ShowRuntime Behavior ::run [ RunTime:0.000394s ]
INFO: [ view_filter ] --END-- [ RunTime:0.001525s ]
INFO: [ view_end ] --START--
INFO: ShowPageTrace Behavior ::run [ RunTime:0.000564s ]
INFO: [ view_end ] --END-- [ RunTime:0.000616s ]

[ 2014-10-30T16:53:54+08:00 ] 113.214.202.117 /Admin.php?m=Index&a=index
INFO: [ app_begin ] --START--
INFO: ReadHtmlCache Behavior ::run [ RunTime:0.000480s ]
INFO: [ app_begin ] --END-- [ RunTime:0.000552s ]
INFO: [ view_parse ] --START--
INFO: ParseTemplate Behavior ::run [ RunTime:0.015530s ]
INFO: [ view_parse ] --END-- [ RunTime:0.015598s ]
INFO: [ view_filter ] --START--
INFO: ContentReplace Behavior ::run [ RunTime:0.000362s ]
INFO: TokenBuild Behavior ::run [ RunTime:0.000338s ]
INFO: WriteHtmlCache Behavior ::run [ RunTime:0.000243s ]
INFO: ShowRuntime Behavior ::run [ RunTime:0.000422s ]
INFO: [ view_filter ] --END-- [ RunTime:0.001512s ]
INFO: [ view_end ] --START--
INFO: ShowPageTrace Behavior ::run [ RunTime:0.000496s ]
INFO: [ view_end ] --END-- [ RunTime:0.000546s ]

[ 2014-10-30T16:53:54+08:00 ] 113.214.202.117 /Admin.php?m=Index&a=top
INFO: [ app_begin ] --START--
INFO: ReadHtmlCache Behavior ::run [ RunTime:0.000507s ]
INFO: [ app_begin ] --END-- [ RunTime:0.000593s ]
INFO: [ view_parse ] --START--
INFO: ParseTemplate Behavior ::run [ RunTime:0.031884s ]
INFO: [ view_parse ] --END-- [ RunTime:0.031966s ]
INFO: [ view_filter ] --START--
INFO: ContentReplace Behavior ::run [ RunTime:0.000376s ]
INFO: TokenBuild Behavior ::run [ RunTime:0.000367s ]
INFO: WriteHtmlCache Behavior ::run [ RunTime:0.000258s ]
INFO: ShowRuntime Behavior ::run [ RunTime:0.000387s ]
INFO: [ view_filter ] --END-- [ RunTime:0.001555s ]
INFO: [ view_end ] --START--
INFO: ShowPageTrace Behavior ::run [ RunTime:0.000538s ]
INFO: [ view_end ] --END-- [ RunTime:0.000588s ]

[ 2014-10-30T16:53:54+08:00 ] 113.214.202.117 /Admin.php?m=Index&a=menu
INFO: [ app_begin ] --START--
INFO: ReadHtmlCache Behavior ::run [ RunTime:0.000462s ]
INFO: [ app_begin ] --END-- [ RunTime:0.000536s ]
NOTIC: [8] Constant THEME_NAME already defined /home/www/hh85/daiyun/Source/Lib/Core/View.class.php 第 223 行.
NOTIC: [8] Constant THEME_PATH already defined /home/www/hh85/daiyun/Source/Lib/Core/View.class.php 第 174 行.
NOTIC: [8] Constant APP_TMPL_PATH already defined /home/www/hh85/daiyun/Source/Lib/Core/View.class.php 第 175 行.
INFO: [ view_parse ] --START--
INFO: ParseTemplate Behavior ::run [ RunTime:0.024440s ]
INFO: [ view_parse ] --END-- [ RunTime:0.024533s ]
INFO: [ view_filter ] --START--
INFO: ContentReplace Behavior ::run [ RunTime:0.000371s ]
INFO: TokenBuild Behavior ::run [ RunTime:0.000341s ]
INFO: WriteHtmlCache Behavior ::run [ RunTime:0.000271s ]
INFO: ShowRuntime Behavior ::run [ RunTime:0.000386s ]
INFO: [ view_filter ] --END-- [ RunTime:0.001518s ]
INFO: [ view_end ] --START--
INFO: ShowPageTrace Behavior ::run [ RunTime:0.000530s ]
INFO: [ view_end ] --END-- [ RunTime:0.000581s ]

[ 2014-10-30T16:53:54+08:00 ] 113.214.202.117 /Admin.php?m=Index&a=main
INFO: [ app_begin ] --START--
INFO: ReadHtmlCache Behavior ::run [ RunTime:0.000439s ]
INFO: [ app_begin ] --END-- [ RunTime:0.000499s ]
NOTIC: [8] Undefined variable: quanxian /home/www/hh85/daiyun/admin/Lib/Action/IndexAction.class.php 第 41 行.
INFO: [ view_parse ] --START--
INFO: ParseTemplate Behavior ::run [ RunTime:0.014232s ]
INFO: [ view_parse ] --END-- [ RunTime:0.014316s ]
INFO: [ view_filter ] --START--
INFO: ContentReplace Behavior ::run [ RunTime:0.000360s ]
INFO: TokenBuild Behavior ::run [ RunTime:0.000356s ]
INFO: WriteHtmlCache Behavior ::run [ RunTime:0.000245s ]
INFO: ShowRuntime Behavior ::run [ RunTime:0.000416s ]
INFO: [ view_filter ] --END-- [ RunTime:0.001538s ]
INFO: [ view_end ] --START--
INFO: ShowPageTrace Behavior ::run [ RunTime:0.000493s ]
INFO: [ view_end ] --END-- [ RunTime:0.000543s ]

[ 2014-10-30T16:53:55+08:00 ] 113.214.202.117 /Admin.php?m=Index&a=menu_article
INFO: [ app_begin ] --START--
INFO: ReadHtmlCache Behavior ::run [ RunTime:0.000466s ]
INFO: [ app_begin ] --END-- [ RunTime:0.000551s ]
INFO: [ view_parse ] --START--
INFO: ParseTemplate Behavior ::run [ RunTime:0.016715s ]
INFO: [ view_parse ] --END-- [ RunTime:0.016807s ]
INFO: [ view_filter ] --START--
INFO: ContentReplace Behavior ::run [ RunTime:0.000356s ]
INFO: TokenBuild Behavior ::run [ RunTime:0.000357s ]
INFO: WriteHtmlCache Behavior ::run [ RunTime:0.000256s ]
INFO: ShowRuntime Behavior ::run [ RunTime:0.000404s ]
INFO: [ view_filter ] --END-- [ RunTime:0.001539s ]
INFO: [ view_end ] --START--
INFO: ShowPageTrace Behavior ::run [ RunTime:0.000531s ]
INFO: [ view_end ] --END-- [ RunTime:0.000581s ]

[ 2014-10-30T16:53:56+08:00 ] 113.214.202.117 /Admin.php?m=House&a=index
INFO: [ app_begin ] --START--
INFO: ReadHtmlCache Behavior ::run [ RunTime:0.000496s ]
INFO: [ app_begin ] --END-- [ RunTime:0.000567s ]
SQL: SHOW COLUMNS FROM `hh85_house` [ RunTime:0.000796s ]
SQL: SELECT COUNT(*) AS tp_count FROM `hh85_house` LIMIT 1   [ RunTime:0.000128s ]
SQL: SELECT * FROM `hh85_house` ORDER BY createtime DESC LIMIT 0,20   [ RunTime:0.000222s ]
INFO: [ view_parse ] --START--
NOTIC: [8] Undefined index: username /home/www/hh85/daiyun/admin/Runtime/Cache/094258d3429f42fe8f938a7bf270f0b6.php 第 273 行.
NOTIC: [8] Undefined index: status /home/www/hh85/daiyun/admin/Runtime/Cache/094258d3429f42fe8f938a7bf270f0b6.php 第 275 行.
NOTIC: [8] Undefined index: username /home/www/hh85/daiyun/admin/Runtime/Cache/094258d3429f42fe8f938a7bf270f0b6.php 第 273 行.
NOTIC: [8] Undefined index: status /home/www/hh85/daiyun/admin/Runtime/Cache/094258d3429f42fe8f938a7bf270f0b6.php 第 275 行.
NOTIC: [8] Undefined index: username /home/www/hh85/daiyun/admin/Runtime/Cache/094258d3429f42fe8f938a7bf270f0b6.php 第 273 行.
NOTIC: [8] Undefined index: status /home/www/hh85/daiyun/admin/Runtime/Cache/094258d3429f42fe8f938a7bf270f0b6.php 第 275 行.
INFO: ParseTemplate Behavior ::run [ RunTime:0.024456s ]
INFO: [ view_parse ] --END-- [ RunTime:0.024528s ]
INFO: [ view_filter ] --START--
INFO: ContentReplace Behavior ::run [ RunTime:0.000422s ]
INFO: TokenBuild Behavior ::run [ RunTime:0.000350s ]
INFO: WriteHtmlCache Behavior ::run [ RunTime:0.000244s ]
INFO: ShowRuntime Behavior ::run [ RunTime:0.000422s ]
INFO: [ view_filter ] --END-- [ RunTime:0.001590s ]
INFO: [ view_end ] --START--
INFO: ShowPageTrace Behavior ::run [ RunTime:0.000511s ]
INFO: [ view_end ] --END-- [ RunTime:0.000573s ]

[ 2014-10-30T16:56:17+08:00 ] 113.214.202.117 /Admin.php?m=Index&a=menu_article
INFO: [ app_begin ] --START--
INFO: ReadHtmlCache Behavior ::run [ RunTime:0.000466s ]
INFO: [ app_begin ] --END-- [ RunTime:0.000544s ]
INFO: [ view_parse ] --START--
INFO: ParseTemplate Behavior ::run [ RunTime:0.007253s ]
INFO: [ view_parse ] --END-- [ RunTime:0.007323s ]
INFO: [ view_filter ] --START--
INFO: ContentReplace Behavior ::run [ RunTime:0.000356s ]
INFO: TokenBuild Behavior ::run [ RunTime:0.000352s ]
INFO: WriteHtmlCache Behavior ::run [ RunTime:0.000255s ]
INFO: ShowRuntime Behavior ::run [ RunTime:0.000437s ]
INFO: [ view_filter ] --END-- [ RunTime:0.001589s ]
INFO: [ view_end ] --START--
INFO: ShowPageTrace Behavior ::run [ RunTime:0.000527s ]
INFO: [ view_end ] --END-- [ RunTime:0.000578s ]

[ 2014-10-30T16:56:18+08:00 ] 113.214.202.117 /Admin.php?m=Category&a=add
INFO: [ app_begin ] --START--
INFO: ReadHtmlCache Behavior ::run [ RunTime:0.000721s ]
INFO: [ app_begin ] --END-- [ RunTime:0.000826s ]
NOTIC: [8] Undefined index: submit /home/www/hh85/daiyun/admin/Lib/Action/CategoryAction.class.php 第 15 行.
INFO: [ view_parse ] --START--
NOTIC: [8] Undefined variable: list /home/www/hh85/daiyun/admin/Runtime/Cache/a4375f5011068cce2f0ce66bcd6e047a.php 第 247 行.
INFO: ParseTemplate Behavior ::run [ RunTime:0.009800s ]
INFO: [ view_parse ] --END-- [ RunTime:0.009868s ]
INFO: [ view_filter ] --START--
INFO: ContentReplace Behavior ::run [ RunTime:0.000369s ]
INFO: TokenBuild Behavior ::run [ RunTime:0.000339s ]
INFO: WriteHtmlCache Behavior ::run [ RunTime:0.000256s ]
INFO: ShowRuntime Behavior ::run [ RunTime:0.000405s ]
INFO: [ view_filter ] --END-- [ RunTime:0.001521s ]
INFO: [ view_end ] --START--
INFO: ShowPageTrace Behavior ::run [ RunTime:0.000597s ]
INFO: [ view_end ] --END-- [ RunTime:0.000649s ]

[ 2014-10-30T16:56:20+08:00 ] 113.214.202.117 /Admin.php?m=Category&a=index
INFO: [ app_begin ] --START--
INFO: ReadHtmlCache Behavior ::run [ RunTime:0.000720s ]
INFO: [ app_begin ] --END-- [ RunTime:0.000822s ]
SQL: SHOW COLUMNS FROM `hh85_category` [ RunTime:0.000743s ]
SQL: SELECT * FROM `hh85_category`  [ RunTime:0.000177s ]
INFO: [ view_parse ] --START--
INFO: ParseTemplate Behavior ::run [ RunTime:0.010419s ]
INFO: [ view_parse ] --END-- [ RunTime:0.010493s ]
INFO: [ view_filter ] --START--
INFO: ContentReplace Behavior ::run [ RunTime:0.000397s ]
INFO: TokenBuild Behavior ::run [ RunTime:0.000515s ]
INFO: WriteHtmlCache Behavior ::run [ RunTime:0.000391s ]
INFO: ShowRuntime Behavior ::run [ RunTime:0.000590s ]
INFO: [ view_filter ] --END-- [ RunTime:0.002116s ]
INFO: [ view_end ] --START--
INFO: ShowPageTrace Behavior ::run [ RunTime:0.000723s ]
INFO: [ view_end ] --END-- [ RunTime:0.000822s ]

[ 2014-10-30T16:56:25+08:00 ] 113.214.202.117 /Admin.php?m=MsgCate&a=index
INFO: [ app_begin ] --START--
INFO: ReadHtmlCache Behavior ::run [ RunTime:0.000473s ]
INFO: [ app_begin ] --END-- [ RunTime:0.000545s ]
SQL: SHOW COLUMNS FROM `hh85_msg_cate` [ RunTime:0.000666s ]
SQL: SELECT * FROM `hh85_msg_cate`  [ RunTime:0.000155s ]
INFO: [ view_parse ] --START--
INFO: ParseTemplate Behavior ::run [ RunTime:0.008599s ]
INFO: [ view_parse ] --END-- [ RunTime:0.008679s ]
INFO: [ view_filter ] --START--
INFO: ContentReplace Behavior ::run [ RunTime:0.000358s ]
INFO: TokenBuild Behavior ::run [ RunTime:0.000371s ]
INFO: WriteHtmlCache Behavior ::run [ RunTime:0.000292s ]
INFO: ShowRuntime Behavior ::run [ RunTime:0.000403s ]
INFO: [ view_filter ] --END-- [ RunTime:0.001589s ]
INFO: [ view_end ] --START--
INFO: ShowPageTrace Behavior ::run [ RunTime:0.000524s ]
INFO: [ view_end ] --END-- [ RunTime:0.000578s ]

[ 2014-10-30T16:56:27+08:00 ] 113.214.202.117 /Admin.php?m=Category&a=index
INFO: [ app_begin ] --START--
INFO: ReadHtmlCache Behavior ::run [ RunTime:0.000457s ]
INFO: [ app_begin ] --END-- [ RunTime:0.000528s ]
SQL: SHOW COLUMNS FROM `hh85_category` [ RunTime:0.000651s ]
SQL: SELECT * FROM `hh85_category`  [ RunTime:0.000174s ]
INFO: [ view_parse ] --START--
INFO: ParseTemplate Behavior ::run [ RunTime:0.008751s ]
INFO: [ view_parse ] --END-- [ RunTime:0.008821s ]
INFO: [ view_filter ] --START--
INFO: ContentReplace Behavior ::run [ RunTime:0.000393s ]
INFO: TokenBuild Behavior ::run [ RunTime:0.000348s ]
INFO: WriteHtmlCache Behavior ::run [ RunTime:0.000239s ]
INFO: ShowRuntime Behavior ::run [ RunTime:0.000396s ]
INFO: [ view_filter ] --END-- [ RunTime:0.001535s ]
INFO: [ view_end ] --START--
INFO: ShowPageTrace Behavior ::run [ RunTime:0.000536s ]
INFO: [ view_end ] --END-- [ RunTime:0.000600s ]

[ 2014-10-30T16:56:36+08:00 ] 113.214.202.117 /Admin.php?m=MsgCate&a=index
INFO: [ app_begin ] --START--
INFO: ReadHtmlCache Behavior ::run [ RunTime:0.000456s ]
INFO: [ app_begin ] --END-- [ RunTime:0.000545s ]
SQL: SHOW COLUMNS FROM `hh85_msg_cate` [ RunTime:0.000557s ]
SQL: SELECT * FROM `hh85_msg_cate`  [ RunTime:0.000154s ]
INFO: [ view_parse ] --START--
INFO: ParseTemplate Behavior ::run [ RunTime:0.008580s ]
INFO: [ view_parse ] --END-- [ RunTime:0.008651s ]
INFO: [ view_filter ] --START--
INFO: ContentReplace Behavior ::run [ RunTime:0.000355s ]
INFO: TokenBuild Behavior ::run [ RunTime:0.000337s ]
INFO: WriteHtmlCache Behavior ::run [ RunTime:0.000259s ]
INFO: ShowRuntime Behavior ::run [ RunTime:0.000385s ]
INFO: [ view_filter ] --END-- [ RunTime:0.001494s ]
INFO: [ view_end ] --START--
INFO: ShowPageTrace Behavior ::run [ RunTime:0.000517s ]
INFO: [ view_end ] --END-- [ RunTime:0.000580s ]

[ 2014-10-30T16:56:38+08:00 ] 113.214.202.117 /Admin.php?m=Category&a=add
INFO: [ app_begin ] --START--
INFO: ReadHtmlCache Behavior ::run [ RunTime:0.000473s ]
INFO: [ app_begin ] --END-- [ RunTime:0.000543s ]
NOTIC: [8] Undefined index: submit /home/www/hh85/daiyun/admin/Lib/Action/CategoryAction.class.php 第 15 行.
INFO: [ view_parse ] --START--
NOTIC: [8] Undefined variable: list /home/www/hh85/daiyun/admin/Runtime/Cache/a4375f5011068cce2f0ce66bcd6e047a.php 第 247 行.
INFO: ParseTemplate Behavior ::run [ RunTime:0.007701s ]
INFO: [ view_parse ] --END-- [ RunTime:0.007756s ]
INFO: [ view_filter ] --START--
INFO: ContentReplace Behavior ::run [ RunTime:0.000335s ]
INFO: TokenBuild Behavior ::run [ RunTime:0.000343s ]
INFO: WriteHtmlCache Behavior ::run [ RunTime:0.000258s ]
INFO: ShowRuntime Behavior ::run [ RunTime:0.000395s ]
INFO: [ view_filter ] --END-- [ RunTime:0.001483s ]
INFO: [ view_end ] --START--
INFO: ShowPageTrace Behavior ::run [ RunTime:0.000517s ]
INFO: [ view_end ] --END-- [ RunTime:0.000566s ]

[ 2014-10-30T16:56:41+08:00 ] 113.214.202.117 /Admin.php?m=Category&a=index
INFO: [ app_begin ] --START--
INFO: ReadHtmlCache Behavior ::run [ RunTime:0.000480s ]
INFO: [ app_begin ] --END-- [ RunTime:0.000552s ]
SQL: SHOW COLUMNS FROM `hh85_category` [ RunTime:0.000667s ]
SQL: SELECT * FROM `hh85_category`  [ RunTime:0.000176s ]
INFO: [ view_parse ] --START--
INFO: ParseTemplate Behavior ::run [ RunTime:0.008819s ]
INFO: [ view_parse ] --END-- [ RunTime:0.008893s ]
INFO: [ view_filter ] --START--
INFO: ContentReplace Behavior ::run [ RunTime:0.000415s ]
INFO: TokenBuild Behavior ::run [ RunTime:0.000336s ]
INFO: WriteHtmlCache Behavior ::run [ RunTime:0.000240s ]
INFO: ShowRuntime Behavior ::run [ RunTime:0.000414s ]
INFO: [ view_filter ] --END-- [ RunTime:0.001590s ]
INFO: [ view_end ] --START--
INFO: ShowPageTrace Behavior ::run [ RunTime:0.000522s ]
INFO: [ view_end ] --END-- [ RunTime:0.000593s ]

[ 2014-10-30T16:56:57+08:00 ] 113.214.202.117 /Admin.php?m=MsgCate&a=index
INFO: [ app_begin ] --START--
INFO: ReadHtmlCache Behavior ::run [ RunTime:0.000683s ]
INFO: [ app_begin ] --END-- [ RunTime:0.000776s ]
SQL: SHOW COLUMNS FROM `hh85_msg_cate` [ RunTime:0.000563s ]
SQL: SELECT * FROM `hh85_msg_cate`  [ RunTime:0.000152s ]
INFO: [ view_parse ] --START--
INFO: ParseTemplate Behavior ::run [ RunTime:0.009862s ]
INFO: [ view_parse ] --END-- [ RunTime:0.009965s ]
INFO: [ view_filter ] --START--
INFO: ContentReplace Behavior ::run [ RunTime:0.000586s ]
INFO: TokenBuild Behavior ::run [ RunTime:0.000519s ]
INFO: WriteHtmlCache Behavior ::run [ RunTime:0.000382s ]
INFO: ShowRuntime Behavior ::run [ RunTime:0.000592s ]
INFO: [ view_filter ] --END-- [ RunTime:0.002306s ]
INFO: [ view_end ] --START--
INFO: ShowPageTrace Behavior ::run [ RunTime:0.000747s ]
INFO: [ view_end ] --END-- [ RunTime:0.000828s ]

[ 2014-10-30T16:57:00+08:00 ] 113.214.202.117 /Admin.php?m=Category&a=index
INFO: [ app_begin ] --START--
INFO: ReadHtmlCache Behavior ::run [ RunTime:0.000588s ]
INFO: [ app_begin ] --END-- [ RunTime:0.000675s ]
SQL: SHOW COLUMNS FROM `hh85_category` [ RunTime:0.000664s ]
SQL: SELECT * FROM `hh85_category`  [ RunTime:0.000175s ]
INFO: [ view_parse ] --START--
INFO: ParseTemplate Behavior ::run [ RunTime:0.009454s ]
INFO: [ view_parse ] --END-- [ RunTime:0.009543s ]
INFO: [ view_filter ] --START--
INFO: ContentReplace Behavior ::run [ RunTime:0.000459s ]
INFO: TokenBuild Behavior ::run [ RunTime:0.000398s ]
INFO: WriteHtmlCache Behavior ::run [ RunTime:0.000259s ]
INFO: ShowRuntime Behavior ::run [ RunTime:0.000416s ]
INFO: [ view_filter ] --END-- [ RunTime:0.001699s ]
INFO: [ view_end ] --START--
INFO: ShowPageTrace Behavior ::run [ RunTime:0.000531s ]
INFO: [ view_end ] --END-- [ RunTime:0.000598s ]

[ 2014-10-30T16:57:01+08:00 ] 113.214.202.117 /Admin.php?m=Category&a=add
INFO: [ app_begin ] --START--
INFO: ReadHtmlCache Behavior ::run [ RunTime:0.000461s ]
INFO: [ app_begin ] --END-- [ RunTime:0.000543s ]
NOTIC: [8] Undefined index: submit /home/www/hh85/daiyun/admin/Lib/Action/CategoryAction.class.php 第 15 行.
INFO: [ view_parse ] --START--
NOTIC: [8] Undefined variable: list /home/www/hh85/daiyun/admin/Runtime/Cache/a4375f5011068cce2f0ce66bcd6e047a.php 第 247 行.
INFO: ParseTemplate Behavior ::run [ RunTime:0.007446s ]
INFO: [ view_parse ] --END-- [ RunTime:0.007499s ]
INFO: [ view_filter ] --START--
INFO: ContentReplace Behavior ::run [ RunTime:0.000360s ]
INFO: TokenBuild Behavior ::run [ RunTime:0.000340s ]
INFO: WriteHtmlCache Behavior ::run [ RunTime:0.000249s ]
INFO: ShowRuntime Behavior ::run [ RunTime:0.000404s ]
INFO: [ view_filter ] --END-- [ RunTime:0.001499s ]
INFO: [ view_end ] --START--
INFO: ShowPageTrace Behavior ::run [ RunTime:0.000514s ]
INFO: [ view_end ] --END-- [ RunTime:0.000565s ]

[ 2014-10-30T16:59:37+08:00 ] 113.214.202.117 /Admin.php?m=Category&a=add
INFO: [ app_begin ] --START--
INFO: ReadHtmlCache Behavior ::run [ RunTime:0.000485s ]
INFO: [ app_begin ] --END-- [ RunTime:0.000557s ]
NOTIC: [8] Undefined index: submit /home/www/hh85/daiyun/admin/Lib/Action/CategoryAction.class.php 第 15 行.
INFO: [ view_parse ] --START--
NOTIC: [8] Undefined variable: list /home/www/hh85/daiyun/admin/Runtime/Cache/a4375f5011068cce2f0ce66bcd6e047a.php 第 85 行.
INFO: ParseTemplate Behavior ::run [ RunTime:0.007163s ]
INFO: [ view_parse ] --END-- [ RunTime:0.007221s ]
INFO: [ view_filter ] --START--
INFO: ContentReplace Behavior ::run [ RunTime:0.000345s ]
INFO: TokenBuild Behavior ::run [ RunTime:0.000404s ]
INFO: WriteHtmlCache Behavior ::run [ RunTime:0.000253s ]
INFO: ShowRuntime Behavior ::run [ RunTime:0.000386s ]
INFO: [ view_filter ] --END-- [ RunTime:0.001553s ]
INFO: [ view_end ] --START--
INFO: ShowPageTrace Behavior ::run [ RunTime:0.000533s ]
INFO: [ view_end ] --END-- [ RunTime:0.000586s ]

[ 2014-10-30T17:02:22+08:00 ] 113.214.202.117 /Admin.php?m=Category&a=add
INFO: [ app_begin ] --START--
INFO: ReadHtmlCache Behavior ::run [ RunTime:0.000484s ]
INFO: [ app_begin ] --END-- [ RunTime:0.000563s ]
NOTIC: [8] Undefined index: submit /home/www/hh85/daiyun/admin/Lib/Action/CategoryAction.class.php 第 15 行.
SQL: SHOW COLUMNS FROM `hh85_category` [ RunTime:0.000688s ]
SQL: SELECT * FROM `hh85_category` WHERE ( cid=0 )  [ RunTime:0.000214s ]
INFO: [ view_parse ] --START--
INFO: ParseTemplate Behavior ::run [ RunTime:0.008010s ]
INFO: [ view_parse ] --END-- [ RunTime:0.008091s ]
INFO: [ view_filter ] --START--
INFO: ContentReplace Behavior ::run [ RunTime:0.000350s ]
INFO: TokenBuild Behavior ::run [ RunTime:0.000403s ]
INFO: WriteHtmlCache Behavior ::run [ RunTime:0.000271s ]
INFO: ShowRuntime Behavior ::run [ RunTime:0.000387s ]
INFO: [ view_filter ] --END-- [ RunTime:0.001577s ]
INFO: [ view_end ] --START--
INFO: ShowPageTrace Behavior ::run [ RunTime:0.000536s ]
INFO: [ view_end ] --END-- [ RunTime:0.000590s ]

[ 2014-10-30T17:03:07+08:00 ] 113.214.202.117 /Admin.php?m=Category&a=add
INFO: [ app_begin ] --START--
INFO: ReadHtmlCache Behavior ::run [ RunTime:0.000471s ]
INFO: [ app_begin ] --END-- [ RunTime:0.000542s ]
NOTIC: [8] Undefined index: submit /home/www/hh85/daiyun/admin/Lib/Action/CategoryAction.class.php 第 15 行.
SQL: SHOW COLUMNS FROM `hh85_category` [ RunTime:0.000629s ]
SQL: SELECT * FROM `hh85_category` WHERE ( cid=0 )  [ RunTime:0.000221s ]
INFO: [ view_parse ] --START--
INFO: ParseTemplate Behavior ::run [ RunTime:0.006893s ]
INFO: [ view_parse ] --END-- [ RunTime:0.006964s ]
INFO: [ view_filter ] --START--
INFO: ContentReplace Behavior ::run [ RunTime:0.000337s ]
INFO: TokenBuild Behavior ::run [ RunTime:0.000381s ]
INFO: WriteHtmlCache Behavior ::run [ RunTime:0.000506s ]
INFO: ShowRuntime Behavior ::run [ RunTime:0.000478s ]
INFO: [ view_filter ] --END-- [ RunTime:0.001903s ]
INFO: [ view_end ] --START--
INFO: ShowPageTrace Behavior ::run [ RunTime:0.000577s ]
INFO: [ view_end ] --END-- [ RunTime:0.000634s ]

[ 2014-10-30T17:03:13+08:00 ] 113.214.202.117 /Admin.php?m=Category&a=add
INFO: [ app_begin ] --START--
INFO: ReadHtmlCache Behavior ::run [ RunTime:0.000476s ]
INFO: [ app_begin ] --END-- [ RunTime:0.000547s ]
NOTIC: [8] Undefined index: submit /home/www/hh85/daiyun/admin/Lib/Action/CategoryAction.class.php 第 15 行.
SQL: SHOW COLUMNS FROM `hh85_category` [ RunTime:0.000511s ]
SQL: SELECT * FROM `hh85_category` WHERE ( cid=0 )  [ RunTime:0.000189s ]
INFO: [ view_parse ] --START--
INFO: ParseTemplate Behavior ::run [ RunTime:0.007134s ]
INFO: [ view_parse ] --END-- [ RunTime:0.007215s ]
INFO: [ view_filter ] --START--
INFO: ContentReplace Behavior ::run [ RunTime:0.000355s ]
INFO: TokenBuild Behavior ::run [ RunTime:0.000330s ]
INFO: WriteHtmlCache Behavior ::run [ RunTime:0.000248s ]
INFO: ShowRuntime Behavior ::run [ RunTime:0.000411s ]
INFO: [ view_filter ] --END-- [ RunTime:0.001497s ]
INFO: [ view_end ] --START--
INFO: ShowPageTrace Behavior ::run [ RunTime:0.000517s ]
INFO: [ view_end ] --END-- [ RunTime:0.000571s ]

[ 2014-10-30T17:03:14+08:00 ] 113.214.202.117 /Admin.php?m=Category&a=index
INFO: [ app_begin ] --START--
INFO: ReadHtmlCache Behavior ::run [ RunTime:0.000492s ]
INFO: [ app_begin ] --END-- [ RunTime:0.000578s ]
SQL: SHOW COLUMNS FROM `hh85_category` [ RunTime:0.000684s ]
SQL: SELECT * FROM `hh85_category`  [ RunTime:0.000185s ]
INFO: [ view_parse ] --START--
INFO: ParseTemplate Behavior ::run [ RunTime:0.009236s ]
INFO: [ view_parse ] --END-- [ RunTime:0.009331s ]
INFO: [ view_filter ] --START--
INFO: ContentReplace Behavior ::run [ RunTime:0.000396s ]
INFO: TokenBuild Behavior ::run [ RunTime:0.000354s ]
INFO: WriteHtmlCache Behavior ::run [ RunTime:0.000262s ]
INFO: ShowRuntime Behavior ::run [ RunTime:0.000411s ]
INFO: [ view_filter ] --END-- [ RunTime:0.001594s ]
INFO: [ view_end ] --START--
INFO: ShowPageTrace Behavior ::run [ RunTime:0.000522s ]
INFO: [ view_end ] --END-- [ RunTime:0.000582s ]

[ 2014-10-30T17:03:57+08:00 ] 113.214.202.117 /Admin.php?m=Category&a=add
INFO: [ app_begin ] --START--
INFO: ReadHtmlCache Behavior ::run [ RunTime:0.000472s ]
INFO: [ app_begin ] --END-- [ RunTime:0.000542s ]
NOTIC: [8] Undefined index: submit /home/www/hh85/daiyun/admin/Lib/Action/CategoryAction.class.php 第 15 行.
SQL: SHOW COLUMNS FROM `hh85_category` [ RunTime:0.000678s ]
SQL: SELECT * FROM `hh85_category` WHERE ( cid=0 )  [ RunTime:0.000219s ]
INFO: [ view_parse ] --START--
INFO: ParseTemplate Behavior ::run [ RunTime:0.007227s ]
INFO: [ view_parse ] --END-- [ RunTime:0.007319s ]
INFO: [ view_filter ] --START--
INFO: ContentReplace Behavior ::run [ RunTime:0.000354s ]
INFO: TokenBuild Behavior ::run [ RunTime:0.000355s ]
INFO: WriteHtmlCache Behavior ::run [ RunTime:0.000249s ]
INFO: ShowRuntime Behavior ::run [ RunTime:0.000415s ]
INFO: [ view_filter ] --END-- [ RunTime:0.001533s ]
INFO: [ view_end ] --START--
INFO: ShowPageTrace Behavior ::run [ RunTime:0.000540s ]
INFO: [ view_end ] --END-- [ RunTime:0.000602s ]

[ 2014-10-30T17:04:01+08:00 ] 113.214.202.117 /Admin.php?m=Category&a=add
INFO: [ app_begin ] --START--
INFO: ReadHtmlCache Behavior ::run [ RunTime:0.000470s ]
INFO: [ app_begin ] --END-- [ RunTime:0.000540s ]
SQL: SHOW COLUMNS FROM `hh85_category` [ RunTime:0.000653s ]
SQL: INSERT INTO `hh85_category` (`name`,`cid`,`tixing`) VALUES ('怀孕第五周',0,0) [ RunTime:0.000200s ]
INFO: [ view_parse ] --START--
INFO: ParseTemplate Behavior ::run [ RunTime:0.005945s ]
INFO: [ view_parse ] --END-- [ RunTime:0.006012s ]
INFO: [ view_filter ] --START--
INFO: ContentReplace Behavior ::run [ RunTime:0.000316s ]
INFO: TokenBuild Behavior ::run [ RunTime:0.000348s ]
INFO: WriteHtmlCache Behavior ::run [ RunTime:0.000257s ]
INFO: ShowRuntime Behavior ::run [ RunTime:0.000379s ]
INFO: [ view_filter ] --END-- [ RunTime:0.001472s ]
INFO: [ view_end ] --START--
INFO: ShowPageTrace Behavior ::run [ RunTime:0.000552s ]
INFO: [ view_end ] --END-- [ RunTime:0.000603s ]

[ 2014-10-30T17:04:02+08:00 ] 113.214.202.117 /Admin.php?m=Category&a=add
INFO: [ app_begin ] --START--
INFO: ReadHtmlCache Behavior ::run [ RunTime:0.000463s ]
INFO: [ app_begin ] --END-- [ RunTime:0.000533s ]
NOTIC: [8] Undefined index: submit /home/www/hh85/daiyun/admin/Lib/Action/CategoryAction.class.php 第 15 行.
SQL: SHOW COLUMNS FROM `hh85_category` [ RunTime:0.000672s ]
SQL: SELECT * FROM `hh85_category` WHERE ( cid=0 )  [ RunTime:0.000206s ]
INFO: [ view_parse ] --START--
INFO: ParseTemplate Behavior ::run [ RunTime:0.007118s ]
INFO: [ view_parse ] --END-- [ RunTime:0.007192s ]
INFO: [ view_filter ] --START--
INFO: ContentReplace Behavior ::run [ RunTime:0.000346s ]
INFO: TokenBuild Behavior ::run [ RunTime:0.000358s ]
INFO: WriteHtmlCache Behavior ::run [ RunTime:0.000251s ]
INFO: ShowRuntime Behavior ::run [ RunTime:0.000401s ]
INFO: [ view_filter ] --END-- [ RunTime:0.001507s ]
INFO: [ view_end ] --START--
INFO: ShowPageTrace Behavior ::run [ RunTime:0.000534s ]
INFO: [ view_end ] --END-- [ RunTime:0.000585s ]

[ 2014-10-30T17:04:04+08:00 ] 113.214.202.117 /Admin.php?m=Category&a=index
INFO: [ app_begin ] --START--
INFO: ReadHtmlCache Behavior ::run [ RunTime:0.000480s ]
INFO: [ app_begin ] --END-- [ RunTime:0.000553s ]
SQL: SHOW COLUMNS FROM `hh85_category` [ RunTime:0.000673s ]
SQL: SELECT * FROM `hh85_category`  [ RunTime:0.000178s ]
INFO: [ view_parse ] --START--
INFO: ParseTemplate Behavior ::run [ RunTime:0.008949s ]
INFO: [ view_parse ] --END-- [ RunTime:0.009018s ]
INFO: [ view_filter ] --START--
INFO: ContentReplace Behavior ::run [ RunTime:0.000370s ]
INFO: TokenBuild Behavior ::run [ RunTime:0.000341s ]
INFO: WriteHtmlCache Behavior ::run [ RunTime:0.000252s ]
INFO: ShowRuntime Behavior ::run [ RunTime:0.000396s ]
INFO: [ view_filter ] --END-- [ RunTime:0.001510s ]
INFO: [ view_end ] --START--
INFO: ShowPageTrace Behavior ::run [ RunTime:0.000516s ]
INFO: [ view_end ] --END-- [ RunTime:0.000578s ]

[ 2014-10-30T17:04:40+08:00 ] 113.214.202.117 /Admin.php?m=Category&a=add
INFO: [ app_begin ] --START--
INFO: ReadHtmlCache Behavior ::run [ RunTime:0.000478s ]
INFO: [ app_begin ] --END-- [ RunTime:0.000551s ]
SQL: SHOW COLUMNS FROM `hh85_category` [ RunTime:0.000761s ]
SQL: INSERT INTO `hh85_category` (`name`) VALUES ('怀孕第六周') [ RunTime:0.000191s ]
INFO: [ view_parse ] --START--
INFO: ParseTemplate Behavior ::run [ RunTime:0.006111s ]
INFO: [ view_parse ] --END-- [ RunTime:0.006180s ]
INFO: [ view_filter ] --START--
INFO: ContentReplace Behavior ::run [ RunTime:0.000347s ]
INFO: TokenBuild Behavior ::run [ RunTime:0.000353s ]
INFO: WriteHtmlCache Behavior ::run [ RunTime:0.000240s ]
INFO: ShowRuntime Behavior ::run [ RunTime:0.000406s ]
INFO: [ view_filter ] --END-- [ RunTime:0.001498s ]
INFO: [ view_end ] --START--
INFO: ShowPageTrace Behavior ::run [ RunTime:0.000518s ]
INFO: [ view_end ] --END-- [ RunTime:0.000578s ]

[ 2014-10-30T17:04:41+08:00 ] 113.214.202.117 /Admin.php?m=Category&a=index
INFO: [ app_begin ] --START--
INFO: ReadHtmlCache Behavior ::run [ RunTime:0.000626s ]
INFO: [ app_begin ] --END-- [ RunTime:0.000738s ]
SQL: SHOW COLUMNS FROM `hh85_category` [ RunTime:0.000876s ]
SQL: SELECT * FROM `hh85_category`  [ RunTime:0.000246s ]
INFO: [ view_parse ] --START--
INFO: ParseTemplate Behavior ::run [ RunTime:0.008937s ]
INFO: [ view_parse ] --END-- [ RunTime:0.009029s ]
INFO: [ view_filter ] --START--
INFO: ContentReplace Behavior ::run [ RunTime:0.000401s ]
INFO: TokenBuild Behavior ::run [ RunTime:0.000335s ]
INFO: WriteHtmlCache Behavior ::run [ RunTime:0.000241s ]
INFO: ShowRuntime Behavior ::run [ RunTime:0.000421s ]
INFO: [ view_filter ] --END-- [ RunTime:0.001561s ]
INFO: [ view_end ] --START--
INFO: ShowPageTrace Behavior ::run [ RunTime:0.000515s ]
INFO: [ view_end ] --END-- [ RunTime:0.000575s ]

[ 2014-10-30T17:04:44+08:00 ] 113.214.202.117 /Admin.php?m=Category&a=add
INFO: [ app_begin ] --START--
INFO: ReadHtmlCache Behavior ::run [ RunTime:0.000465s ]
INFO: [ app_begin ] --END-- [ RunTime:0.000538s ]
NOTIC: [8] Undefined index: submit /home/www/hh85/daiyun/admin/Lib/Action/CategoryAction.class.php 第 15 行.
SQL: SHOW COLUMNS FROM `hh85_category` [ RunTime:0.000662s ]
SQL: SELECT * FROM `hh85_category` WHERE ( cid=0 )  [ RunTime:0.000207s ]
INFO: [ view_parse ] --START--
INFO: ParseTemplate Behavior ::run [ RunTime:0.007505s ]
INFO: [ view_parse ] --END-- [ RunTime:0.007599s ]
INFO: [ view_filter ] --START--
INFO: ContentReplace Behavior ::run [ RunTime:0.000369s ]
INFO: TokenBuild Behavior ::run [ RunTime:0.000336s ]
INFO: WriteHtmlCache Behavior ::run [ RunTime:0.000257s ]
INFO: ShowRuntime Behavior ::run [ RunTime:0.000409s ]
INFO: [ view_filter ] --END-- [ RunTime:0.001547s ]
INFO: [ view_end ] --START--
INFO: ShowPageTrace Behavior ::run [ RunTime:0.000707s ]
INFO: [ view_end ] --END-- [ RunTime:0.000855s ]

[ 2014-10-30T17:04:49+08:00 ] 113.214.202.117 /Admin.php?m=Category&a=index
INFO: [ app_begin ] --START--
INFO: ReadHtmlCache Behavior ::run [ RunTime:0.000453s ]
INFO: [ app_begin ] --END-- [ RunTime:0.000531s ]
SQL: SHOW COLUMNS FROM `hh85_category` [ RunTime:0.000672s ]
SQL: SELECT * FROM `hh85_category`  [ RunTime:0.000180s ]
INFO: [ view_parse ] --START--
INFO: ParseTemplate Behavior ::run [ RunTime:0.009156s ]
INFO: [ view_parse ] --END-- [ RunTime:0.009249s ]
INFO: [ view_filter ] --START--
INFO: ContentReplace Behavior ::run [ RunTime:0.000365s ]
INFO: TokenBuild Behavior ::run [ RunTime:0.000372s ]
INFO: WriteHtmlCache Behavior ::run [ RunTime:0.000252s ]
INFO: ShowRuntime Behavior ::run [ RunTime:0.000398s ]
INFO: [ view_filter ] --END-- [ RunTime:0.001551s ]
INFO: [ view_end ] --START--
INFO: ShowPageTrace Behavior ::run [ RunTime:0.000547s ]
INFO: [ view_end ] --END-- [ RunTime:0.000624s ]

[ 2014-10-30T17:12:52+08:00 ] 113.214.202.117 /Admin.php?m=Category&a=index
INFO: [ app_begin ] --START--
INFO: ReadHtmlCache Behavior ::run [ RunTime:0.000489s ]
INFO: [ app_begin ] --END-- [ RunTime:0.000575s ]
SQL: SHOW COLUMNS FROM `hh85_category` [ RunTime:0.000739s ]
SQL: SELECT * FROM `hh85_category`  [ RunTime:0.000176s ]
NOTIC: [2] Missing argument 2 for cate_tree_list(), called in /home/www/hh85/daiyun/admin/Lib/Action/CategoryAction.class.php on line 10 and defined /home/www/hh85/daiyun/admin/Common/common.php 第 27 行.
NOTIC: [8] Undefined variable: cid /home/www/hh85/daiyun/admin/Common/common.php 第 30 行.
NOTIC: [8] Undefined variable: cid /home/www/hh85/daiyun/admin/Common/common.php 第 30 行.
NOTIC: [8] Undefined variable: cid /home/www/hh85/daiyun/admin/Common/common.php 第 30 行.
NOTIC: [8] Undefined variable: cid /home/www/hh85/daiyun/admin/Common/common.php 第 30 行.
NOTIC: [8] Undefined variable: cid /home/www/hh85/daiyun/admin/Common/common.php 第 30 行.
NOTIC: [8] Undefined variable: cid /home/www/hh85/daiyun/admin/Common/common.php 第 30 行.
NOTIC: [8] Undefined variable: cid /home/www/hh85/daiyun/admin/Common/common.php 第 30 行.
NOTIC: [8] Undefined variable: cid /home/www/hh85/daiyun/admin/Common/common.php 第 30 行.
NOTIC: [8] Undefined variable: cid /home/www/hh85/daiyun/admin/Common/common.php 第 30 行.
NOTIC: [8] Undefined variable: cid /home/www/hh85/daiyun/admin/Common/common.php 第 30 行.
INFO: [ view_parse ] --START--
INFO: ParseTemplate Behavior ::run [ RunTime:0.008712s ]
INFO: [ view_parse ] --END-- [ RunTime:0.008785s ]
INFO: [ view_filter ] --START--
INFO: ContentReplace Behavior ::run [ RunTime:0.000368s ]
INFO: TokenBuild Behavior ::run [ RunTime:0.000341s ]
INFO: WriteHtmlCache Behavior ::run [ RunTime:0.000237s ]
INFO: ShowRuntime Behavior ::run [ RunTime:0.000431s ]
INFO: [ view_filter ] --END-- [ RunTime:0.001524s ]
INFO: [ view_end ] --START--
INFO: ShowPageTrace Behavior ::run [ RunTime:0.000541s ]
INFO: [ view_end ] --END-- [ RunTime:0.000595s ]

[ 2014-10-30T17:13:44+08:00 ] 113.214.202.117 /Admin.php?m=Category&a=index
INFO: [ app_begin ] --START--
INFO: ReadHtmlCache Behavior ::run [ RunTime:0.000508s ]
INFO: [ app_begin ] --END-- [ RunTime:0.000579s ]
SQL: SHOW COLUMNS FROM `hh85_category` [ RunTime:0.000643s ]
SQL: SELECT * FROM `hh85_category`  [ RunTime:0.000177s ]
NOTIC: [2] Missing argument 2 for cate_tree_list(), called in /home/www/hh85/daiyun/admin/Lib/Action/CategoryAction.class.php on line 10 and defined /home/www/hh85/daiyun/admin/Common/common.php 第 27 行.
NOTIC: [8] Undefined variable: cid /home/www/hh85/daiyun/admin/Common/common.php 第 30 行.
NOTIC: [8] Undefined variable: cid /home/www/hh85/daiyun/admin/Common/common.php 第 30 行.
NOTIC: [8] Undefined variable: cid /home/www/hh85/daiyun/admin/Common/common.php 第 30 行.
NOTIC: [8] Undefined variable: cid /home/www/hh85/daiyun/admin/Common/common.php 第 30 行.
NOTIC: [8] Undefined variable: cid /home/www/hh85/daiyun/admin/Common/common.php 第 30 行.
NOTIC: [8] Undefined variable: cid /home/www/hh85/daiyun/admin/Common/common.php 第 30 行.
NOTIC: [8] Undefined variable: cid /home/www/hh85/daiyun/admin/Common/common.php 第 30 行.
NOTIC: [8] Undefined variable: cid /home/www/hh85/daiyun/admin/Common/common.php 第 30 行.
NOTIC: [8] Undefined variable: cid /home/www/hh85/daiyun/admin/Common/common.php 第 30 行.
NOTIC: [8] Undefined variable: cid /home/www/hh85/daiyun/admin/Common/common.php 第 30 行.
NOTIC: [2] Missing argument 2 for cate_tree_list(), called in /home/www/hh85/daiyun/admin/Lib/Action/CategoryAction.class.php on line 11 and defined /home/www/hh85/daiyun/admin/Common/common.php 第 27 行.
NOTIC: [8] Undefined variable: cid /home/www/hh85/daiyun/admin/Common/common.php 第 30 行.
NOTIC: [8] Undefined variable: cid /home/www/hh85/daiyun/admin/Common/common.php 第 30 行.
NOTIC: [8] Undefined variable: cid /home/www/hh85/daiyun/admin/Common/common.php 第 30 行.
NOTIC: [8] Undefined variable: cid /home/www/hh85/daiyun/admin/Common/common.php 第 30 行.
NOTIC: [8] Undefined variable: cid /home/www/hh85/daiyun/admin/Common/common.php 第 30 行.
NOTIC: [8] Undefined variable: cid /home/www/hh85/daiyun/admin/Common/common.php 第 30 行.
NOTIC: [8] Undefined variable: cid /home/www/hh85/daiyun/admin/Common/common.php 第 30 行.
NOTIC: [8] Undefined variable: cid /home/www/hh85/daiyun/admin/Common/common.php 第 30 行.
NOTIC: [8] Undefined variable: cid /home/www/hh85/daiyun/admin/Common/common.php 第 30 行.
NOTIC: [8] Undefined variable: cid /home/www/hh85/daiyun/admin/Common/common.php 第 30 行.
INFO: [ view_parse ] --START--
INFO: ParseTemplate Behavior ::run [ RunTime:0.008166s ]
INFO: [ view_parse ] --END-- [ RunTime:0.008235s ]
INFO: [ view_filter ] --START--
INFO: ContentReplace Behavior ::run [ RunTime:0.000351s ]
INFO: TokenBuild Behavior ::run [ RunTime:0.000327s ]
INFO: WriteHtmlCache Behavior ::run [ RunTime:0.000248s ]
INFO: ShowRuntime Behavior ::run [ RunTime:0.000392s ]
INFO: [ view_filter ] --END-- [ RunTime:0.001480s ]
INFO: [ view_end ] --START--
INFO: ShowPageTrace Behavior ::run [ RunTime:0.000522s ]
INFO: [ view_end ] --END-- [ RunTime:0.000575s ]

[ 2014-10-30T17:14:14+08:00 ] 113.214.202.117 /Admin.php?m=Category&a=index
INFO: [ app_begin ] --START--
INFO: ReadHtmlCache Behavior ::run [ RunTime:0.000471s ]
INFO: [ app_begin ] --END-- [ RunTime:0.000543s ]
SQL: SHOW COLUMNS FROM `hh85_category` [ RunTime:0.000642s ]
SQL: SELECT * FROM `hh85_category`  [ RunTime:0.000178s ]
NOTIC: [8] Undefined index: level /home/www/hh85/daiyun/admin/Common/common.php 第 31 行.
NOTIC: [8] Undefined index: level /home/www/hh85/daiyun/admin/Common/common.php 第 31 行.
NOTIC: [8] Undefined index: level /home/www/hh85/daiyun/admin/Common/common.php 第 31 行.
NOTIC: [8] Undefined index: level /home/www/hh85/daiyun/admin/Common/common.php 第 31 行.
NOTIC: [8] Undefined index: level /home/www/hh85/daiyun/admin/Common/common.php 第 31 行.
NOTIC: [8] Undefined index: level /home/www/hh85/daiyun/admin/Common/common.php 第 31 行.
NOTIC: [8] Undefined index: level /home/www/hh85/daiyun/admin/Common/common.php 第 31 行.
NOTIC: [8] Undefined index: level /home/www/hh85/daiyun/admin/Common/common.php 第 31 行.
NOTIC: [8] Undefined index: level /home/www/hh85/daiyun/admin/Common/common.php 第 31 行.
NOTIC: [8] Undefined index: level /home/www/hh85/daiyun/admin/Common/common.php 第 31 行.
NOTIC: [8] Undefined index: level /home/www/hh85/daiyun/admin/Common/common.php 第 31 行.
NOTIC: [8] Undefined index: level /home/www/hh85/daiyun/admin/Common/common.php 第 31 行.
NOTIC: [8] Undefined index: level /home/www/hh85/daiyun/admin/Common/common.php 第 31 行.
NOTIC: [8] Undefined index: level /home/www/hh85/daiyun/admin/Common/common.php 第 31 行.
NOTIC: [8] Undefined index: level /home/www/hh85/daiyun/admin/Common/common.php 第 31 行.
NOTIC: [8] Undefined index: level /home/www/hh85/daiyun/admin/Common/common.php 第 31 行.
NOTIC: [8] Undefined index: level /home/www/hh85/daiyun/admin/Common/common.php 第 31 行.
NOTIC: [8] Undefined index: level /home/www/hh85/daiyun/admin/Common/common.php 第 31 行.
NOTIC: [8] Undefined index: level /home/www/hh85/daiyun/admin/Common/common.php 第 31 行.
NOTIC: [8] Undefined index: level /home/www/hh85/daiyun/admin/Common/common.php 第 31 行.
INFO: [ view_parse ] --START--
INFO: ParseTemplate Behavior ::run [ RunTime:0.008867s ]
INFO: [ view_parse ] --END-- [ RunTime:0.008929s ]
INFO: [ view_filter ] --START--
INFO: ContentReplace Behavior ::run [ RunTime:0.000399s ]
INFO: TokenBuild Behavior ::run [ RunTime:0.000417s ]
INFO: WriteHtmlCache Behavior ::run [ RunTime:0.000275s ]
INFO: ShowRuntime Behavior ::run [ RunTime:0.000466s ]
INFO: [ view_filter ] --END-- [ RunTime:0.001720s ]
NOTIC: [2] Cannot modify header information - headers already sent by (output started at /home/www/hh85/daiyun/Source/Common/functions.php:97) /home/www/hh85/daiyun/Source/Lib/Core/View.class.php 第 95 行.
NOTIC: [2] Cannot modify header information - headers already sent by (output started at /home/www/hh85/daiyun/Source/Common/functions.php:97) /home/www/hh85/daiyun/Source/Lib/Core/View.class.php 第 96 行.
NOTIC: [2] Cannot modify header information - headers already sent by (output started at /home/www/hh85/daiyun/Source/Common/functions.php:97) /home/www/hh85/daiyun/Source/Lib/Core/View.class.php 第 97 行.
INFO: [ view_end ] --START--
INFO: ShowPageTrace Behavior ::run [ RunTime:0.000604s ]
INFO: [ view_end ] --END-- [ RunTime:0.000668s ]

[ 2014-10-30T17:15:02+08:00 ] 113.214.202.117 /Admin.php?m=Category&a=index
INFO: [ app_begin ] --START--
INFO: ReadHtmlCache Behavior ::run [ RunTime:0.000566s ]
INFO: [ app_begin ] --END-- [ RunTime:0.000667s ]
SQL: SHOW COLUMNS FROM `hh85_category` [ RunTime:0.000640s ]
SQL: SELECT * FROM `hh85_category`  [ RunTime:0.000201s ]
NOTIC: [8] Undefined index: level /home/www/hh85/daiyun/admin/Common/common.php 第 31 行.
NOTIC: [8] Undefined index: level /home/www/hh85/daiyun/admin/Common/common.php 第 31 行.
NOTIC: [8] Undefined index: level /home/www/hh85/daiyun/admin/Common/common.php 第 31 行.
NOTIC: [8] Undefined index: level /home/www/hh85/daiyun/admin/Common/common.php 第 31 行.
NOTIC: [8] Undefined index: level /home/www/hh85/daiyun/admin/Common/common.php 第 31 行.
NOTIC: [8] Undefined index: level /home/www/hh85/daiyun/admin/Common/common.php 第 31 行.
NOTIC: [8] Undefined index: level /home/www/hh85/daiyun/admin/Common/common.php 第 31 行.
NOTIC: [8] Undefined index: level /home/www/hh85/daiyun/admin/Common/common.php 第 31 行.
NOTIC: [8] Undefined index: level /home/www/hh85/daiyun/admin/Common/common.php 第 31 行.
NOTIC: [8] Undefined index: level /home/www/hh85/daiyun/admin/Common/common.php 第 31 行.
INFO: [ view_parse ] --START--
INFO: ParseTemplate Behavior ::run [ RunTime:0.008913s ]
INFO: [ view_parse ] --END-- [ RunTime:0.008984s ]
INFO: [ view_filter ] --START--
INFO: ContentReplace Behavior ::run [ RunTime:0.000385s ]
INFO: TokenBuild Behavior ::run [ RunTime:0.000349s ]
INFO: WriteHtmlCache Behavior ::run [ RunTime:0.000257s ]
INFO: ShowRuntime Behavior ::run [ RunTime:0.000424s ]
INFO: [ view_filter ] --END-- [ RunTime:0.001565s ]
INFO: [ view_end ] --START--
INFO: ShowPageTrace Behavior ::run [ RunTime:0.000506s ]
INFO: [ view_end ] --END-- [ RunTime:0.000567s ]

[ 2014-10-30T17:15:18+08:00 ] 113.214.202.117 /Admin.php?m=Category&a=index
INFO: [ app_begin ] --START--
INFO: ReadHtmlCache Behavior ::run [ RunTime:0.000495s ]
INFO: [ app_begin ] --END-- [ RunTime:0.000568s ]
SQL: SHOW COLUMNS FROM `hh85_category` [ RunTime:0.000677s ]
SQL: SELECT * FROM `hh85_category`  [ RunTime:0.000184s ]
NOTIC: [8] Undefined index: level /home/www/hh85/daiyun/admin/Common/common.php 第 31 行.
NOTIC: [8] Undefined index: level /home/www/hh85/daiyun/admin/Common/common.php 第 31 行.
NOTIC: [8] Undefined index: level /home/www/hh85/daiyun/admin/Common/common.php 第 31 行.
NOTIC: [8] Undefined index: level /home/www/hh85/daiyun/admin/Common/common.php 第 31 行.
NOTIC: [8] Undefined index: level /home/www/hh85/daiyun/admin/Common/common.php 第 31 行.
NOTIC: [8] Undefined index: level /home/www/hh85/daiyun/admin/Common/common.php 第 31 行.
NOTIC: [8] Undefined index: level /home/www/hh85/daiyun/admin/Common/common.php 第 31 行.
NOTIC: [8] Undefined index: level /home/www/hh85/daiyun/admin/Common/common.php 第 31 行.
NOTIC: [8] Undefined index: level /home/www/hh85/daiyun/admin/Common/common.php 第 31 行.
NOTIC: [8] Undefined index: level /home/www/hh85/daiyun/admin/Common/common.php 第 31 行.
INFO: [ view_parse ] --START--
INFO: ParseTemplate Behavior ::run [ RunTime:0.009221s ]
INFO: [ view_parse ] --END-- [ RunTime:0.009304s ]
INFO: [ view_filter ] --START--
INFO: ContentReplace Behavior ::run [ RunTime:0.000365s ]
INFO: TokenBuild Behavior ::run [ RunTime:0.000359s ]
INFO: WriteHtmlCache Behavior ::run [ RunTime:0.000257s ]
INFO: ShowRuntime Behavior ::run [ RunTime:0.000398s ]
INFO: [ view_filter ] --END-- [ RunTime:0.001530s ]
INFO: [ view_end ] --START--
INFO: ShowPageTrace Behavior ::run [ RunTime:0.000520s ]
INFO: [ view_end ] --END-- [ RunTime:0.000577s ]

[ 2014-10-30T17:15:28+08:00 ] 113.214.202.117 /Admin.php?m=Category&a=edit&id=7
INFO: [ app_begin ] --START--
INFO: ReadHtmlCache Behavior ::run [ RunTime:0.000484s ]
INFO: [ app_begin ] --END-- [ RunTime:0.000570s ]
SQL: SHOW COLUMNS FROM `hh85_category` [ RunTime:0.000666s ]
SQL: SELECT * FROM `hh85_category` WHERE ( id=7 ) LIMIT 1   [ RunTime:0.000218s ]
INFO: [ view_parse ] --START--
NOTIC: [8] Undefined variable: list /home/www/hh85/daiyun/admin/Runtime/Cache/818564edfabe45cfad99e5ad0497b150.php 第 80 行.
INFO: ParseTemplate Behavior ::run [ RunTime:0.007279s ]
INFO: [ view_parse ] --END-- [ RunTime:0.007335s ]
INFO: [ view_filter ] --START--
INFO: ContentReplace Behavior ::run [ RunTime:0.000338s ]
INFO: TokenBuild Behavior ::run [ RunTime:0.000367s ]
INFO: WriteHtmlCache Behavior ::run [ RunTime:0.000250s ]
INFO: ShowRuntime Behavior ::run [ RunTime:0.000407s ]
INFO: [ view_filter ] --END-- [ RunTime:0.001509s ]
INFO: [ view_end ] --START--
INFO: ShowPageTrace Behavior ::run [ RunTime:0.000511s ]
INFO: [ view_end ] --END-- [ RunTime:0.000565s ]

[ 2014-10-30T17:15:31+08:00 ] 113.214.202.117 /Admin.php?m=Category&a=add
INFO: [ app_begin ] --START--
INFO: ReadHtmlCache Behavior ::run [ RunTime:0.000462s ]
INFO: [ app_begin ] --END-- [ RunTime:0.000533s ]
NOTIC: [8] Undefined index: submit /home/www/hh85/daiyun/admin/Lib/Action/CategoryAction.class.php 第 17 行.
SQL: SHOW COLUMNS FROM `hh85_category` [ RunTime:0.000695s ]
SQL: SELECT * FROM `hh85_category` WHERE ( cid=0 )  [ RunTime:0.000229s ]
INFO: [ view_parse ] --START--
INFO: ParseTemplate Behavior ::run [ RunTime:0.007190s ]
INFO: [ view_parse ] --END-- [ RunTime:0.007271s ]
INFO: [ view_filter ] --START--
INFO: ContentReplace Behavior ::run [ RunTime:0.000344s ]
INFO: TokenBuild Behavior ::run [ RunTime:0.000363s ]
INFO: WriteHtmlCache Behavior ::run [ RunTime:0.000244s ]
INFO: ShowRuntime Behavior ::run [ RunTime:0.000407s ]
INFO: [ view_filter ] --END-- [ RunTime:0.001509s ]
INFO: [ view_end ] --START--
INFO: ShowPageTrace Behavior ::run [ RunTime:0.000525s ]
INFO: [ view_end ] --END-- [ RunTime:0.000581s ]

[ 2014-10-30T17:15:40+08:00 ] 113.214.202.117 /Admin.php?m=Category&a=index
INFO: [ app_begin ] --START--
INFO: ReadHtmlCache Behavior ::run [ RunTime:0.000479s ]
INFO: [ app_begin ] --END-- [ RunTime:0.000557s ]
SQL: SHOW COLUMNS FROM `hh85_category` [ RunTime:0.000661s ]
SQL: SELECT * FROM `hh85_category`  [ RunTime:0.000182s ]
NOTIC: [8] Undefined index: level /home/www/hh85/daiyun/admin/Common/common.php 第 31 行.
NOTIC: [8] Undefined index: level /home/www/hh85/daiyun/admin/Common/common.php 第 31 行.
NOTIC: [8] Undefined index: level /home/www/hh85/daiyun/admin/Common/common.php 第 31 行.
NOTIC: [8] Undefined index: level /home/www/hh85/daiyun/admin/Common/common.php 第 31 行.
NOTIC: [8] Undefined index: level /home/www/hh85/daiyun/admin/Common/common.php 第 31 行.
NOTIC: [8] Undefined index: level /home/www/hh85/daiyun/admin/Common/common.php 第 31 行.
NOTIC: [8] Undefined index: level /home/www/hh85/daiyun/admin/Common/common.php 第 31 行.
NOTIC: [8] Undefined index: level /home/www/hh85/daiyun/admin/Common/common.php 第 31 行.
NOTIC: [8] Undefined index: level /home/www/hh85/daiyun/admin/Common/common.php 第 31 行.
NOTIC: [8] Undefined index: level /home/www/hh85/daiyun/admin/Common/common.php 第 31 行.
INFO: [ view_parse ] --START--
INFO: ParseTemplate Behavior ::run [ RunTime:0.009795s ]
INFO: [ view_parse ] --END-- [ RunTime:0.009879s ]
INFO: [ view_filter ] --START--
INFO: ContentReplace Behavior ::run [ RunTime:0.000396s ]
INFO: TokenBuild Behavior ::run [ RunTime:0.000333s ]
INFO: WriteHtmlCache Behavior ::run [ RunTime:0.000241s ]
INFO: ShowRuntime Behavior ::run [ RunTime:0.000413s ]
INFO: [ view_filter ] --END-- [ RunTime:0.001547s ]
INFO: [ view_end ] --START--
INFO: ShowPageTrace Behavior ::run [ RunTime:0.000525s ]
INFO: [ view_end ] --END-- [ RunTime:0.000586s ]

[ 2014-10-30T17:15:41+08:00 ] 113.214.202.117 /Admin.php?m=Category&a=edit&id=5
INFO: [ app_begin ] --START--
INFO: ReadHtmlCache Behavior ::run [ RunTime:0.000475s ]
INFO: [ app_begin ] --END-- [ RunTime:0.000565s ]
SQL: SHOW COLUMNS FROM `hh85_category` [ RunTime:0.000670s ]
SQL: SELECT * FROM `hh85_category` WHERE ( id=5 ) LIMIT 1   [ RunTime:0.000232s ]
INFO: [ view_parse ] --START--
NOTIC: [8] Undefined variable: list /home/www/hh85/daiyun/admin/Runtime/Cache/818564edfabe45cfad99e5ad0497b150.php 第 80 行.
INFO: ParseTemplate Behavior ::run [ RunTime:0.008276s ]
INFO: [ view_parse ] --END-- [ RunTime:0.008349s ]
INFO: [ view_filter ] --START--
INFO: ContentReplace Behavior ::run [ RunTime:0.000374s ]
INFO: TokenBuild Behavior ::run [ RunTime:0.000344s ]
INFO: WriteHtmlCache Behavior ::run [ RunTime:0.000255s ]
INFO: ShowRuntime Behavior ::run [ RunTime:0.000415s ]
INFO: [ view_filter ] --END-- [ RunTime:0.001553s ]
INFO: [ view_end ] --START--
INFO: ShowPageTrace Behavior ::run [ RunTime:0.000521s ]
INFO: [ view_end ] --END-- [ RunTime:0.000575s ]

[ 2014-10-30T17:16:26+08:00 ] 113.214.202.117 /Admin.php?m=Category&a=index
INFO: [ app_begin ] --START--
INFO: ReadHtmlCache Behavior ::run [ RunTime:0.000454s ]
INFO: [ app_begin ] --END-- [ RunTime:0.000526s ]
SQL: SHOW COLUMNS FROM `hh85_category` [ RunTime:0.000664s ]
SQL: SELECT * FROM `hh85_category`  [ RunTime:0.000205s ]
NOTIC: [8] Undefined index: level /home/www/hh85/daiyun/admin/Common/common.php 第 31 行.
NOTIC: [8] Undefined index: level /home/www/hh85/daiyun/admin/Common/common.php 第 31 行.
NOTIC: [8] Undefined index: level /home/www/hh85/daiyun/admin/Common/common.php 第 31 行.
NOTIC: [8] Undefined index: level /home/www/hh85/daiyun/admin/Common/common.php 第 31 行.
NOTIC: [8] Undefined index: level /home/www/hh85/daiyun/admin/Common/common.php 第 31 行.
NOTIC: [8] Undefined index: level /home/www/hh85/daiyun/admin/Common/common.php 第 31 行.
NOTIC: [8] Undefined index: level /home/www/hh85/daiyun/admin/Common/common.php 第 31 行.
NOTIC: [8] Undefined index: level /home/www/hh85/daiyun/admin/Common/common.php 第 31 行.
NOTIC: [8] Undefined index: level /home/www/hh85/daiyun/admin/Common/common.php 第 31 行.
NOTIC: [8] Undefined index: level /home/www/hh85/daiyun/admin/Common/common.php 第 31 行.
INFO: [ view_parse ] --START--
INFO: ParseTemplate Behavior ::run [ RunTime:0.009880s ]
INFO: [ view_parse ] --END-- [ RunTime:0.009955s ]
INFO: [ view_filter ] --START--
INFO: ContentReplace Behavior ::run [ RunTime:0.000448s ]
INFO: TokenBuild Behavior ::run [ RunTime:0.000358s ]
INFO: WriteHtmlCache Behavior ::run [ RunTime:0.000242s ]
INFO: ShowRuntime Behavior ::run [ RunTime:0.000426s ]
INFO: [ view_filter ] --END-- [ RunTime:0.001629s ]
INFO: [ view_end ] --START--
INFO: ShowPageTrace Behavior ::run [ RunTime:0.000520s ]
INFO: [ view_end ] --END-- [ RunTime:0.000585s ]

[ 2014-10-30T17:16:28+08:00 ] 113.214.202.117 /Admin.php?m=Category&a=edit&id=6
INFO: [ app_begin ] --START--
INFO: ReadHtmlCache Behavior ::run [ RunTime:0.000472s ]
INFO: [ app_begin ] --END-- [ RunTime:0.000542s ]
SQL: SHOW COLUMNS FROM `hh85_category` [ RunTime:0.000668s ]
SQL: SELECT * FROM `hh85_category` WHERE ( id=6 ) LIMIT 1   [ RunTime:0.000216s ]
INFO: [ view_parse ] --START--
NOTIC: [8] Undefined variable: list /home/www/hh85/daiyun/admin/Runtime/Cache/818564edfabe45cfad99e5ad0497b150.php 第 80 行.
NOTIC: [8] Undefined index: content /home/www/hh85/daiyun/admin/Runtime/Cache/818564edfabe45cfad99e5ad0497b150.php 第 100 行.
INFO: ParseTemplate Behavior ::run [ RunTime:0.007289s ]
INFO: [ view_parse ] --END-- [ RunTime:0.007344s ]
INFO: [ view_filter ] --START--
INFO: ContentReplace Behavior ::run [ RunTime:0.000345s ]
INFO: TokenBuild Behavior ::run [ RunTime:0.000346s ]
INFO: WriteHtmlCache Behavior ::run [ RunTime:0.000240s ]
INFO: ShowRuntime Behavior ::run [ RunTime:0.000396s ]
INFO: [ view_filter ] --END-- [ RunTime:0.001475s ]
INFO: [ view_end ] --START--
INFO: ShowPageTrace Behavior ::run [ RunTime:0.000521s ]
INFO: [ view_end ] --END-- [ RunTime:0.000574s ]

[ 2014-10-30T17:17:41+08:00 ] 113.214.202.117 /Admin.php?m=Category&a=index
INFO: [ app_begin ] --START--
INFO: ReadHtmlCache Behavior ::run [ RunTime:0.000510s ]
INFO: [ app_begin ] --END-- [ RunTime:0.000591s ]
SQL: SHOW COLUMNS FROM `hh85_category` [ RunTime:0.000688s ]
SQL: SELECT * FROM `hh85_category`  [ RunTime:0.000177s ]
NOTIC: [8] Undefined index: level /home/www/hh85/daiyun/admin/Common/common.php 第 31 行.
NOTIC: [8] Undefined index: level /home/www/hh85/daiyun/admin/Common/common.php 第 31 行.
NOTIC: [8] Undefined index: level /home/www/hh85/daiyun/admin/Common/common.php 第 31 行.
NOTIC: [8] Undefined index: level /home/www/hh85/daiyun/admin/Common/common.php 第 31 行.
NOTIC: [8] Undefined index: level /home/www/hh85/daiyun/admin/Common/common.php 第 31 行.
NOTIC: [8] Undefined index: level /home/www/hh85/daiyun/admin/Common/common.php 第 31 行.
NOTIC: [8] Undefined index: level /home/www/hh85/daiyun/admin/Common/common.php 第 31 行.
NOTIC: [8] Undefined index: level /home/www/hh85/daiyun/admin/Common/common.php 第 31 行.
NOTIC: [8] Undefined index: level /home/www/hh85/daiyun/admin/Common/common.php 第 31 行.
NOTIC: [8] Undefined index: level /home/www/hh85/daiyun/admin/Common/common.php 第 31 行.
INFO: [ view_parse ] --START--
INFO: ParseTemplate Behavior ::run [ RunTime:0.010229s ]
INFO: [ view_parse ] --END-- [ RunTime:0.010305s ]
INFO: [ view_filter ] --START--
INFO: ContentReplace Behavior ::run [ RunTime:0.000569s ]
INFO: TokenBuild Behavior ::run [ RunTime:0.000364s ]
INFO: WriteHtmlCache Behavior ::run [ RunTime:0.000271s ]
INFO: ShowRuntime Behavior ::run [ RunTime:0.000476s ]
INFO: [ view_filter ] --END-- [ RunTime:0.001878s ]
INFO: [ view_end ] --START--
INFO: ShowPageTrace Behavior ::run [ RunTime:0.000514s ]
INFO: [ view_end ] --END-- [ RunTime:0.000575s ]

[ 2014-10-30T17:17:42+08:00 ] 113.214.202.117 /Admin.php?m=Category&a=index
INFO: [ app_begin ] --START--
INFO: ReadHtmlCache Behavior ::run [ RunTime:0.000452s ]
INFO: [ app_begin ] --END-- [ RunTime:0.000524s ]
SQL: SHOW COLUMNS FROM `hh85_category` [ RunTime:0.000655s ]
SQL: SELECT * FROM `hh85_category`  [ RunTime:0.000180s ]
NOTIC: [8] Undefined index: level /home/www/hh85/daiyun/admin/Common/common.php 第 31 行.
NOTIC: [8] Undefined index: level /home/www/hh85/daiyun/admin/Common/common.php 第 31 行.
NOTIC: [8] Undefined index: level /home/www/hh85/daiyun/admin/Common/common.php 第 31 行.
NOTIC: [8] Undefined index: level /home/www/hh85/daiyun/admin/Common/common.php 第 31 行.
NOTIC: [8] Undefined index: level /home/www/hh85/daiyun/admin/Common/common.php 第 31 行.
NOTIC: [8] Undefined index: level /home/www/hh85/daiyun/admin/Common/common.php 第 31 行.
NOTIC: [8] Undefined index: level /home/www/hh85/daiyun/admin/Common/common.php 第 31 行.
NOTIC: [8] Undefined index: level /home/www/hh85/daiyun/admin/Common/common.php 第 31 行.
NOTIC: [8] Undefined index: level /home/www/hh85/daiyun/admin/Common/common.php 第 31 行.
NOTIC: [8] Undefined index: level /home/www/hh85/daiyun/admin/Common/common.php 第 31 行.
INFO: [ view_parse ] --START--
INFO: ParseTemplate Behavior ::run [ RunTime:0.008957s ]
INFO: [ view_parse ] --END-- [ RunTime:0.009057s ]
INFO: [ view_filter ] --START--
INFO: ContentReplace Behavior ::run [ RunTime:0.000375s ]
INFO: TokenBuild Behavior ::run [ RunTime:0.000353s ]
INFO: WriteHtmlCache Behavior ::run [ RunTime:0.000317s ]
INFO: ShowRuntime Behavior ::run [ RunTime:0.000402s ]
INFO: [ view_filter ] --END-- [ RunTime:0.001606s ]
INFO: [ view_end ] --START--
INFO: ShowPageTrace Behavior ::run [ RunTime:0.000517s ]
INFO: [ view_end ] --END-- [ RunTime:0.000584s ]

[ 2014-10-30T17:17:44+08:00 ] 113.214.202.117 /Admin.php?m=Category&a=edit&id=1
INFO: [ app_begin ] --START--
INFO: ReadHtmlCache Behavior ::run [ RunTime:0.000465s ]
INFO: [ app_begin ] --END-- [ RunTime:0.000552s ]
SQL: SHOW COLUMNS FROM `hh85_category` [ RunTime:0.000662s ]
SQL: SELECT * FROM `hh85_category` WHERE ( id=1 ) LIMIT 1   [ RunTime:0.000213s ]
SQL: SELECT * FROM `hh85_category` WHERE ( cid=0 )  [ RunTime:0.000170s ]
INFO: [ view_parse ] --START--
NOTIC: [8] Undefined index: condition /home/www/hh85/daiyun/Source/Lib/Driver/TagLib/TagLibCx.class.php 第 158 行.

[ 2014-10-30T17:18:15+08:00 ] 113.214.202.117 /Admin.php?m=Category&a=edit&id=6
INFO: [ app_begin ] --START--
INFO: ReadHtmlCache Behavior ::run [ RunTime:0.000463s ]
INFO: [ app_begin ] --END-- [ RunTime:0.000535s ]
SQL: SHOW COLUMNS FROM `hh85_category` [ RunTime:0.000669s ]
SQL: SELECT * FROM `hh85_category` WHERE ( id=6 ) LIMIT 1   [ RunTime:0.000205s ]
SQL: SELECT * FROM `hh85_category` WHERE ( cid=0 )  [ RunTime:0.000168s ]
INFO: [ view_parse ] --START--
NOTIC: [8] Undefined index: condition /home/www/hh85/daiyun/Source/Lib/Driver/TagLib/TagLibCx.class.php 第 158 行.

[ 2014-10-30T17:18:30+08:00 ] 113.214.202.117 /Admin.php?m=Category&a=edit&id=7
INFO: [ app_begin ] --START--
INFO: ReadHtmlCache Behavior ::run [ RunTime:0.000456s ]
INFO: [ app_begin ] --END-- [ RunTime:0.000555s ]
SQL: SHOW COLUMNS FROM `hh85_category` [ RunTime:0.000659s ]
SQL: SELECT * FROM `hh85_category` WHERE ( id=7 ) LIMIT 1   [ RunTime:0.000199s ]
SQL: SELECT * FROM `hh85_category` WHERE ( cid=0 )  [ RunTime:0.000168s ]
INFO: [ view_parse ] --START--
NOTIC: [8] Undefined index: content /home/www/hh85/daiyun/admin/Runtime/Cache/818564edfabe45cfad99e5ad0497b150.php 第 102 行.
INFO: ParseTemplate Behavior ::run [ RunTime:0.008255s ]
INFO: [ view_parse ] --END-- [ RunTime:0.008329s ]
INFO: [ view_filter ] --START--
INFO: ContentReplace Behavior ::run [ RunTime:0.000370s ]
INFO: TokenBuild Behavior ::run [ RunTime:0.000508s ]
INFO: WriteHtmlCache Behavior ::run [ RunTime:0.000311s ]
INFO: ShowRuntime Behavior ::run [ RunTime:0.000408s ]
INFO: [ view_filter ] --END-- [ RunTime:0.001778s ]
INFO: [ view_end ] --START--
INFO: ShowPageTrace Behavior ::run [ RunTime:0.000528s ]
INFO: [ view_end ] --END-- [ RunTime:0.000579s ]

[ 2014-10-30T17:18:34+08:00 ] 113.214.202.117 /Admin.php?m=Category&a=edit&id=8
INFO: [ app_begin ] --START--
INFO: ReadHtmlCache Behavior ::run [ RunTime:0.000467s ]
INFO: [ app_begin ] --END-- [ RunTime:0.000539s ]
SQL: SHOW COLUMNS FROM `hh85_category` [ RunTime:0.000655s ]
SQL: SELECT * FROM `hh85_category` WHERE ( id=8 ) LIMIT 1   [ RunTime:0.000216s ]
SQL: SELECT * FROM `hh85_category` WHERE ( cid=0 )  [ RunTime:0.000167s ]
INFO: [ view_parse ] --START--
NOTIC: [8] Undefined index: content /home/www/hh85/daiyun/admin/Runtime/Cache/818564edfabe45cfad99e5ad0497b150.php 第 102 行.
INFO: ParseTemplate Behavior ::run [ RunTime:0.016491s ]
INFO: [ view_parse ] --END-- [ RunTime:0.016572s ]
INFO: [ view_filter ] --START--
INFO: ContentReplace Behavior ::run [ RunTime:0.000360s ]
INFO: TokenBuild Behavior ::run [ RunTime:0.000390s ]
INFO: WriteHtmlCache Behavior ::run [ RunTime:0.000244s ]
INFO: ShowRuntime Behavior ::run [ RunTime:0.000425s ]
INFO: [ view_filter ] --END-- [ RunTime:0.001573s ]
INFO: [ view_end ] --START--
INFO: ShowPageTrace Behavior ::run [ RunTime:0.000540s ]
INFO: [ view_end ] --END-- [ RunTime:0.000592s ]

[ 2014-10-30T17:18:41+08:00 ] 113.214.202.117 /Admin.php?m=Category&a=edit&id=5
INFO: [ app_begin ] --START--
INFO: ReadHtmlCache Behavior ::run [ RunTime:0.000608s ]
INFO: [ app_begin ] --END-- [ RunTime:0.000695s ]
SQL: SHOW COLUMNS FROM `hh85_category` [ RunTime:0.000693s ]
SQL: SELECT * FROM `hh85_category` WHERE ( id=5 ) LIMIT 1   [ RunTime:0.000220s ]
SQL: SELECT * FROM `hh85_category` WHERE ( cid=0 )  [ RunTime:0.000168s ]
INFO: [ view_parse ] --START--
NOTIC: [8] Undefined index: content /home/www/hh85/daiyun/admin/Runtime/Cache/818564edfabe45cfad99e5ad0497b150.php 第 102 行.
INFO: ParseTemplate Behavior ::run [ RunTime:0.007954s ]
INFO: [ view_parse ] --END-- [ RunTime:0.008015s ]
INFO: [ view_filter ] --START--
INFO: ContentReplace Behavior ::run [ RunTime:0.000349s ]
INFO: TokenBuild Behavior ::run [ RunTime:0.000328s ]
INFO: WriteHtmlCache Behavior ::run [ RunTime:0.000243s ]
INFO: ShowRuntime Behavior ::run [ RunTime:0.000400s ]
INFO: [ view_filter ] --END-- [ RunTime:0.001476s ]
INFO: [ view_end ] --START--
INFO: ShowPageTrace Behavior ::run [ RunTime:0.000510s ]
INFO: [ view_end ] --END-- [ RunTime:0.000562s ]

[ 2014-10-30T17:18:44+08:00 ] 113.214.202.117 /Admin.php?m=Category&a=edit&id=6
INFO: [ app_begin ] --START--
INFO: ReadHtmlCache Behavior ::run [ RunTime:0.000792s ]
INFO: [ app_begin ] --END-- [ RunTime:0.000917s ]
SQL: SHOW COLUMNS FROM `hh85_category` [ RunTime:0.000653s ]
SQL: SELECT * FROM `hh85_category` WHERE ( id=6 ) LIMIT 1   [ RunTime:0.000204s ]
SQL: SELECT * FROM `hh85_category` WHERE ( cid=0 )  [ RunTime:0.000186s ]
INFO: [ view_parse ] --START--
NOTIC: [8] Undefined index: content /home/www/hh85/daiyun/admin/Runtime/Cache/818564edfabe45cfad99e5ad0497b150.php 第 102 行.
INFO: ParseTemplate Behavior ::run [ RunTime:0.008087s ]
INFO: [ view_parse ] --END-- [ RunTime:0.008151s ]
INFO: [ view_filter ] --START--
INFO: ContentReplace Behavior ::run [ RunTime:0.000331s ]
INFO: TokenBuild Behavior ::run [ RunTime:0.000352s ]
INFO: WriteHtmlCache Behavior ::run [ RunTime:0.000255s ]
INFO: ShowRuntime Behavior ::run [ RunTime:0.000379s ]
INFO: [ view_filter ] --END-- [ RunTime:0.001465s ]
INFO: [ view_end ] --START--
INFO: ShowPageTrace Behavior ::run [ RunTime:0.000561s ]
INFO: [ view_end ] --END-- [ RunTime:0.000616s ]

[ 2014-10-30T17:18:46+08:00 ] 113.214.202.117 /Admin.php?m=Category&a=edit&id=8
INFO: [ app_begin ] --START--
INFO: ReadHtmlCache Behavior ::run [ RunTime:0.000467s ]
INFO: [ app_begin ] --END-- [ RunTime:0.000539s ]
SQL: SHOW COLUMNS FROM `hh85_category` [ RunTime:0.000678s ]
SQL: SELECT * FROM `hh85_category` WHERE ( id=8 ) LIMIT 1   [ RunTime:0.000205s ]
SQL: SELECT * FROM `hh85_category` WHERE ( cid=0 )  [ RunTime:0.000198s ]
INFO: [ view_parse ] --START--
NOTIC: [8] Undefined index: content /home/www/hh85/daiyun/admin/Runtime/Cache/818564edfabe45cfad99e5ad0497b150.php 第 102 行.
INFO: ParseTemplate Behavior ::run [ RunTime:0.008214s ]
INFO: [ view_parse ] --END-- [ RunTime:0.008274s ]
INFO: [ view_filter ] --START--
INFO: ContentReplace Behavior ::run [ RunTime:0.000332s ]
INFO: TokenBuild Behavior ::run [ RunTime:0.000374s ]
INFO: WriteHtmlCache Behavior ::run [ RunTime:0.000256s ]
INFO: ShowRuntime Behavior ::run [ RunTime:0.000417s ]
INFO: [ view_filter ] --END-- [ RunTime:0.001536s ]
INFO: [ view_end ] --START--
INFO: ShowPageTrace Behavior ::run [ RunTime:0.000569s ]
INFO: [ view_end ] --END-- [ RunTime:0.000621s ]

[ 2014-10-30T17:18:49+08:00 ] 113.214.202.117 /Admin.php?m=Category&a=edit&id=8
INFO: [ app_begin ] --START--
INFO: ReadHtmlCache Behavior ::run [ RunTime:0.000480s ]
INFO: [ app_begin ] --END-- [ RunTime:0.000554s ]
SQL: SHOW COLUMNS FROM `hh85_category` [ RunTime:0.000668s ]
SQL: SELECT * FROM `hh85_category` WHERE ( id=8 ) LIMIT 1   [ RunTime:0.000222s ]
SQL: SELECT * FROM `hh85_category` WHERE ( cid=0 )  [ RunTime:0.000179s ]
INFO: [ view_parse ] --START--
NOTIC: [8] Undefined index: content /home/www/hh85/daiyun/admin/Runtime/Cache/818564edfabe45cfad99e5ad0497b150.php 第 102 行.
INFO: ParseTemplate Behavior ::run [ RunTime:0.007966s ]
INFO: [ view_parse ] --END-- [ RunTime:0.008026s ]
INFO: [ view_filter ] --START--
INFO: ContentReplace Behavior ::run [ RunTime:0.000346s ]
INFO: TokenBuild Behavior ::run [ RunTime:0.000347s ]
INFO: WriteHtmlCache Behavior ::run [ RunTime:0.000241s ]
INFO: ShowRuntime Behavior ::run [ RunTime:0.000398s ]
INFO: [ view_filter ] --END-- [ RunTime:0.001480s ]
INFO: [ view_end ] --START--
INFO: ShowPageTrace Behavior ::run [ RunTime:0.000527s ]
INFO: [ view_end ] --END-- [ RunTime:0.000579s ]

[ 2014-10-30T17:18:55+08:00 ] 113.214.202.117 /Admin.php?m=Category&a=add
INFO: [ app_begin ] --START--
INFO: ReadHtmlCache Behavior ::run [ RunTime:0.000497s ]
INFO: [ app_begin ] --END-- [ RunTime:0.000577s ]
NOTIC: [8] Undefined index: submit /home/www/hh85/daiyun/admin/Lib/Action/CategoryAction.class.php 第 17 行.
SQL: SHOW COLUMNS FROM `hh85_category` [ RunTime:0.000679s ]
SQL: SELECT * FROM `hh85_category` WHERE ( cid=0 )  [ RunTime:0.000202s ]
INFO: [ view_parse ] --START--
INFO: ParseTemplate Behavior ::run [ RunTime:0.007399s ]
INFO: [ view_parse ] --END-- [ RunTime:0.007479s ]
INFO: [ view_filter ] --START--
INFO: ContentReplace Behavior ::run [ RunTime:0.000408s ]
INFO: TokenBuild Behavior ::run [ RunTime:0.000347s ]
INFO: WriteHtmlCache Behavior ::run [ RunTime:0.000251s ]
INFO: ShowRuntime Behavior ::run [ RunTime:0.000402s ]
INFO: [ view_filter ] --END-- [ RunTime:0.001565s ]
INFO: [ view_end ] --START--
INFO: ShowPageTrace Behavior ::run [ RunTime:0.000561s ]
INFO: [ view_end ] --END-- [ RunTime:0.000645s ]

[ 2014-10-30T17:19:20+08:00 ] 113.214.202.117 /Admin.php?m=Category&a=add
INFO: [ app_begin ] --START--
INFO: ReadHtmlCache Behavior ::run [ RunTime:0.000503s ]
INFO: [ app_begin ] --END-- [ RunTime:0.000586s ]
SQL: SHOW COLUMNS FROM `hh85_category` [ RunTime:0.000669s ]
SQL: INSERT INTO `hh85_category` (`name`,`cid`,`tixing`) VALUES (' 孕期营养',2,60) [ RunTime:0.000205s ]
INFO: [ view_parse ] --START--
INFO: ParseTemplate Behavior ::run [ RunTime:0.005921s ]
INFO: [ view_parse ] --END-- [ RunTime:0.005990s ]
INFO: [ view_filter ] --START--
INFO: ContentReplace Behavior ::run [ RunTime:0.000348s ]
INFO: TokenBuild Behavior ::run [ RunTime:0.000330s ]
INFO: WriteHtmlCache Behavior ::run [ RunTime:0.000238s ]
INFO: ShowRuntime Behavior ::run [ RunTime:0.000411s ]
INFO: [ view_filter ] --END-- [ RunTime:0.001476s ]
INFO: [ view_end ] --START--
INFO: ShowPageTrace Behavior ::run [ RunTime:0.000543s ]
INFO: [ view_end ] --END-- [ RunTime:0.000592s ]

[ 2014-10-30T17:19:21+08:00 ] 113.214.202.117 /Admin.php?m=Category&a=add
INFO: [ app_begin ] --START--
INFO: ReadHtmlCache Behavior ::run [ RunTime:0.000505s ]
INFO: [ app_begin ] --END-- [ RunTime:0.000594s ]
NOTIC: [8] Undefined index: submit /home/www/hh85/daiyun/admin/Lib/Action/CategoryAction.class.php 第 17 行.
SQL: SHOW COLUMNS FROM `hh85_category` [ RunTime:0.000644s ]
SQL: SELECT * FROM `hh85_category` WHERE ( cid=0 )  [ RunTime:0.000231s ]
INFO: [ view_parse ] --START--
INFO: ParseTemplate Behavior ::run [ RunTime:0.007078s ]
INFO: [ view_parse ] --END-- [ RunTime:0.007153s ]
INFO: [ view_filter ] --START--
INFO: ContentReplace Behavior ::run [ RunTime:0.000340s ]
INFO: TokenBuild Behavior ::run [ RunTime:0.000341s ]
INFO: WriteHtmlCache Behavior ::run [ RunTime:0.000240s ]
INFO: ShowRuntime Behavior ::run [ RunTime:0.000413s ]
INFO: [ view_filter ] --END-- [ RunTime:0.001499s ]
INFO: [ view_end ] --START--
INFO: ShowPageTrace Behavior ::run [ RunTime:0.000515s ]
INFO: [ view_end ] --END-- [ RunTime:0.000568s ]

[ 2014-10-30T17:19:23+08:00 ] 113.214.202.117 /Admin.php?m=Category&a=index
INFO: [ app_begin ] --START--
INFO: ReadHtmlCache Behavior ::run [ RunTime:0.000466s ]
INFO: [ app_begin ] --END-- [ RunTime:0.000538s ]
SQL: SHOW COLUMNS FROM `hh85_category` [ RunTime:0.000684s ]
SQL: SELECT * FROM `hh85_category`  [ RunTime:0.000191s ]
NOTIC: [8] Undefined index: level /home/www/hh85/daiyun/admin/Common/common.php 第 31 行.
NOTIC: [8] Undefined index: level /home/www/hh85/daiyun/admin/Common/common.php 第 31 行.
NOTIC: [8] Undefined index: level /home/www/hh85/daiyun/admin/Common/common.php 第 31 行.
NOTIC: [8] Undefined index: level /home/www/hh85/daiyun/admin/Common/common.php 第 31 行.
NOTIC: [8] Undefined index: level /home/www/hh85/daiyun/admin/Common/common.php 第 31 行.
NOTIC: [8] Undefined index: level /home/www/hh85/daiyun/admin/Common/common.php 第 31 行.
NOTIC: [8] Undefined index: level /home/www/hh85/daiyun/admin/Common/common.php 第 31 行.
NOTIC: [8] Undefined index: level /home/www/hh85/daiyun/admin/Common/common.php 第 31 行.
NOTIC: [8] Undefined index: level /home/www/hh85/daiyun/admin/Common/common.php 第 31 行.
NOTIC: [8] Undefined index: level /home/www/hh85/daiyun/admin/Common/common.php 第 31 行.
NOTIC: [8] Undefined index: level /home/www/hh85/daiyun/admin/Common/common.php 第 31 行.
INFO: [ view_parse ] --START--
INFO: ParseTemplate Behavior ::run [ RunTime:0.009100s ]
INFO: [ view_parse ] --END-- [ RunTime:0.009170s ]
INFO: [ view_filter ] --START--
INFO: ContentReplace Behavior ::run [ RunTime:0.000385s ]
INFO: TokenBuild Behavior ::run [ RunTime:0.000366s ]
INFO: WriteHtmlCache Behavior ::run [ RunTime:0.000468s ]
INFO: ShowRuntime Behavior ::run [ RunTime:0.000551s ]
INFO: [ view_filter ] --END-- [ RunTime:0.001954s ]
INFO: [ view_end ] --START--
INFO: ShowPageTrace Behavior ::run [ RunTime:0.000580s ]
INFO: [ view_end ] --END-- [ RunTime:0.000669s ]

[ 2014-10-30T17:19:24+08:00 ] 113.214.202.117 /Admin.php?m=Category&a=index
INFO: [ app_begin ] --START--
INFO: ReadHtmlCache Behavior ::run [ RunTime:0.000475s ]
INFO: [ app_begin ] --END-- [ RunTime:0.000546s ]
SQL: SHOW COLUMNS FROM `hh85_category` [ RunTime:0.000670s ]
SQL: SELECT * FROM `hh85_category`  [ RunTime:0.000204s ]
NOTIC: [8] Undefined index: level /home/www/hh85/daiyun/admin/Common/common.php 第 31 行.
NOTIC: [8] Undefined index: level /home/www/hh85/daiyun/admin/Common/common.php 第 31 行.
NOTIC: [8] Undefined index: level /home/www/hh85/daiyun/admin/Common/common.php 第 31 行.
NOTIC: [8] Undefined index: level /home/www/hh85/daiyun/admin/Common/common.php 第 31 行.
NOTIC: [8] Undefined index: level /home/www/hh85/daiyun/admin/Common/common.php 第 31 行.
NOTIC: [8] Undefined index: level /home/www/hh85/daiyun/admin/Common/common.php 第 31 行.
NOTIC: [8] Undefined index: level /home/www/hh85/daiyun/admin/Common/common.php 第 31 行.
NOTIC: [8] Undefined index: level /home/www/hh85/daiyun/admin/Common/common.php 第 31 行.
NOTIC: [8] Undefined index: level /home/www/hh85/daiyun/admin/Common/common.php 第 31 行.
NOTIC: [8] Undefined index: level /home/www/hh85/daiyun/admin/Common/common.php 第 31 行.
NOTIC: [8] Undefined index: level /home/www/hh85/daiyun/admin/Common/common.php 第 31 行.
INFO: [ view_parse ] --START--
INFO: ParseTemplate Behavior ::run [ RunTime:0.009352s ]
INFO: [ view_parse ] --END-- [ RunTime:0.009417s ]
INFO: [ view_filter ] --START--
INFO: ContentReplace Behavior ::run [ RunTime:0.000401s ]
INFO: TokenBuild Behavior ::run [ RunTime:0.000350s ]
INFO: WriteHtmlCache Behavior ::run [ RunTime:0.000239s ]
INFO: ShowRuntime Behavior ::run [ RunTime:0.000418s ]
INFO: [ view_filter ] --END-- [ RunTime:0.001574s ]
INFO: [ view_end ] --START--
INFO: ShowPageTrace Behavior ::run [ RunTime:0.000532s ]
INFO: [ view_end ] --END-- [ RunTime:0.000593s ]

[ 2014-10-30T17:19:26+08:00 ] 113.214.202.117 /Admin.php?m=Category&a=edit&id=11
INFO: [ app_begin ] --START--
INFO: ReadHtmlCache Behavior ::run [ RunTime:0.000492s ]
INFO: [ app_begin ] --END-- [ RunTime:0.000573s ]
SQL: SHOW COLUMNS FROM `hh85_category` [ RunTime:0.000661s ]
SQL: SELECT * FROM `hh85_category` WHERE ( id=11 ) LIMIT 1   [ RunTime:0.000208s ]
SQL: SELECT * FROM `hh85_category` WHERE ( cid=0 )  [ RunTime:0.000169s ]
INFO: [ view_parse ] --START--
NOTIC: [8] Undefined index: content /home/www/hh85/daiyun/admin/Runtime/Cache/818564edfabe45cfad99e5ad0497b150.php 第 102 行.
INFO: ParseTemplate Behavior ::run [ RunTime:0.008626s ]
INFO: [ view_parse ] --END-- [ RunTime:0.008699s ]
INFO: [ view_filter ] --START--
INFO: ContentReplace Behavior ::run [ RunTime:0.000388s ]
INFO: TokenBuild Behavior ::run [ RunTime:0.000335s ]
INFO: WriteHtmlCache Behavior ::run [ RunTime:0.000243s ]
INFO: ShowRuntime Behavior ::run [ RunTime:0.000556s ]
INFO: [ view_filter ] --END-- [ RunTime:0.001682s ]
INFO: [ view_end ] --START--
INFO: ShowPageTrace Behavior ::run [ RunTime:0.000568s ]
INFO: [ view_end ] --END-- [ RunTime:0.000624s ]

[ 2014-10-30T17:19:58+08:00 ] 113.214.202.117 /Admin.php?m=Category&a=edit&id=11
INFO: [ app_begin ] --START--
INFO: ReadHtmlCache Behavior ::run [ RunTime:0.000490s ]
INFO: [ app_begin ] --END-- [ RunTime:0.000573s ]
SQL: SHOW COLUMNS FROM `hh85_category` [ RunTime:0.000718s ]
SQL: UPDATE `hh85_category` SET `name`=' 孕期营养',`cid`=2,`tixing`=60,`content`='<pre id=\"best-content-547453262\" class=\"best-text mb-10\">　孕妇需要平衡合理的营养：劳素搭配、粗细结合、饥饱适度、不偏食、不挑食，并根据个人活动量、体质及孕前体重决定摄入量和饮食重点。</pre>' WHERE ( id=11 ) [ RunTime:0.000301s ]
INFO: [ view_parse ] --START--
INFO: ParseTemplate Behavior ::run [ RunTime:0.005906s ]
INFO: [ view_parse ] --END-- [ RunTime:0.005975s ]
INFO: [ view_filter ] --START--
INFO: ContentReplace Behavior ::run [ RunTime:0.000317s ]
INFO: TokenBuild Behavior ::run [ RunTime:0.000365s ]
INFO: WriteHtmlCache Behavior ::run [ RunTime:0.000242s ]
INFO: ShowRuntime Behavior ::run [ RunTime:0.000383s ]
INFO: [ view_filter ] --END-- [ RunTime:0.001460s ]
INFO: [ view_end ] --START--
INFO: ShowPageTrace Behavior ::run [ RunTime:0.000544s ]
INFO: [ view_end ] --END-- [ RunTime:0.000604s ]

[ 2014-10-30T17:19:59+08:00 ] 113.214.202.117 /Admin.php?m=Category&a=index
INFO: [ app_begin ] --START--
INFO: ReadHtmlCache Behavior ::run [ RunTime:0.000455s ]
INFO: [ app_begin ] --END-- [ RunTime:0.000527s ]
SQL: SHOW COLUMNS FROM `hh85_category` [ RunTime:0.000699s ]
SQL: SELECT * FROM `hh85_category`  [ RunTime:0.000195s ]
NOTIC: [8] Undefined index: level /home/www/hh85/daiyun/admin/Common/common.php 第 31 行.
NOTIC: [8] Undefined index: level /home/www/hh85/daiyun/admin/Common/common.php 第 31 行.
NOTIC: [8] Undefined index: level /home/www/hh85/daiyun/admin/Common/common.php 第 31 行.
NOTIC: [8] Undefined index: level /home/www/hh85/daiyun/admin/Common/common.php 第 31 行.
NOTIC: [8] Undefined index: level /home/www/hh85/daiyun/admin/Common/common.php 第 31 行.
NOTIC: [8] Undefined index: level /home/www/hh85/daiyun/admin/Common/common.php 第 31 行.
NOTIC: [8] Undefined index: level /home/www/hh85/daiyun/admin/Common/common.php 第 31 行.
NOTIC: [8] Undefined index: level /home/www/hh85/daiyun/admin/Common/common.php 第 31 行.
NOTIC: [8] Undefined index: level /home/www/hh85/daiyun/admin/Common/common.php 第 31 行.
NOTIC: [8] Undefined index: level /home/www/hh85/daiyun/admin/Common/common.php 第 31 行.
NOTIC: [8] Undefined index: level /home/www/hh85/daiyun/admin/Common/common.php 第 31 行.
INFO: [ view_parse ] --START--
INFO: ParseTemplate Behavior ::run [ RunTime:0.009586s ]
INFO: [ view_parse ] --END-- [ RunTime:0.009663s ]
INFO: [ view_filter ] --START--
INFO: ContentReplace Behavior ::run [ RunTime:0.000423s ]
INFO: TokenBuild Behavior ::run [ RunTime:0.000336s ]
INFO: WriteHtmlCache Behavior ::run [ RunTime:0.000249s ]
INFO: ShowRuntime Behavior ::run [ RunTime:0.000407s ]
INFO: [ view_filter ] --END-- [ RunTime:0.001585s ]
INFO: [ view_end ] --START--
INFO: ShowPageTrace Behavior ::run [ RunTime:0.000541s ]
INFO: [ view_end ] --END-- [ RunTime:0.000609s ]

[ 2014-10-30T17:20:00+08:00 ] 113.214.202.117 /Admin.php?m=Category&a=index
INFO: [ app_begin ] --START--
INFO: ReadHtmlCache Behavior ::run [ RunTime:0.000479s ]
INFO: [ app_begin ] --END-- [ RunTime:0.000561s ]
SQL: SHOW COLUMNS FROM `hh85_category` [ RunTime:0.000798s ]
SQL: SELECT * FROM `hh85_category`  [ RunTime:0.000191s ]
NOTIC: [8] Undefined index: level /home/www/hh85/daiyun/admin/Common/common.php 第 31 行.
NOTIC: [8] Undefined index: level /home/www/hh85/daiyun/admin/Common/common.php 第 31 行.
NOTIC: [8] Undefined index: level /home/www/hh85/daiyun/admin/Common/common.php 第 31 行.
NOTIC: [8] Undefined index: level /home/www/hh85/daiyun/admin/Common/common.php 第 31 行.
NOTIC: [8] Undefined index: level /home/www/hh85/daiyun/admin/Common/common.php 第 31 行.
NOTIC: [8] Undefined index: level /home/www/hh85/daiyun/admin/Common/common.php 第 31 行.
NOTIC: [8] Undefined index: level /home/www/hh85/daiyun/admin/Common/common.php 第 31 行.
NOTIC: [8] Undefined index: level /home/www/hh85/daiyun/admin/Common/common.php 第 31 行.
NOTIC: [8] Undefined index: level /home/www/hh85/daiyun/admin/Common/common.php 第 31 行.
NOTIC: [8] Undefined index: level /home/www/hh85/daiyun/admin/Common/common.php 第 31 行.
NOTIC: [8] Undefined index: level /home/www/hh85/daiyun/admin/Common/common.php 第 31 行.
INFO: [ view_parse ] --START--
INFO: ParseTemplate Behavior ::run [ RunTime:0.009295s ]
INFO: [ view_parse ] --END-- [ RunTime:0.009395s ]
INFO: [ view_filter ] --START--
INFO: ContentReplace Behavior ::run [ RunTime:0.000517s ]
INFO: TokenBuild Behavior ::run [ RunTime:0.000348s ]
INFO: WriteHtmlCache Behavior ::run [ RunTime:0.000475s ]
INFO: ShowRuntime Behavior ::run [ RunTime:0.000411s ]
INFO: [ view_filter ] --END-- [ RunTime:0.001911s ]
INFO: [ view_end ] --START--
INFO: ShowPageTrace Behavior ::run [ RunTime:0.000534s ]
INFO: [ view_end ] --END-- [ RunTime:0.000602s ]

[ 2014-10-30T17:20:01+08:00 ] 113.214.202.117 /Admin.php?m=Category&a=edit&id=11
INFO: [ app_begin ] --START--
INFO: ReadHtmlCache Behavior ::run [ RunTime:0.000457s ]
INFO: [ app_begin ] --END-- [ RunTime:0.000528s ]
SQL: SHOW COLUMNS FROM `hh85_category` [ RunTime:0.000681s ]
SQL: SELECT * FROM `hh85_category` WHERE ( id=11 ) LIMIT 1   [ RunTime:0.000208s ]
SQL: SELECT * FROM `hh85_category` WHERE ( cid=0 )  [ RunTime:0.000181s ]
INFO: [ view_parse ] --START--
INFO: ParseTemplate Behavior ::run [ RunTime:0.007867s ]
INFO: [ view_parse ] --END-- [ RunTime:0.007929s ]
INFO: [ view_filter ] --START--
INFO: ContentReplace Behavior ::run [ RunTime:0.000368s ]
INFO: TokenBuild Behavior ::run [ RunTime:0.000365s ]
INFO: WriteHtmlCache Behavior ::run [ RunTime:0.000240s ]
INFO: ShowRuntime Behavior ::run [ RunTime:0.000381s ]
INFO: [ view_filter ] --END-- [ RunTime:0.001503s ]
INFO: [ view_end ] --START--
INFO: ShowPageTrace Behavior ::run [ RunTime:0.000513s ]
INFO: [ view_end ] --END-- [ RunTime:0.000568s ]

[ 2014-10-30T17:22:48+08:00 ] 113.214.202.117 /Admin.php?m=Category&a=index
INFO: [ app_begin ] --START--
INFO: ReadHtmlCache Behavior ::run [ RunTime:0.000905s ]
INFO: [ app_begin ] --END-- [ RunTime:0.001015s ]
SQL: SHOW COLUMNS FROM `hh85_category` [ RunTime:0.001013s ]
SQL: SELECT * FROM `hh85_category`  [ RunTime:0.000262s ]
NOTIC: [8] Undefined index: level /home/www/hh85/daiyun/admin/Common/common.php 第 31 行.
NOTIC: [8] Undefined index: level /home/www/hh85/daiyun/admin/Common/common.php 第 31 行.
NOTIC: [8] Undefined index: level /home/www/hh85/daiyun/admin/Common/common.php 第 31 行.
NOTIC: [8] Undefined index: level /home/www/hh85/daiyun/admin/Common/common.php 第 31 行.
NOTIC: [8] Undefined index: level /home/www/hh85/daiyun/admin/Common/common.php 第 31 行.
NOTIC: [8] Undefined index: level /home/www/hh85/daiyun/admin/Common/common.php 第 31 行.
NOTIC: [8] Undefined index: level /home/www/hh85/daiyun/admin/Common/common.php 第 31 行.
NOTIC: [8] Undefined index: level /home/www/hh85/daiyun/admin/Common/common.php 第 31 行.
NOTIC: [8] Undefined index: level /home/www/hh85/daiyun/admin/Common/common.php 第 31 行.
NOTIC: [8] Undefined index: level /home/www/hh85/daiyun/admin/Common/common.php 第 31 行.
NOTIC: [8] Undefined index: level /home/www/hh85/daiyun/admin/Common/common.php 第 31 行.
INFO: [ view_parse ] --START--
INFO: ParseTemplate Behavior ::run [ RunTime:0.009248s ]
INFO: [ view_parse ] --END-- [ RunTime:0.009336s ]
INFO: [ view_filter ] --START--
INFO: ContentReplace Behavior ::run [ RunTime:0.000394s ]
INFO: TokenBuild Behavior ::run [ RunTime:0.000356s ]
INFO: WriteHtmlCache Behavior ::run [ RunTime:0.000244s ]
INFO: ShowRuntime Behavior ::run [ RunTime:0.000403s ]
INFO: [ view_filter ] --END-- [ RunTime:0.001553s ]
INFO: [ view_end ] --START--
INFO: ShowPageTrace Behavior ::run [ RunTime:0.000507s ]
INFO: [ view_end ] --END-- [ RunTime:0.000579s ]

[ 2014-10-30T17:22:50+08:00 ] 113.214.202.117 /Admin.php?m=Category&a=add
INFO: [ app_begin ] --START--
INFO: ReadHtmlCache Behavior ::run [ RunTime:0.000475s ]
INFO: [ app_begin ] --END-- [ RunTime:0.000551s ]
NOTIC: [8] Undefined index: submit /home/www/hh85/daiyun/admin/Lib/Action/CategoryAction.class.php 第 17 行.
SQL: SHOW COLUMNS FROM `hh85_category` [ RunTime:0.000693s ]
SQL: SELECT * FROM `hh85_category` WHERE ( cid=0 )  [ RunTime:0.000210s ]
INFO: [ view_parse ] --START--
INFO: ParseTemplate Behavior ::run [ RunTime:0.007282s ]
INFO: [ view_parse ] --END-- [ RunTime:0.007358s ]
INFO: [ view_filter ] --START--
INFO: ContentReplace Behavior ::run [ RunTime:0.000331s ]
INFO: TokenBuild Behavior ::run [ RunTime:0.000353s ]
INFO: WriteHtmlCache Behavior ::run [ RunTime:0.000247s ]
INFO: ShowRuntime Behavior ::run [ RunTime:0.000391s ]
INFO: [ view_filter ] --END-- [ RunTime:0.001494s ]
INFO: [ view_end ] --START--
INFO: ShowPageTrace Behavior ::run [ RunTime:0.000531s ]
INFO: [ view_end ] --END-- [ RunTime:0.000585s ]

[ 2014-10-30T17:27:27+08:00 ] 113.214.202.117 /Admin.php?m=Category&a=index
INFO: [ app_begin ] --START--
INFO: ReadHtmlCache Behavior ::run [ RunTime:0.000672s ]
INFO: [ app_begin ] --END-- [ RunTime:0.000769s ]
SQL: SHOW COLUMNS FROM `hh85_category` [ RunTime:0.000700s ]
SQL: SELECT * FROM `hh85_category`  [ RunTime:0.000187s ]
NOTIC: [8] Undefined index: level /home/www/hh85/daiyun/admin/Common/common.php 第 31 行.
NOTIC: [8] Undefined index: level /home/www/hh85/daiyun/admin/Common/common.php 第 31 行.
NOTIC: [8] Undefined index: level /home/www/hh85/daiyun/admin/Common/common.php 第 31 行.
NOTIC: [8] Undefined index: level /home/www/hh85/daiyun/admin/Common/common.php 第 31 行.
NOTIC: [8] Undefined index: level /home/www/hh85/daiyun/admin/Common/common.php 第 31 行.
NOTIC: [8] Undefined index: level /home/www/hh85/daiyun/admin/Common/common.php 第 31 行.
NOTIC: [8] Undefined index: level /home/www/hh85/daiyun/admin/Common/common.php 第 31 行.
NOTIC: [8] Undefined index: level /home/www/hh85/daiyun/admin/Common/common.php 第 31 行.
NOTIC: [8] Undefined index: level /home/www/hh85/daiyun/admin/Common/common.php 第 31 行.
NOTIC: [8] Undefined index: level /home/www/hh85/daiyun/admin/Common/common.php 第 31 行.
NOTIC: [8] Undefined index: level /home/www/hh85/daiyun/admin/Common/common.php 第 31 行.
INFO: [ view_parse ] --START--
INFO: ParseTemplate Behavior ::run [ RunTime:0.008983s ]
INFO: [ view_parse ] --END-- [ RunTime:0.009046s ]
INFO: [ view_filter ] --START--
INFO: ContentReplace Behavior ::run [ RunTime:0.000394s ]
INFO: TokenBuild Behavior ::run [ RunTime:0.000338s ]
INFO: WriteHtmlCache Behavior ::run [ RunTime:0.000236s ]
INFO: ShowRuntime Behavior ::run [ RunTime:0.000413s ]
INFO: [ view_filter ] --END-- [ RunTime:0.001547s ]
INFO: [ view_end ] --START--
INFO: ShowPageTrace Behavior ::run [ RunTime:0.000501s ]
INFO: [ view_end ] --END-- [ RunTime:0.000562s ]

[ 2014-10-30T17:28:00+08:00 ] 113.214.202.117 /Admin.php?m=Category&a=add
INFO: [ app_begin ] --START--
INFO: ReadHtmlCache Behavior ::run [ RunTime:0.000735s ]
INFO: [ app_begin ] --END-- [ RunTime:0.000837s ]
SQL: SHOW COLUMNS FROM `hh85_category` [ RunTime:0.000698s ]
SQL: INSERT INTO `hh85_category` (`name`) VALUES ('怀孕第七周') [ RunTime:0.000201s ]
INFO: [ view_parse ] --START--
INFO: ParseTemplate Behavior ::run [ RunTime:0.006567s ]
INFO: [ view_parse ] --END-- [ RunTime:0.006663s ]
INFO: [ view_filter ] --START--
INFO: ContentReplace Behavior ::run [ RunTime:0.000499s ]
INFO: TokenBuild Behavior ::run [ RunTime:0.000499s ]
INFO: WriteHtmlCache Behavior ::run [ RunTime:0.000364s ]
INFO: ShowRuntime Behavior ::run [ RunTime:0.000610s ]
INFO: [ view_filter ] --END-- [ RunTime:0.002219s ]
INFO: [ view_end ] --START--
INFO: ShowPageTrace Behavior ::run [ RunTime:0.000774s ]
INFO: [ view_end ] --END-- [ RunTime:0.000874s ]

[ 2014-10-30T17:28:01+08:00 ] 113.214.202.117 /Admin.php?m=Category&a=index
INFO: [ app_begin ] --START--
INFO: ReadHtmlCache Behavior ::run [ RunTime:0.000537s ]
INFO: [ app_begin ] --END-- [ RunTime:0.000652s ]
SQL: SHOW COLUMNS FROM `hh85_category` [ RunTime:0.000877s ]
SQL: SELECT * FROM `hh85_category`  [ RunTime:0.000208s ]
NOTIC: [8] Undefined index: level /home/www/hh85/daiyun/admin/Common/common.php 第 31 行.
NOTIC: [8] Undefined index: level /home/www/hh85/daiyun/admin/Common/common.php 第 31 行.
NOTIC: [8] Undefined index: level /home/www/hh85/daiyun/admin/Common/common.php 第 31 行.
NOTIC: [8] Undefined index: level /home/www/hh85/daiyun/admin/Common/common.php 第 31 行.
NOTIC: [8] Undefined index: level /home/www/hh85/daiyun/admin/Common/common.php 第 31 行.
NOTIC: [8] Undefined index: level /home/www/hh85/daiyun/admin/Common/common.php 第 31 行.
NOTIC: [8] Undefined index: level /home/www/hh85/daiyun/admin/Common/common.php 第 31 行.
NOTIC: [8] Undefined index: level /home/www/hh85/daiyun/admin/Common/common.php 第 31 行.
NOTIC: [8] Undefined index: level /home/www/hh85/daiyun/admin/Common/common.php 第 31 行.
NOTIC: [8] Undefined index: level /home/www/hh85/daiyun/admin/Common/common.php 第 31 行.
NOTIC: [8] Undefined index: level /home/www/hh85/daiyun/admin/Common/common.php 第 31 行.
NOTIC: [8] Undefined index: level /home/www/hh85/daiyun/admin/Common/common.php 第 31 行.
INFO: [ view_parse ] --START--
INFO: ParseTemplate Behavior ::run [ RunTime:0.010858s ]
INFO: [ view_parse ] --END-- [ RunTime:0.010952s ]
INFO: [ view_filter ] --START--
INFO: ContentReplace Behavior ::run [ RunTime:0.000455s ]
INFO: TokenBuild Behavior ::run [ RunTime:0.000369s ]
INFO: WriteHtmlCache Behavior ::run [ RunTime:0.000248s ]
INFO: ShowRuntime Behavior ::run [ RunTime:0.000423s ]
INFO: [ view_filter ] --END-- [ RunTime:0.001648s ]
INFO: [ view_end ] --START--
INFO: ShowPageTrace Behavior ::run [ RunTime:0.000588s ]
INFO: [ view_end ] --END-- [ RunTime:0.000652s ]

[ 2014-10-30T17:30:57+08:00 ] 113.214.202.117 /Admin.php?m=Msg&a=index
INFO: [ app_begin ] --START--
INFO: ReadHtmlCache Behavior ::run [ RunTime:0.000503s ]
INFO: [ app_begin ] --END-- [ RunTime:0.000593s ]
SQL: SHOW COLUMNS FROM `hh85_msg` [ RunTime:0.000780s ]
SQL: SELECT COUNT(*) AS tp_count FROM `hh85_msg` LIMIT 1   [ RunTime:0.000127s ]
SQL: SELECT * FROM `hh85_msg` ORDER BY createtime DESC LIMIT 0,20   [ RunTime:0.000264s ]
INFO: [ view_parse ] --START--
INFO: ParseTemplate Behavior ::run [ RunTime:0.034885s ]
INFO: [ view_parse ] --END-- [ RunTime:0.034961s ]
INFO: [ view_filter ] --START--
INFO: ContentReplace Behavior ::run [ RunTime:0.000378s ]
INFO: TokenBuild Behavior ::run [ RunTime:0.000354s ]
INFO: WriteHtmlCache Behavior ::run [ RunTime:0.000245s ]
INFO: ShowRuntime Behavior ::run [ RunTime:0.000388s ]
INFO: [ view_filter ] --END-- [ RunTime:0.001528s ]
INFO: [ view_end ] --START--
INFO: ShowPageTrace Behavior ::run [ RunTime:0.000519s ]
INFO: [ view_end ] --END-- [ RunTime:0.000581s ]

[ 2014-10-30T17:30:59+08:00 ] 113.214.202.117 /Admin.php?m=MsgCate&a=index
INFO: [ app_begin ] --START--
INFO: ReadHtmlCache Behavior ::run [ RunTime:0.000480s ]
INFO: [ app_begin ] --END-- [ RunTime:0.000552s ]
SQL: SHOW COLUMNS FROM `hh85_msg_cate` [ RunTime:0.000667s ]
SQL: SELECT * FROM `hh85_msg_cate`  [ RunTime:0.000152s ]
INFO: [ view_parse ] --START--
NOTIC: [8] Undefined index: level /home/www/hh85/daiyun/admin/Runtime/Cache/974995274876d32fbbcf610a23f60ac5.php 第 277 行.
NOTIC: [8] Undefined index: level /home/www/hh85/daiyun/admin/Runtime/Cache/974995274876d32fbbcf610a23f60ac5.php 第 277 行.
NOTIC: [8] Undefined index: level /home/www/hh85/daiyun/admin/Runtime/Cache/974995274876d32fbbcf610a23f60ac5.php 第 277 行.
INFO: ParseTemplate Behavior ::run [ RunTime:0.008652s ]
INFO: [ view_parse ] --END-- [ RunTime:0.008718s ]
INFO: [ view_filter ] --START--
INFO: ContentReplace Behavior ::run [ RunTime:0.000366s ]
INFO: TokenBuild Behavior ::run [ RunTime:0.000426s ]
INFO: WriteHtmlCache Behavior ::run [ RunTime:0.000252s ]
INFO: ShowRuntime Behavior ::run [ RunTime:0.000428s ]
INFO: [ view_filter ] --END-- [ RunTime:0.001632s ]
INFO: [ view_end ] --START--
INFO: ShowPageTrace Behavior ::run [ RunTime:0.000533s ]
INFO: [ view_end ] --END-- [ RunTime:0.000585s ]

[ 2014-10-30T17:31:00+08:00 ] 113.214.202.117 /Admin.php?m=Msg&a=add
INFO: [ app_begin ] --START--
INFO: ReadHtmlCache Behavior ::run [ RunTime:0.000487s ]
INFO: [ app_begin ] --END-- [ RunTime:0.000567s ]
SQL: SHOW COLUMNS FROM `hh85_msg_cate` [ RunTime:0.000602s ]
SQL: SELECT * FROM `hh85_msg_cate`  [ RunTime:0.000220s ]
INFO: [ view_parse ] --START--
INFO: ParseTemplate Behavior ::run [ RunTime:0.016407s ]
INFO: [ view_parse ] --END-- [ RunTime:0.016566s ]
INFO: [ view_filter ] --START--
INFO: ContentReplace Behavior ::run [ RunTime:0.000598s ]
INFO: TokenBuild Behavior ::run [ RunTime:0.000515s ]
INFO: WriteHtmlCache Behavior ::run [ RunTime:0.000421s ]
INFO: ShowRuntime Behavior ::run [ RunTime:0.000611s ]
INFO: [ view_filter ] --END-- [ RunTime:0.002410s ]
INFO: [ view_end ] --START--
INFO: ShowPageTrace Behavior ::run [ RunTime:0.000791s ]
INFO: [ view_end ] --END-- [ RunTime:0.000898s ]

[ 2014-10-30T17:31:02+08:00 ] 113.214.202.117 /Admin.php?m=User&a=index
INFO: [ app_begin ] --START--
INFO: ReadHtmlCache Behavior ::run [ RunTime:0.000483s ]
INFO: [ app_begin ] --END-- [ RunTime:0.000556s ]
SQL: SHOW COLUMNS FROM `hh85_user` [ RunTime:0.000849s ]
SQL: SELECT COUNT(*) AS tp_count FROM `hh85_user` LIMIT 1   [ RunTime:0.000129s ]
SQL: SELECT * FROM `hh85_user` ORDER BY uid DESC LIMIT 0,20   [ RunTime:0.000272s ]
INFO: [ view_parse ] --START--
NOTIC: [8] Undefined index: nickname /home/www/hh85/daiyun/admin/Runtime/Cache/db47b7ae6f1c73035eb3910c38bf8969.php 第 255 行.
NOTIC: [8] Undefined index: creat_time /home/www/hh85/daiyun/admin/Runtime/Cache/db47b7ae6f1c73035eb3910c38bf8969.php 第 257 行.
NOTIC: [8] Undefined index: nickname /home/www/hh85/daiyun/admin/Runtime/Cache/db47b7ae6f1c73035eb3910c38bf8969.php 第 255 行.
NOTIC: [8] Undefined index: creat_time /home/www/hh85/daiyun/admin/Runtime/Cache/db47b7ae6f1c73035eb3910c38bf8969.php 第 257 行.
NOTIC: [8] Undefined index: nickname /home/www/hh85/daiyun/admin/Runtime/Cache/db47b7ae6f1c73035eb3910c38bf8969.php 第 255 行.
NOTIC: [8] Undefined index: creat_time /home/www/hh85/daiyun/admin/Runtime/Cache/db47b7ae6f1c73035eb3910c38bf8969.php 第 257 行.
NOTIC: [8] Undefined index: nickname /home/www/hh85/daiyun/admin/Runtime/Cache/db47b7ae6f1c73035eb3910c38bf8969.php 第 255 行.
NOTIC: [8] Undefined index: creat_time /home/www/hh85/daiyun/admin/Runtime/Cache/db47b7ae6f1c73035eb3910c38bf8969.php 第 257 行.
NOTIC: [8] Undefined index: nickname /home/www/hh85/daiyun/admin/Runtime/Cache/db47b7ae6f1c73035eb3910c38bf8969.php 第 255 行.
NOTIC: [8] Undefined index: creat_time /home/www/hh85/daiyun/admin/Runtime/Cache/db47b7ae6f1c73035eb3910c38bf8969.php 第 257 行.
NOTIC: [8] Undefined index: nickname /home/www/hh85/daiyun/admin/Runtime/Cache/db47b7ae6f1c73035eb3910c38bf8969.php 第 255 行.
NOTIC: [8] Undefined index: creat_time /home/www/hh85/daiyun/admin/Runtime/Cache/db47b7ae6f1c73035eb3910c38bf8969.php 第 257 行.
NOTIC: [8] Undefined index: nickname /home/www/hh85/daiyun/admin/Runtime/Cache/db47b7ae6f1c73035eb3910c38bf8969.php 第 255 行.
NOTIC: [8] Undefined index: creat_time /home/www/hh85/daiyun/admin/Runtime/Cache/db47b7ae6f1c73035eb3910c38bf8969.php 第 257 行.
NOTIC: [8] Undefined index: nickname /home/www/hh85/daiyun/admin/Runtime/Cache/db47b7ae6f1c73035eb3910c38bf8969.php 第 255 行.
NOTIC: [8] Undefined index: creat_time /home/www/hh85/daiyun/admin/Runtime/Cache/db47b7ae6f1c73035eb3910c38bf8969.php 第 257 行.
NOTIC: [8] Undefined index: nickname /home/www/hh85/daiyun/admin/Runtime/Cache/db47b7ae6f1c73035eb3910c38bf8969.php 第 255 行.
NOTIC: [8] Undefined index: creat_time /home/www/hh85/daiyun/admin/Runtime/Cache/db47b7ae6f1c73035eb3910c38bf8969.php 第 257 行.
NOTIC: [8] Undefined index: nickname /home/www/hh85/daiyun/admin/Runtime/Cache/db47b7ae6f1c73035eb3910c38bf8969.php 第 255 行.
NOTIC: [8] Undefined index: creat_time /home/www/hh85/daiyun/admin/Runtime/Cache/db47b7ae6f1c73035eb3910c38bf8969.php 第 257 行.
NOTIC: [8] Undefined index: nickname /home/www/hh85/daiyun/admin/Runtime/Cache/db47b7ae6f1c73035eb3910c38bf8969.php 第 255 行.
NOTIC: [8] Undefined index: creat_time /home/www/hh85/daiyun/admin/Runtime/Cache/db47b7ae6f1c73035eb3910c38bf8969.php 第 257 行.
NOTIC: [8] Undefined index: nickname /home/www/hh85/daiyun/admin/Runtime/Cache/db47b7ae6f1c73035eb3910c38bf8969.php 第 255 行.
NOTIC: [8] Undefined index: creat_time /home/www/hh85/daiyun/admin/Runtime/Cache/db47b7ae6f1c73035eb3910c38bf8969.php 第 257 行.
INFO: ParseTemplate Behavior ::run [ RunTime:0.014041s ]
INFO: [ view_parse ] --END-- [ RunTime:0.014114s ]
INFO: [ view_filter ] --START--
INFO: ContentReplace Behavior ::run [ RunTime:0.000424s ]
INFO: TokenBuild Behavior ::run [ RunTime:0.000364s ]
INFO: WriteHtmlCache Behavior ::run [ RunTime:0.000253s ]
INFO: ShowRuntime Behavior ::run [ RunTime:0.000427s ]
INFO: [ view_filter ] --END-- [ RunTime:0.001632s ]
INFO: [ view_end ] --START--
INFO: ShowPageTrace Behavior ::run [ RunTime:0.000576s ]
INFO: [ view_end ] --END-- [ RunTime:0.000633s ]

[ 2014-10-30T17:31:03+08:00 ] 113.214.202.117 /Admin.php?m=User&a=add
INFO: [ app_begin ] --START--
INFO: ReadHtmlCache Behavior ::run [ RunTime:0.000525s ]
INFO: [ app_begin ] --END-- [ RunTime:0.000630s ]
INFO: [ view_parse ] --START--
NOTIC: [8] Undefined variable: li /home/www/hh85/daiyun/admin/Runtime/Cache/5bfefd15268d18244dfb087a531f6a80.php 第 41 行.
NOTIC: [8] Undefined variable: li /home/www/hh85/daiyun/admin/Runtime/Cache/5bfefd15268d18244dfb087a531f6a80.php 第 47 行.
NOTIC: [8] Undefined variable: li /home/www/hh85/daiyun/admin/Runtime/Cache/5bfefd15268d18244dfb087a531f6a80.php 第 51 行.
NOTIC: [8] Undefined variable: li /home/www/hh85/daiyun/admin/Runtime/Cache/5bfefd15268d18244dfb087a531f6a80.php 第 56 行.
NOTIC: [8] Undefined variable: li /home/www/hh85/daiyun/admin/Runtime/Cache/5bfefd15268d18244dfb087a531f6a80.php 第 60 行.
NOTIC: [8] Undefined variable: li /home/www/hh85/daiyun/admin/Runtime/Cache/5bfefd15268d18244dfb087a531f6a80.php 第 64 行.
NOTIC: [8] Undefined variable: li /home/www/hh85/daiyun/admin/Runtime/Cache/5bfefd15268d18244dfb087a531f6a80.php 第 68 行.
NOTIC: [8] Undefined variable: li /home/www/hh85/daiyun/admin/Runtime/Cache/5bfefd15268d18244dfb087a531f6a80.php 第 72 行.
NOTIC: [8] Undefined variable: li /home/www/hh85/daiyun/admin/Runtime/Cache/5bfefd15268d18244dfb087a531f6a80.php 第 77 行.
INFO: ParseTemplate Behavior ::run [ RunTime:0.011008s ]
INFO: [ view_parse ] --END-- [ RunTime:0.011067s ]
INFO: [ view_filter ] --START--
INFO: ContentReplace Behavior ::run [ RunTime:0.000389s ]
INFO: TokenBuild Behavior ::run [ RunTime:0.000369s ]
INFO: WriteHtmlCache Behavior ::run [ RunTime:0.000250s ]
INFO: ShowRuntime Behavior ::run [ RunTime:0.000401s ]
INFO: [ view_filter ] --END-- [ RunTime:0.001558s ]
INFO: [ view_end ] --START--
INFO: ShowPageTrace Behavior ::run [ RunTime:0.000544s ]
INFO: [ view_end ] --END-- [ RunTime:0.000594s ]

[ 2014-10-30T17:31:04+08:00 ] 113.214.202.117 /Admin.php?m=House&a=index
INFO: [ app_begin ] --START--
INFO: ReadHtmlCache Behavior ::run [ RunTime:0.000475s ]
INFO: [ app_begin ] --END-- [ RunTime:0.000547s ]
SQL: SHOW COLUMNS FROM `hh85_house` [ RunTime:0.000750s ]
SQL: SELECT COUNT(*) AS tp_count FROM `hh85_house` LIMIT 1   [ RunTime:0.000127s ]
SQL: SELECT * FROM `hh85_house` ORDER BY createtime DESC LIMIT 0,20   [ RunTime:0.000226s ]
INFO: [ view_parse ] --START--
NOTIC: [8] Undefined index: username /home/www/hh85/daiyun/admin/Runtime/Cache/094258d3429f42fe8f938a7bf270f0b6.php 第 273 行.
NOTIC: [8] Undefined index: status /home/www/hh85/daiyun/admin/Runtime/Cache/094258d3429f42fe8f938a7bf270f0b6.php 第 275 行.
NOTIC: [8] Undefined index: username /home/www/hh85/daiyun/admin/Runtime/Cache/094258d3429f42fe8f938a7bf270f0b6.php 第 273 行.
NOTIC: [8] Undefined index: status /home/www/hh85/daiyun/admin/Runtime/Cache/094258d3429f42fe8f938a7bf270f0b6.php 第 275 行.
NOTIC: [8] Undefined index: username /home/www/hh85/daiyun/admin/Runtime/Cache/094258d3429f42fe8f938a7bf270f0b6.php 第 273 行.
NOTIC: [8] Undefined index: status /home/www/hh85/daiyun/admin/Runtime/Cache/094258d3429f42fe8f938a7bf270f0b6.php 第 275 行.
INFO: ParseTemplate Behavior ::run [ RunTime:0.009268s ]
INFO: [ view_parse ] --END-- [ RunTime:0.009331s ]
INFO: [ view_filter ] --START--
INFO: ContentReplace Behavior ::run [ RunTime:0.000385s ]
INFO: TokenBuild Behavior ::run [ RunTime:0.000331s ]
INFO: WriteHtmlCache Behavior ::run [ RunTime:0.000271s ]
INFO: ShowRuntime Behavior ::run [ RunTime:0.000415s ]
INFO: [ view_filter ] --END-- [ RunTime:0.001550s ]
INFO: [ view_end ] --START--
INFO: ShowPageTrace Behavior ::run [ RunTime:0.000496s ]
INFO: [ view_end ] --END-- [ RunTime:0.000549s ]

[ 2014-10-30T17:31:05+08:00 ] 113.214.202.117 /Admin.php?m=House&a=add
INFO: [ app_begin ] --START--
INFO: ReadHtmlCache Behavior ::run [ RunTime:0.000473s ]
INFO: [ app_begin ] --END-- [ RunTime:0.000553s ]
INFO: [ view_parse ] --START--
INFO: ParseTemplate Behavior ::run [ RunTime:0.033819s ]
INFO: [ view_parse ] --END-- [ RunTime:0.033905s ]
INFO: [ view_filter ] --START--
INFO: ContentReplace Behavior ::run [ RunTime:0.000370s ]
INFO: TokenBuild Behavior ::run [ RunTime:0.000357s ]
INFO: WriteHtmlCache Behavior ::run [ RunTime:0.000255s ]
INFO: ShowRuntime Behavior ::run [ RunTime:0.000389s ]
INFO: [ view_filter ] --END-- [ RunTime:0.001527s ]
INFO: [ view_end ] --START--
INFO: ShowPageTrace Behavior ::run [ RunTime:0.000521s ]
INFO: [ view_end ] --END-- [ RunTime:0.000572s ]

