[ 2014-10-28T13:26:22+08:00 ] 112.65.193.14 /Admin.php
INFO: [ app_begin ] --START--
INFO: ReadHtmlCache Behavior ::run [ RunTime:0.001581s ]
INFO: [ app_begin ] --END-- [ RunTime:0.001667s ]
NOTIC: [8] Undefined index: 089203d4f2bc8c9669a06003ed5694b9 /home/www/hh85/daiyun/Source/Extend/Library/ORG/Util/RBAC.class.php 第 176 行.
NOTIC: [8] Undefined index: _ACCESS_LIST /home/www/hh85/daiyun/Source/Extend/Library/ORG/Util/RBAC.class.php 第 180 行.
NOTIC: [8] Undefined index: uid /home/www/hh85/daiyun/admin/Lib/Action/CommonAction.class.php 第 13 行.

[ 2014-10-28T13:26:22+08:00 ] 112.65.193.14 /Admin.php?m=Public&a=login
INFO: [ app_begin ] --START--
INFO: ReadHtmlCache Behavior ::run [ RunTime:0.000460s ]
INFO: [ app_begin ] --END-- [ RunTime:0.000532s ]
INFO: [ view_parse ] --START--
INFO: ParseTemplate Behavior ::run [ RunTime:0.014687s ]
INFO: [ view_parse ] --END-- [ RunTime:0.014776s ]
INFO: [ view_filter ] --START--
INFO: ContentReplace Behavior ::run [ RunTime:0.001850s ]
INFO: TokenBuild Behavior ::run [ RunTime:0.001301s ]
INFO: WriteHtmlCache Behavior ::run [ RunTime:0.001237s ]
INFO: ShowRuntime Behavior ::run [ RunTime:0.001365s ]
INFO: [ view_filter ] --END-- [ RunTime:0.005916s ]
INFO: [ view_end ] --START--
INFO: ShowPageTrace Behavior ::run [ RunTime:0.001553s ]
INFO: [ view_end ] --END-- [ RunTime:0.001608s ]

[ 2014-10-28T14:43:13+08:00 ] 14.17.18.143 /Admin.php
INFO: [ app_begin ] --START--
INFO: ReadHtmlCache Behavior ::run [ RunTime:0.000528s ]
INFO: [ app_begin ] --END-- [ RunTime:0.000603s ]
NOTIC: [8] Undefined index: 089203d4f2bc8c9669a06003ed5694b9 /home/www/hh85/daiyun/Source/Extend/Library/ORG/Util/RBAC.class.php 第 176 行.
NOTIC: [8] Undefined index: _ACCESS_LIST /home/www/hh85/daiyun/Source/Extend/Library/ORG/Util/RBAC.class.php 第 180 行.
NOTIC: [8] Undefined index: uid /home/www/hh85/daiyun/admin/Lib/Action/CommonAction.class.php 第 13 行.

[ 2014-10-28T14:43:13+08:00 ] 14.17.18.143 /Admin.php?m=Public&a=login
INFO: [ app_begin ] --START--
INFO: ReadHtmlCache Behavior ::run [ RunTime:0.000481s ]
INFO: [ app_begin ] --END-- [ RunTime:0.000551s ]
INFO: [ view_parse ] --START--
INFO: ParseTemplate Behavior ::run [ RunTime:0.006302s ]
INFO: [ view_parse ] --END-- [ RunTime:0.006364s ]
INFO: [ view_filter ] --START--
INFO: ContentReplace Behavior ::run [ RunTime:0.000349s ]
INFO: TokenBuild Behavior ::run [ RunTime:0.000353s ]
INFO: WriteHtmlCache Behavior ::run [ RunTime:0.000262s ]
INFO: ShowRuntime Behavior ::run [ RunTime:0.000411s ]
INFO: [ view_filter ] --END-- [ RunTime:0.001533s ]
INFO: [ view_end ] --START--
INFO: ShowPageTrace Behavior ::run [ RunTime:0.000498s ]
INFO: [ view_end ] --END-- [ RunTime:0.000557s ]

