[ 2014-10-09T09:56:05+08:00 ] 113.214.206.69 /admin.php?m=Public&a=login
INFO: [ app_begin ] --START--
INFO: ReadHtmlCache Behavior ::run [ RunTime:0.000453s ]
INFO: [ app_begin ] --END-- [ RunTime:0.000523s ]
INFO: [ view_parse ] --START--
INFO: ParseTemplate Behavior ::run [ RunTime:0.006095s ]
INFO: [ view_parse ] --END-- [ RunTime:0.006152s ]
INFO: [ view_filter ] --START--
INFO: ContentReplace Behavior ::run [ RunTime:0.000320s ]
INFO: TokenBuild Behavior ::run [ RunTime:0.000380s ]
INFO: WriteHtmlCache Behavior ::run [ RunTime:0.000238s ]
INFO: ShowRuntime Behavior ::run [ RunTime:0.000396s ]
INFO: [ view_filter ] --END-- [ RunTime:0.001481s ]
INFO: [ view_end ] --START--
INFO: ShowPageTrace Behavior ::run [ RunTime:0.000487s ]
INFO: [ view_end ] --END-- [ RunTime:0.000539s ]

[ 2014-10-09T09:56:05+08:00 ] 113.214.206.69 /admin.php?m=Public&a=verify
INFO: [ app_begin ] --START--
INFO: ReadHtmlCache Behavior ::run [ RunTime:0.000450s ]
INFO: [ app_begin ] --END-- [ RunTime:0.000521s ]

