[ 2014-11-01T13:44:27+08:00 ] 180.153.201.79 /Admin.php
INFO: [ app_begin ] --START--
INFO: ReadHtmlCache Behavior ::run [ RunTime:0.000471s ]
INFO: [ app_begin ] --END-- [ RunTime:0.000548s ]
NOTIC: [8] Undefined index: 089203d4f2bc8c9669a06003ed5694b9 /home/www/hh85/daiyun/Source/Extend/Library/ORG/Util/RBAC.class.php 第 176 行.
NOTIC: [8] Undefined index: _ACCESS_LIST /home/www/hh85/daiyun/Source/Extend/Library/ORG/Util/RBAC.class.php 第 180 行.
NOTIC: [8] Undefined index: uid /home/www/hh85/daiyun/admin/Lib/Action/CommonAction.class.php 第 13 行.

[ 2014-11-01T13:44:27+08:00 ] 180.153.201.79 /Admin.php?m=Public&a=login
INFO: [ app_begin ] --START--
INFO: ReadHtmlCache Behavior ::run [ RunTime:0.000516s ]
INFO: [ app_begin ] --END-- [ RunTime:0.000584s ]
INFO: [ view_parse ] --START--
INFO: ParseTemplate Behavior ::run [ RunTime:0.033370s ]
INFO: [ view_parse ] --END-- [ RunTime:0.033460s ]
INFO: [ view_filter ] --START--
INFO: ContentReplace Behavior ::run [ RunTime:0.002255s ]
INFO: TokenBuild Behavior ::run [ RunTime:0.001583s ]
INFO: WriteHtmlCache Behavior ::run [ RunTime:0.001857s ]
INFO: ShowRuntime Behavior ::run [ RunTime:0.001759s ]
INFO: [ view_filter ] --END-- [ RunTime:0.007634s ]
INFO: [ view_end ] --START--
INFO: ShowPageTrace Behavior ::run [ RunTime:0.001802s ]
INFO: [ view_end ] --END-- [ RunTime:0.001860s ]

[ 2014-11-01T16:59:49+08:00 ] 113.214.206.43 /Admin.php
INFO: [ app_begin ] --START--
INFO: ReadHtmlCache Behavior ::run [ RunTime:0.000507s ]
INFO: [ app_begin ] --END-- [ RunTime:0.000580s ]
NOTIC: [8] Undefined index: 089203d4f2bc8c9669a06003ed5694b9 /home/www/hh85/daiyun/Source/Extend/Library/ORG/Util/RBAC.class.php 第 176 行.
NOTIC: [8] Undefined index: _ACCESS_LIST /home/www/hh85/daiyun/Source/Extend/Library/ORG/Util/RBAC.class.php 第 180 行.
NOTIC: [8] Undefined index: uid /home/www/hh85/daiyun/admin/Lib/Action/CommonAction.class.php 第 13 行.

[ 2014-11-01T16:59:49+08:00 ] 113.214.206.43 /Admin.php?m=Public&a=login
INFO: [ app_begin ] --START--
INFO: ReadHtmlCache Behavior ::run [ RunTime:0.000479s ]
INFO: [ app_begin ] --END-- [ RunTime:0.000555s ]
INFO: [ view_parse ] --START--
INFO: ParseTemplate Behavior ::run [ RunTime:0.031188s ]
INFO: [ view_parse ] --END-- [ RunTime:0.031271s ]
INFO: [ view_filter ] --START--
INFO: ContentReplace Behavior ::run [ RunTime:0.000498s ]
INFO: TokenBuild Behavior ::run [ RunTime:0.000519s ]
INFO: WriteHtmlCache Behavior ::run [ RunTime:0.000372s ]
INFO: ShowRuntime Behavior ::run [ RunTime:0.000527s ]
INFO: [ view_filter ] --END-- [ RunTime:0.002132s ]
INFO: [ view_end ] --START--
INFO: ShowPageTrace Behavior ::run [ RunTime:0.000538s ]
INFO: [ view_end ] --END-- [ RunTime:0.000606s ]

[ 2014-11-01T16:59:50+08:00 ] 113.214.206.43 /Admin.php?m=Public&a=verify
INFO: [ app_begin ] --START--
INFO: ReadHtmlCache Behavior ::run [ RunTime:0.000485s ]
INFO: [ app_begin ] --END-- [ RunTime:0.000584s ]

[ 2014-11-01T16:59:56+08:00 ] 113.214.206.43 /Admin.php?m=Public&a=checkLogin
INFO: [ app_begin ] --START--
INFO: ReadHtmlCache Behavior ::run [ RunTime:0.000483s ]
INFO: [ app_begin ] --END-- [ RunTime:0.000584s ]
SQL: SHOW COLUMNS FROM `hh85_admin` [ RunTime:0.000793s ]
SQL: SELECT * FROM `hh85_admin` WHERE ( `username` = 'admin' ) LIMIT 1   [ RunTime:0.011556s ]
NOTIC: [2048] mktime(): You should be using the time() function instead /home/www/hh85/daiyun/admin/Lib/Action/PublicAction.class.php 第 37 行.
INFO: [ view_parse ] --START--
INFO: ParseTemplate Behavior ::run [ RunTime:0.007637s ]
INFO: [ view_parse ] --END-- [ RunTime:0.007707s ]
INFO: [ view_filter ] --START--
INFO: ContentReplace Behavior ::run [ RunTime:0.000333s ]
INFO: TokenBuild Behavior ::run [ RunTime:0.000338s ]
INFO: WriteHtmlCache Behavior ::run [ RunTime:0.000241s ]
INFO: ShowRuntime Behavior ::run [ RunTime:0.000437s ]
INFO: [ view_filter ] --END-- [ RunTime:0.001513s ]
INFO: [ view_end ] --START--
INFO: ShowPageTrace Behavior ::run [ RunTime:0.000542s ]
INFO: [ view_end ] --END-- [ RunTime:0.000611s ]

[ 2014-11-01T16:59:57+08:00 ] 113.214.206.43 /Admin.php?m=Index&a=index
INFO: [ app_begin ] --START--
INFO: ReadHtmlCache Behavior ::run [ RunTime:0.000483s ]
INFO: [ app_begin ] --END-- [ RunTime:0.000561s ]
INFO: [ view_parse ] --START--
INFO: ParseTemplate Behavior ::run [ RunTime:0.047116s ]
INFO: [ view_parse ] --END-- [ RunTime:0.047194s ]
INFO: [ view_filter ] --START--
INFO: ContentReplace Behavior ::run [ RunTime:0.000336s ]
INFO: TokenBuild Behavior ::run [ RunTime:0.000330s ]
INFO: WriteHtmlCache Behavior ::run [ RunTime:0.000271s ]
INFO: ShowRuntime Behavior ::run [ RunTime:0.000399s ]
INFO: [ view_filter ] --END-- [ RunTime:0.001494s ]
INFO: [ view_end ] --START--
INFO: ShowPageTrace Behavior ::run [ RunTime:0.000538s ]
INFO: [ view_end ] --END-- [ RunTime:0.000590s ]

[ 2014-11-01T16:59:57+08:00 ] 113.214.206.43 /Admin.php?m=Index&a=top
INFO: [ app_begin ] --START--
INFO: ReadHtmlCache Behavior ::run [ RunTime:0.000460s ]
INFO: [ app_begin ] --END-- [ RunTime:0.000535s ]
INFO: [ view_parse ] --START--
INFO: ParseTemplate Behavior ::run [ RunTime:0.050902s ]
INFO: [ view_parse ] --END-- [ RunTime:0.050976s ]
INFO: [ view_filter ] --START--
INFO: ContentReplace Behavior ::run [ RunTime:0.003377s ]
INFO: TokenBuild Behavior ::run [ RunTime:0.000386s ]
INFO: WriteHtmlCache Behavior ::run [ RunTime:0.000262s ]
INFO: ShowRuntime Behavior ::run [ RunTime:0.000397s ]
INFO: [ view_filter ] --END-- [ RunTime:0.004597s ]
INFO: [ view_end ] --START--
INFO: ShowPageTrace Behavior ::run [ RunTime:0.000506s ]
INFO: [ view_end ] --END-- [ RunTime:0.000557s ]

[ 2014-11-01T16:59:57+08:00 ] 113.214.206.43 /Admin.php?m=Index&a=menu
INFO: [ app_begin ] --START--
INFO: ReadHtmlCache Behavior ::run [ RunTime:0.000472s ]
INFO: [ app_begin ] --END-- [ RunTime:0.000540s ]
NOTIC: [8] Constant THEME_NAME already defined /home/www/hh85/daiyun/Source/Lib/Core/View.class.php 第 223 行.
NOTIC: [8] Constant THEME_PATH already defined /home/www/hh85/daiyun/Source/Lib/Core/View.class.php 第 174 行.
NOTIC: [8] Constant APP_TMPL_PATH already defined /home/www/hh85/daiyun/Source/Lib/Core/View.class.php 第 175 行.
INFO: [ view_parse ] --START--
INFO: ParseTemplate Behavior ::run [ RunTime:0.020976s ]
INFO: [ view_parse ] --END-- [ RunTime:0.021044s ]
INFO: [ view_filter ] --START--
INFO: ContentReplace Behavior ::run [ RunTime:0.000339s ]
INFO: TokenBuild Behavior ::run [ RunTime:0.000347s ]
INFO: WriteHtmlCache Behavior ::run [ RunTime:0.000251s ]
INFO: ShowRuntime Behavior ::run [ RunTime:0.000393s ]
INFO: [ view_filter ] --END-- [ RunTime:0.001477s ]
INFO: [ view_end ] --START--
INFO: ShowPageTrace Behavior ::run [ RunTime:0.000514s ]
INFO: [ view_end ] --END-- [ RunTime:0.000565s ]

[ 2014-11-01T16:59:57+08:00 ] 113.214.206.43 /Admin.php?m=Index&a=main
INFO: [ app_begin ] --START--
INFO: ReadHtmlCache Behavior ::run [ RunTime:0.000480s ]
INFO: [ app_begin ] --END-- [ RunTime:0.000545s ]
NOTIC: [8] Undefined variable: quanxian /home/www/hh85/daiyun/admin/Lib/Action/IndexAction.class.php 第 41 行.
INFO: [ view_parse ] --START--
INFO: ParseTemplate Behavior ::run [ RunTime:0.017682s ]
INFO: [ view_parse ] --END-- [ RunTime:0.017765s ]
INFO: [ view_filter ] --START--
INFO: ContentReplace Behavior ::run [ RunTime:0.000328s ]
INFO: TokenBuild Behavior ::run [ RunTime:0.000354s ]
INFO: WriteHtmlCache Behavior ::run [ RunTime:0.000251s ]
INFO: ShowRuntime Behavior ::run [ RunTime:0.000379s ]
INFO: [ view_filter ] --END-- [ RunTime:0.001467s ]
INFO: [ view_end ] --START--
INFO: ShowPageTrace Behavior ::run [ RunTime:0.000565s ]
INFO: [ view_end ] --END-- [ RunTime:0.000616s ]

[ 2014-11-01T16:59:59+08:00 ] 113.214.206.43 /Admin.php?m=Index&a=menu_article
INFO: [ app_begin ] --START--
INFO: ReadHtmlCache Behavior ::run [ RunTime:0.000475s ]
INFO: [ app_begin ] --END-- [ RunTime:0.000548s ]
INFO: [ view_parse ] --START--
INFO: ParseTemplate Behavior ::run [ RunTime:0.012711s ]
INFO: [ view_parse ] --END-- [ RunTime:0.012787s ]
INFO: [ view_filter ] --START--
INFO: ContentReplace Behavior ::run [ RunTime:0.000384s ]
INFO: TokenBuild Behavior ::run [ RunTime:0.000347s ]
INFO: WriteHtmlCache Behavior ::run [ RunTime:0.000248s ]
INFO: ShowRuntime Behavior ::run [ RunTime:0.000432s ]
INFO: [ view_filter ] --END-- [ RunTime:0.001566s ]
INFO: [ view_end ] --START--
INFO: ShowPageTrace Behavior ::run [ RunTime:0.000509s ]
INFO: [ view_end ] --END-- [ RunTime:0.000564s ]

[ 2014-11-01T17:00:02+08:00 ] 113.214.206.43 /Admin.php?m=Category&a=index
INFO: [ app_begin ] --START--
INFO: ReadHtmlCache Behavior ::run [ RunTime:0.000488s ]
INFO: [ app_begin ] --END-- [ RunTime:0.000570s ]
SQL: SHOW COLUMNS FROM `hh85_category` [ RunTime:0.000701s ]
SQL: SELECT * FROM `hh85_category`  [ RunTime:0.000253s ]
NOTIC: [8] Undefined index: level /home/www/hh85/daiyun/admin/Common/common.php 第 31 行.
NOTIC: [8] Undefined index: level /home/www/hh85/daiyun/admin/Common/common.php 第 31 行.
NOTIC: [8] Undefined index: level /home/www/hh85/daiyun/admin/Common/common.php 第 31 行.
NOTIC: [8] Undefined index: level /home/www/hh85/daiyun/admin/Common/common.php 第 31 行.
NOTIC: [8] Undefined index: level /home/www/hh85/daiyun/admin/Common/common.php 第 31 行.
NOTIC: [8] Undefined index: level /home/www/hh85/daiyun/admin/Common/common.php 第 31 行.
NOTIC: [8] Undefined index: level /home/www/hh85/daiyun/admin/Common/common.php 第 31 行.
NOTIC: [8] Undefined index: level /home/www/hh85/daiyun/admin/Common/common.php 第 31 行.
NOTIC: [8] Undefined index: level /home/www/hh85/daiyun/admin/Common/common.php 第 31 行.
NOTIC: [8] Undefined index: level /home/www/hh85/daiyun/admin/Common/common.php 第 31 行.
NOTIC: [8] Undefined index: level /home/www/hh85/daiyun/admin/Common/common.php 第 31 行.
NOTIC: [8] Undefined index: level /home/www/hh85/daiyun/admin/Common/common.php 第 31 行.
NOTIC: [8] Undefined index: level /home/www/hh85/daiyun/admin/Common/common.php 第 31 行.
NOTIC: [8] Undefined index: level /home/www/hh85/daiyun/admin/Common/common.php 第 31 行.
NOTIC: [8] Undefined index: level /home/www/hh85/daiyun/admin/Common/common.php 第 31 行.
NOTIC: [8] Undefined index: level /home/www/hh85/daiyun/admin/Common/common.php 第 31 行.
NOTIC: [8] Undefined index: level /home/www/hh85/daiyun/admin/Common/common.php 第 31 行.
NOTIC: [8] Undefined index: level /home/www/hh85/daiyun/admin/Common/common.php 第 31 行.
NOTIC: [8] Undefined index: level /home/www/hh85/daiyun/admin/Common/common.php 第 31 行.
NOTIC: [8] Undefined index: level /home/www/hh85/daiyun/admin/Common/common.php 第 31 行.
NOTIC: [8] Undefined index: level /home/www/hh85/daiyun/admin/Common/common.php 第 31 行.
NOTIC: [8] Undefined index: level /home/www/hh85/daiyun/admin/Common/common.php 第 31 行.
NOTIC: [8] Undefined index: level /home/www/hh85/daiyun/admin/Common/common.php 第 31 行.
NOTIC: [8] Undefined index: level /home/www/hh85/daiyun/admin/Common/common.php 第 31 行.
NOTIC: [8] Undefined index: level /home/www/hh85/daiyun/admin/Common/common.php 第 31 行.
NOTIC: [8] Undefined index: level /home/www/hh85/daiyun/admin/Common/common.php 第 31 行.
NOTIC: [8] Undefined index: level /home/www/hh85/daiyun/admin/Common/common.php 第 31 行.
NOTIC: [8] Undefined index: level /home/www/hh85/daiyun/admin/Common/common.php 第 31 行.
NOTIC: [8] Undefined index: level /home/www/hh85/daiyun/admin/Common/common.php 第 31 行.
NOTIC: [8] Undefined index: level /home/www/hh85/daiyun/admin/Common/common.php 第 31 行.
NOTIC: [8] Undefined index: level /home/www/hh85/daiyun/admin/Common/common.php 第 31 行.
NOTIC: [8] Undefined index: level /home/www/hh85/daiyun/admin/Common/common.php 第 31 行.
NOTIC: [8] Undefined index: level /home/www/hh85/daiyun/admin/Common/common.php 第 31 行.
NOTIC: [8] Undefined index: level /home/www/hh85/daiyun/admin/Common/common.php 第 31 行.
NOTIC: [8] Undefined index: level /home/www/hh85/daiyun/admin/Common/common.php 第 31 行.
NOTIC: [8] Undefined index: level /home/www/hh85/daiyun/admin/Common/common.php 第 31 行.
NOTIC: [8] Undefined index: level /home/www/hh85/daiyun/admin/Common/common.php 第 31 行.
NOTIC: [8] Undefined index: level /home/www/hh85/daiyun/admin/Common/common.php 第 31 行.
NOTIC: [8] Undefined index: level /home/www/hh85/daiyun/admin/Common/common.php 第 31 行.
NOTIC: [8] Undefined index: level /home/www/hh85/daiyun/admin/Common/common.php 第 31 行.
INFO: [ view_parse ] --START--
INFO: ParseTemplate Behavior ::run [ RunTime:0.013181s ]
INFO: [ view_parse ] --END-- [ RunTime:0.013259s ]
INFO: [ view_filter ] --START--
INFO: ContentReplace Behavior ::run [ RunTime:0.000513s ]
INFO: TokenBuild Behavior ::run [ RunTime:0.000354s ]
INFO: WriteHtmlCache Behavior ::run [ RunTime:0.000259s ]
INFO: ShowRuntime Behavior ::run [ RunTime:0.000423s ]
INFO: [ view_filter ] --END-- [ RunTime:0.001701s ]
INFO: [ view_end ] --START--
INFO: ShowPageTrace Behavior ::run [ RunTime:0.000519s ]
INFO: [ view_end ] --END-- [ RunTime:0.000589s ]

[ 2014-11-01T17:00:03+08:00 ] 113.214.206.43 /Admin.php?m=Category&a=add
INFO: [ app_begin ] --START--
INFO: ReadHtmlCache Behavior ::run [ RunTime:0.000578s ]
INFO: [ app_begin ] --END-- [ RunTime:0.000663s ]
NOTIC: [8] Undefined index: submit /home/www/hh85/daiyun/admin/Lib/Action/CategoryAction.class.php 第 17 行.
SQL: SHOW COLUMNS FROM `hh85_category` [ RunTime:0.000669s ]
SQL: SELECT * FROM `hh85_category` WHERE ( cid=0 )  [ RunTime:0.000292s ]
INFO: [ view_parse ] --START--
INFO: ParseTemplate Behavior ::run [ RunTime:0.008669s ]
INFO: [ view_parse ] --END-- [ RunTime:0.008737s ]
INFO: [ view_filter ] --START--
INFO: ContentReplace Behavior ::run [ RunTime:0.000337s ]
INFO: TokenBuild Behavior ::run [ RunTime:0.000372s ]
INFO: WriteHtmlCache Behavior ::run [ RunTime:0.000241s ]
INFO: ShowRuntime Behavior ::run [ RunTime:0.000470s ]
INFO: [ view_filter ] --END-- [ RunTime:0.001574s ]
INFO: [ view_end ] --START--
INFO: ShowPageTrace Behavior ::run [ RunTime:0.000508s ]
INFO: [ view_end ] --END-- [ RunTime:0.000561s ]

[ 2014-11-01T17:01:07+08:00 ] 113.214.206.43 /Admin.php?m=Category&a=add
INFO: [ app_begin ] --START--
INFO: ReadHtmlCache Behavior ::run [ RunTime:0.000530s ]
INFO: [ app_begin ] --END-- [ RunTime:0.000616s ]
SQL: SHOW COLUMNS FROM `hh85_category` [ RunTime:0.000704s ]
SQL: INSERT INTO `hh85_category` (`name`,`cid`,`tixing`,`content`) VALUES ('1、避开受孕不利因素',1,1,'你已经开始准备要一个可爱的宝宝了，这时你和丈夫都应戒掉烟酒，因为过度抽烟喝酒会造成精子和卵子畸形，您一定不愿意让宝宝的生命在异常状态下开始吧。在有计划的受孕过程中，不要接触有毒物质，如麻醉剂、农药、灭害灵、铅、汞、镉等，不要照射X光等放射性物质。这时要保持身体的轻松闲适，不要在大强度运动和过度疲劳的状态下受孕。') [ RunTime:0.000233s ]
INFO: [ view_parse ] --START--
INFO: ParseTemplate Behavior ::run [ RunTime:0.005976s ]
INFO: [ view_parse ] --END-- [ RunTime:0.006045s ]
INFO: [ view_filter ] --START--
INFO: ContentReplace Behavior ::run [ RunTime:0.000360s ]
INFO: TokenBuild Behavior ::run [ RunTime:0.000330s ]
INFO: WriteHtmlCache Behavior ::run [ RunTime:0.000241s ]
INFO: ShowRuntime Behavior ::run [ RunTime:0.000422s ]
INFO: [ view_filter ] --END-- [ RunTime:0.001514s ]
INFO: [ view_end ] --START--
INFO: ShowPageTrace Behavior ::run [ RunTime:0.000592s ]
INFO: [ view_end ] --END-- [ RunTime:0.000642s ]

[ 2014-11-01T17:01:08+08:00 ] 113.214.206.43 /Admin.php?m=Category&a=add
INFO: [ app_begin ] --START--
INFO: ReadHtmlCache Behavior ::run [ RunTime:0.000464s ]
INFO: [ app_begin ] --END-- [ RunTime:0.000536s ]
NOTIC: [8] Undefined index: submit /home/www/hh85/daiyun/admin/Lib/Action/CategoryAction.class.php 第 17 行.
SQL: SHOW COLUMNS FROM `hh85_category` [ RunTime:0.000887s ]
SQL: SELECT * FROM `hh85_category` WHERE ( cid=0 )  [ RunTime:0.000312s ]
INFO: [ view_parse ] --START--
INFO: ParseTemplate Behavior ::run [ RunTime:0.007110s ]
INFO: [ view_parse ] --END-- [ RunTime:0.007188s ]
INFO: [ view_filter ] --START--
INFO: ContentReplace Behavior ::run [ RunTime:0.000369s ]
INFO: TokenBuild Behavior ::run [ RunTime:0.000330s ]
INFO: WriteHtmlCache Behavior ::run [ RunTime:0.000249s ]
INFO: ShowRuntime Behavior ::run [ RunTime:0.000459s ]
INFO: [ view_filter ] --END-- [ RunTime:0.001563s ]
INFO: [ view_end ] --START--
INFO: ShowPageTrace Behavior ::run [ RunTime:0.000519s ]
INFO: [ view_end ] --END-- [ RunTime:0.000572s ]

[ 2014-11-01T17:01:24+08:00 ] 113.214.206.43 /Admin.php?m=Category&a=add
INFO: [ app_begin ] --START--
INFO: ReadHtmlCache Behavior ::run [ RunTime:0.000473s ]
INFO: [ app_begin ] --END-- [ RunTime:0.000544s ]
SQL: SHOW COLUMNS FROM `hh85_category` [ RunTime:0.000680s ]
SQL: INSERT INTO `hh85_category` (`name`,`cid`,`tixing`,`content`) VALUES ('2、排卵试纸',1,3,'<p>\r\n	如果你已经做好了怀孕的准备，在准备过程中，排卵试纸可以让你准确地掌握排卵周期，不过一定要学会正确使用才行。一般来讲，排卵测纸需要连续使用5天，检测的最佳时间是每天早上10点到晚上8点。做完测试后留下测试结果和日后的测试进行比对，或者是将测试结果详细记录下来，直至检测出LH峰值，这样就能预知排卵时间准确受孕了。\r\n</p>') [ RunTime:0.000244s ]
INFO: [ view_parse ] --START--
INFO: ParseTemplate Behavior ::run [ RunTime:0.006037s ]
INFO: [ view_parse ] --END-- [ RunTime:0.006114s ]
INFO: [ view_filter ] --START--
INFO: ContentReplace Behavior ::run [ RunTime:0.000318s ]
INFO: TokenBuild Behavior ::run [ RunTime:0.000340s ]
INFO: WriteHtmlCache Behavior ::run [ RunTime:0.000256s ]
INFO: ShowRuntime Behavior ::run [ RunTime:0.000380s ]
INFO: [ view_filter ] --END-- [ RunTime:0.001449s ]
INFO: [ view_end ] --START--
INFO: ShowPageTrace Behavior ::run [ RunTime:0.000546s ]
INFO: [ view_end ] --END-- [ RunTime:0.000595s ]

[ 2014-11-01T17:01:25+08:00 ] 113.214.206.43 /Admin.php?m=Category&a=add
INFO: [ app_begin ] --START--
INFO: ReadHtmlCache Behavior ::run [ RunTime:0.000506s ]
INFO: [ app_begin ] --END-- [ RunTime:0.000578s ]
NOTIC: [8] Undefined index: submit /home/www/hh85/daiyun/admin/Lib/Action/CategoryAction.class.php 第 17 行.
SQL: SHOW COLUMNS FROM `hh85_category` [ RunTime:0.000756s ]
SQL: SELECT * FROM `hh85_category` WHERE ( cid=0 )  [ RunTime:0.000289s ]
INFO: [ view_parse ] --START--
INFO: ParseTemplate Behavior ::run [ RunTime:0.007129s ]
INFO: [ view_parse ] --END-- [ RunTime:0.007209s ]
INFO: [ view_filter ] --START--
INFO: ContentReplace Behavior ::run [ RunTime:0.000346s ]
INFO: TokenBuild Behavior ::run [ RunTime:0.000337s ]
INFO: WriteHtmlCache Behavior ::run [ RunTime:0.000241s ]
INFO: ShowRuntime Behavior ::run [ RunTime:0.000401s ]
INFO: [ view_filter ] --END-- [ RunTime:0.001494s ]
INFO: [ view_end ] --START--
INFO: ShowPageTrace Behavior ::run [ RunTime:0.000519s ]
INFO: [ view_end ] --END-- [ RunTime:0.000572s ]

