[ 2014-11-03T09:21:05+08:00 ] 180.175.186.24 /Admin.php
INFO: [ app_begin ] --START--
INFO: ReadHtmlCache Behavior ::run [ RunTime:0.001494s ]
INFO: [ app_begin ] --END-- [ RunTime:0.001582s ]
NOTIC: [8] Undefined index: 089203d4f2bc8c9669a06003ed5694b9 /home/www/hh85/daiyun/Source/Extend/Library/ORG/Util/RBAC.class.php 第 176 行.
NOTIC: [8] Undefined index: _ACCESS_LIST /home/www/hh85/daiyun/Source/Extend/Library/ORG/Util/RBAC.class.php 第 180 行.
NOTIC: [8] Undefined index: uid /home/www/hh85/daiyun/admin/Lib/Action/CommonAction.class.php 第 13 行.

[ 2014-11-03T09:21:05+08:00 ] 180.175.186.24 /Admin.php?m=Public&a=login
INFO: [ app_begin ] --START--
INFO: ReadHtmlCache Behavior ::run [ RunTime:0.000461s ]
INFO: [ app_begin ] --END-- [ RunTime:0.000530s ]
INFO: [ view_parse ] --START--
INFO: ParseTemplate Behavior ::run [ RunTime:0.014890s ]
INFO: [ view_parse ] --END-- [ RunTime:0.015010s ]
INFO: [ view_filter ] --START--
INFO: ContentReplace Behavior ::run [ RunTime:0.001335s ]
INFO: TokenBuild Behavior ::run [ RunTime:0.001594s ]
INFO: WriteHtmlCache Behavior ::run [ RunTime:0.001251s ]
INFO: ShowRuntime Behavior ::run [ RunTime:0.001356s ]
INFO: [ view_filter ] --END-- [ RunTime:0.005706s ]
INFO: [ view_end ] --START--
INFO: ShowPageTrace Behavior ::run [ RunTime:0.001534s ]
INFO: [ view_end ] --END-- [ RunTime:0.001586s ]

[ 2014-11-03T09:21:05+08:00 ] 180.175.186.24 /Admin.php?m=Public&a=verify
INFO: [ app_begin ] --START--
INFO: ReadHtmlCache Behavior ::run [ RunTime:0.000637s ]
INFO: [ app_begin ] --END-- [ RunTime:0.000712s ]

[ 2014-11-03T09:21:22+08:00 ] 180.175.186.24 /Admin.php?m=Public&a=checkLogin
INFO: [ app_begin ] --START--
INFO: ReadHtmlCache Behavior ::run [ RunTime:0.000467s ]
INFO: [ app_begin ] --END-- [ RunTime:0.000538s ]
SQL: SHOW COLUMNS FROM `hh85_admin` [ RunTime:0.040068s ]
SQL: SELECT * FROM `hh85_admin` WHERE ( `username` = 'admin' ) LIMIT 1   [ RunTime:0.001293s ]
NOTIC: [2048] mktime(): You should be using the time() function instead /home/www/hh85/daiyun/admin/Lib/Action/PublicAction.class.php 第 37 行.
INFO: [ view_parse ] --START--
INFO: ParseTemplate Behavior ::run [ RunTime:0.007254s ]
INFO: [ view_parse ] --END-- [ RunTime:0.007342s ]
INFO: [ view_filter ] --START--
INFO: ContentReplace Behavior ::run [ RunTime:0.000326s ]
INFO: TokenBuild Behavior ::run [ RunTime:0.000332s ]
INFO: WriteHtmlCache Behavior ::run [ RunTime:0.000269s ]
INFO: ShowRuntime Behavior ::run [ RunTime:0.000418s ]
INFO: [ view_filter ] --END-- [ RunTime:0.001502s ]
INFO: [ view_end ] --START--
INFO: ShowPageTrace Behavior ::run [ RunTime:0.000554s ]
INFO: [ view_end ] --END-- [ RunTime:0.000608s ]

[ 2014-11-03T09:21:24+08:00 ] 180.175.186.24 /Admin.php?m=Index&a=index
INFO: [ app_begin ] --START--
INFO: ReadHtmlCache Behavior ::run [ RunTime:0.000541s ]
INFO: [ app_begin ] --END-- [ RunTime:0.000617s ]
INFO: [ view_parse ] --START--
INFO: ParseTemplate Behavior ::run [ RunTime:0.039256s ]
INFO: [ view_parse ] --END-- [ RunTime:0.039341s ]
INFO: [ view_filter ] --START--
INFO: ContentReplace Behavior ::run [ RunTime:0.000333s ]
INFO: TokenBuild Behavior ::run [ RunTime:0.000366s ]
INFO: WriteHtmlCache Behavior ::run [ RunTime:0.000249s ]
INFO: ShowRuntime Behavior ::run [ RunTime:0.000385s ]
INFO: [ view_filter ] --END-- [ RunTime:0.001483s ]
INFO: [ view_end ] --START--
INFO: ShowPageTrace Behavior ::run [ RunTime:0.000522s ]
INFO: [ view_end ] --END-- [ RunTime:0.000573s ]

[ 2014-11-03T09:21:24+08:00 ] 180.175.186.24 /Admin.php?m=Index&a=top
INFO: [ app_begin ] --START--
INFO: ReadHtmlCache Behavior ::run [ RunTime:0.000456s ]
INFO: [ app_begin ] --END-- [ RunTime:0.000528s ]
INFO: [ view_parse ] --START--
INFO: ParseTemplate Behavior ::run [ RunTime:0.036783s ]
INFO: [ view_parse ] --END-- [ RunTime:0.036861s ]
INFO: [ view_filter ] --START--
INFO: ContentReplace Behavior ::run [ RunTime:0.000360s ]
INFO: TokenBuild Behavior ::run [ RunTime:0.000338s ]
INFO: WriteHtmlCache Behavior ::run [ RunTime:0.000250s ]
INFO: ShowRuntime Behavior ::run [ RunTime:0.000457s ]
INFO: [ view_filter ] --END-- [ RunTime:0.001592s ]
INFO: [ view_end ] --START--
INFO: ShowPageTrace Behavior ::run [ RunTime:0.000559s ]
INFO: [ view_end ] --END-- [ RunTime:0.000610s ]

[ 2014-11-03T09:21:24+08:00 ] 180.175.186.24 /Admin.php?m=Index&a=main
INFO: [ app_begin ] --START--
INFO: ReadHtmlCache Behavior ::run [ RunTime:0.000488s ]
INFO: [ app_begin ] --END-- [ RunTime:0.000556s ]
NOTIC: [8] Undefined variable: quanxian /home/www/hh85/daiyun/admin/Lib/Action/IndexAction.class.php 第 41 行.
INFO: [ view_parse ] --START--
INFO: ParseTemplate Behavior ::run [ RunTime:0.021520s ]
INFO: [ view_parse ] --END-- [ RunTime:0.021634s ]
INFO: [ view_filter ] --START--
INFO: ContentReplace Behavior ::run [ RunTime:0.000492s ]
INFO: TokenBuild Behavior ::run [ RunTime:0.000427s ]
INFO: WriteHtmlCache Behavior ::run [ RunTime:0.000262s ]
INFO: ShowRuntime Behavior ::run [ RunTime:0.000471s ]
INFO: [ view_filter ] --END-- [ RunTime:0.001848s ]
INFO: [ view_end ] --START--
INFO: ShowPageTrace Behavior ::run [ RunTime:0.000584s ]
INFO: [ view_end ] --END-- [ RunTime:0.000638s ]

[ 2014-11-03T09:21:24+08:00 ] 180.175.186.24 /Admin.php?m=Index&a=menu
INFO: [ app_begin ] --START--
INFO: ReadHtmlCache Behavior ::run [ RunTime:0.000443s ]
INFO: [ app_begin ] --END-- [ RunTime:0.000530s ]
NOTIC: [8] Constant THEME_NAME already defined /home/www/hh85/daiyun/Source/Lib/Core/View.class.php 第 223 行.
NOTIC: [8] Constant THEME_PATH already defined /home/www/hh85/daiyun/Source/Lib/Core/View.class.php 第 174 行.
NOTIC: [8] Constant APP_TMPL_PATH already defined /home/www/hh85/daiyun/Source/Lib/Core/View.class.php 第 175 行.
INFO: [ view_parse ] --START--
INFO: ParseTemplate Behavior ::run [ RunTime:0.029334s ]
INFO: [ view_parse ] --END-- [ RunTime:0.029412s ]
INFO: [ view_filter ] --START--
INFO: ContentReplace Behavior ::run [ RunTime:0.000361s ]
INFO: TokenBuild Behavior ::run [ RunTime:0.000325s ]
INFO: WriteHtmlCache Behavior ::run [ RunTime:0.000242s ]
INFO: ShowRuntime Behavior ::run [ RunTime:0.000403s ]
INFO: [ view_filter ] --END-- [ RunTime:0.001483s ]
INFO: [ view_end ] --START--
INFO: ShowPageTrace Behavior ::run [ RunTime:0.000489s ]
INFO: [ view_end ] --END-- [ RunTime:0.000538s ]

[ 2014-11-03T09:21:31+08:00 ] 180.175.186.24 /Admin.php?m=Index&a=menu_article
INFO: [ app_begin ] --START--
INFO: ReadHtmlCache Behavior ::run [ RunTime:0.000452s ]
INFO: [ app_begin ] --END-- [ RunTime:0.000526s ]
INFO: [ view_parse ] --START--
INFO: ParseTemplate Behavior ::run [ RunTime:0.020288s ]
INFO: [ view_parse ] --END-- [ RunTime:0.020352s ]
INFO: [ view_filter ] --START--
INFO: ContentReplace Behavior ::run [ RunTime:0.000341s ]
INFO: TokenBuild Behavior ::run [ RunTime:0.000390s ]
INFO: WriteHtmlCache Behavior ::run [ RunTime:0.000246s ]
INFO: ShowRuntime Behavior ::run [ RunTime:0.000422s ]
INFO: [ view_filter ] --END-- [ RunTime:0.001548s ]
INFO: [ view_end ] --START--
INFO: ShowPageTrace Behavior ::run [ RunTime:0.000493s ]
INFO: [ view_end ] --END-- [ RunTime:0.000543s ]

[ 2014-11-03T09:21:37+08:00 ] 180.175.186.24 /Admin.php?m=Category&a=add
INFO: [ app_begin ] --START--
INFO: ReadHtmlCache Behavior ::run [ RunTime:0.000526s ]
INFO: [ app_begin ] --END-- [ RunTime:0.000612s ]
NOTIC: [8] Undefined index: submit /home/www/hh85/daiyun/admin/Lib/Action/CategoryAction.class.php 第 17 行.
SQL: SHOW COLUMNS FROM `hh85_category` [ RunTime:0.003636s ]
SQL: SELECT * FROM `hh85_category` WHERE ( cid=0 )  [ RunTime:0.022197s ]
INFO: [ view_parse ] --START--
INFO: ParseTemplate Behavior ::run [ RunTime:0.041764s ]
INFO: [ view_parse ] --END-- [ RunTime:0.041889s ]
INFO: [ view_filter ] --START--
INFO: ContentReplace Behavior ::run [ RunTime:0.000399s ]
INFO: TokenBuild Behavior ::run [ RunTime:0.000344s ]
INFO: WriteHtmlCache Behavior ::run [ RunTime:0.000267s ]
INFO: ShowRuntime Behavior ::run [ RunTime:0.000402s ]
INFO: [ view_filter ] --END-- [ RunTime:0.001582s ]
INFO: [ view_end ] --START--
INFO: ShowPageTrace Behavior ::run [ RunTime:0.000546s ]
INFO: [ view_end ] --END-- [ RunTime:0.000600s ]

[ 2014-11-03T09:21:39+08:00 ] 180.175.186.24 /Admin.php?m=Category&a=index
INFO: [ app_begin ] --START--
INFO: ReadHtmlCache Behavior ::run [ RunTime:0.000490s ]
INFO: [ app_begin ] --END-- [ RunTime:0.000563s ]
SQL: SHOW COLUMNS FROM `hh85_category` [ RunTime:0.000713s ]
SQL: SELECT * FROM `hh85_category`  [ RunTime:0.000251s ]
NOTIC: [8] Undefined index: level /home/www/hh85/daiyun/admin/Common/common.php 第 31 行.
NOTIC: [8] Undefined index: level /home/www/hh85/daiyun/admin/Common/common.php 第 31 行.
NOTIC: [8] Undefined index: level /home/www/hh85/daiyun/admin/Common/common.php 第 31 行.
NOTIC: [8] Undefined index: level /home/www/hh85/daiyun/admin/Common/common.php 第 31 行.
NOTIC: [8] Undefined index: level /home/www/hh85/daiyun/admin/Common/common.php 第 31 行.
NOTIC: [8] Undefined index: level /home/www/hh85/daiyun/admin/Common/common.php 第 31 行.
NOTIC: [8] Undefined index: level /home/www/hh85/daiyun/admin/Common/common.php 第 31 行.
NOTIC: [8] Undefined index: level /home/www/hh85/daiyun/admin/Common/common.php 第 31 行.
NOTIC: [8] Undefined index: level /home/www/hh85/daiyun/admin/Common/common.php 第 31 行.
NOTIC: [8] Undefined index: level /home/www/hh85/daiyun/admin/Common/common.php 第 31 行.
NOTIC: [8] Undefined index: level /home/www/hh85/daiyun/admin/Common/common.php 第 31 行.
NOTIC: [8] Undefined index: level /home/www/hh85/daiyun/admin/Common/common.php 第 31 行.
NOTIC: [8] Undefined index: level /home/www/hh85/daiyun/admin/Common/common.php 第 31 行.
NOTIC: [8] Undefined index: level /home/www/hh85/daiyun/admin/Common/common.php 第 31 行.
NOTIC: [8] Undefined index: level /home/www/hh85/daiyun/admin/Common/common.php 第 31 行.
NOTIC: [8] Undefined index: level /home/www/hh85/daiyun/admin/Common/common.php 第 31 行.
NOTIC: [8] Undefined index: level /home/www/hh85/daiyun/admin/Common/common.php 第 31 行.
NOTIC: [8] Undefined index: level /home/www/hh85/daiyun/admin/Common/common.php 第 31 行.
NOTIC: [8] Undefined index: level /home/www/hh85/daiyun/admin/Common/common.php 第 31 行.
NOTIC: [8] Undefined index: level /home/www/hh85/daiyun/admin/Common/common.php 第 31 行.
NOTIC: [8] Undefined index: level /home/www/hh85/daiyun/admin/Common/common.php 第 31 行.
NOTIC: [8] Undefined index: level /home/www/hh85/daiyun/admin/Common/common.php 第 31 行.
NOTIC: [8] Undefined index: level /home/www/hh85/daiyun/admin/Common/common.php 第 31 行.
NOTIC: [8] Undefined index: level /home/www/hh85/daiyun/admin/Common/common.php 第 31 行.
NOTIC: [8] Undefined index: level /home/www/hh85/daiyun/admin/Common/common.php 第 31 行.
NOTIC: [8] Undefined index: level /home/www/hh85/daiyun/admin/Common/common.php 第 31 行.
NOTIC: [8] Undefined index: level /home/www/hh85/daiyun/admin/Common/common.php 第 31 行.
NOTIC: [8] Undefined index: level /home/www/hh85/daiyun/admin/Common/common.php 第 31 行.
NOTIC: [8] Undefined index: level /home/www/hh85/daiyun/admin/Common/common.php 第 31 行.
NOTIC: [8] Undefined index: level /home/www/hh85/daiyun/admin/Common/common.php 第 31 行.
NOTIC: [8] Undefined index: level /home/www/hh85/daiyun/admin/Common/common.php 第 31 行.
NOTIC: [8] Undefined index: level /home/www/hh85/daiyun/admin/Common/common.php 第 31 行.
NOTIC: [8] Undefined index: level /home/www/hh85/daiyun/admin/Common/common.php 第 31 行.
NOTIC: [8] Undefined index: level /home/www/hh85/daiyun/admin/Common/common.php 第 31 行.
NOTIC: [8] Undefined index: level /home/www/hh85/daiyun/admin/Common/common.php 第 31 行.
NOTIC: [8] Undefined index: level /home/www/hh85/daiyun/admin/Common/common.php 第 31 行.
NOTIC: [8] Undefined index: level /home/www/hh85/daiyun/admin/Common/common.php 第 31 行.
NOTIC: [8] Undefined index: level /home/www/hh85/daiyun/admin/Common/common.php 第 31 行.
NOTIC: [8] Undefined index: level /home/www/hh85/daiyun/admin/Common/common.php 第 31 行.
NOTIC: [8] Undefined index: level /home/www/hh85/daiyun/admin/Common/common.php 第 31 行.
NOTIC: [8] Undefined index: level /home/www/hh85/daiyun/admin/Common/common.php 第 31 行.
NOTIC: [8] Undefined index: level /home/www/hh85/daiyun/admin/Common/common.php 第 31 行.
INFO: [ view_parse ] --START--
INFO: ParseTemplate Behavior ::run [ RunTime:0.012806s ]
INFO: [ view_parse ] --END-- [ RunTime:0.012877s ]
INFO: [ view_filter ] --START--
INFO: ContentReplace Behavior ::run [ RunTime:0.000511s ]
INFO: TokenBuild Behavior ::run [ RunTime:0.000397s ]
INFO: WriteHtmlCache Behavior ::run [ RunTime:0.000242s ]
INFO: ShowRuntime Behavior ::run [ RunTime:0.000432s ]
INFO: [ view_filter ] --END-- [ RunTime:0.001746s ]
INFO: [ view_end ] --START--
INFO: ShowPageTrace Behavior ::run [ RunTime:0.000531s ]
INFO: [ view_end ] --END-- [ RunTime:0.000594s ]

[ 2014-11-03T09:21:53+08:00 ] 180.175.186.24 /Admin.php?m=MsgCate&a=index
INFO: [ app_begin ] --START--
INFO: ReadHtmlCache Behavior ::run [ RunTime:0.000452s ]
INFO: [ app_begin ] --END-- [ RunTime:0.000523s ]
SQL: SHOW COLUMNS FROM `hh85_msg_cate` [ RunTime:0.029532s ]
SQL: SELECT * FROM `hh85_msg_cate`  [ RunTime:0.019247s ]
INFO: [ view_parse ] --START--
NOTIC: [8] Undefined index: level /home/www/hh85/daiyun/admin/Runtime/Cache/974995274876d32fbbcf610a23f60ac5.php 第 277 行.
NOTIC: [8] Undefined index: level /home/www/hh85/daiyun/admin/Runtime/Cache/974995274876d32fbbcf610a23f60ac5.php 第 277 行.
NOTIC: [8] Undefined index: level /home/www/hh85/daiyun/admin/Runtime/Cache/974995274876d32fbbcf610a23f60ac5.php 第 277 行.
INFO: ParseTemplate Behavior ::run [ RunTime:0.009524s ]
INFO: [ view_parse ] --END-- [ RunTime:0.009586s ]
INFO: [ view_filter ] --START--
INFO: ContentReplace Behavior ::run [ RunTime:0.000389s ]
INFO: TokenBuild Behavior ::run [ RunTime:0.000372s ]
INFO: WriteHtmlCache Behavior ::run [ RunTime:0.000253s ]
INFO: ShowRuntime Behavior ::run [ RunTime:0.000401s ]
INFO: [ view_filter ] --END-- [ RunTime:0.001587s ]
INFO: [ view_end ] --START--
INFO: ShowPageTrace Behavior ::run [ RunTime:0.000513s ]
INFO: [ view_end ] --END-- [ RunTime:0.000586s ]

[ 2014-11-03T09:21:55+08:00 ] 180.175.186.24 /Admin.php?m=Msg&a=add
INFO: [ app_begin ] --START--
INFO: ReadHtmlCache Behavior ::run [ RunTime:0.000457s ]
INFO: [ app_begin ] --END-- [ RunTime:0.000530s ]
SQL: SHOW COLUMNS FROM `hh85_msg_cate` [ RunTime:0.000595s ]
SQL: SELECT * FROM `hh85_msg_cate`  [ RunTime:0.000160s ]
INFO: [ view_parse ] --START--
INFO: ParseTemplate Behavior ::run [ RunTime:0.025697s ]
INFO: [ view_parse ] --END-- [ RunTime:0.025786s ]
INFO: [ view_filter ] --START--
INFO: ContentReplace Behavior ::run [ RunTime:0.000384s ]
INFO: TokenBuild Behavior ::run [ RunTime:0.000344s ]
INFO: WriteHtmlCache Behavior ::run [ RunTime:0.000284s ]
INFO: ShowRuntime Behavior ::run [ RunTime:0.000578s ]
INFO: [ view_filter ] --END-- [ RunTime:0.001774s ]
INFO: [ view_end ] --START--
INFO: ShowPageTrace Behavior ::run [ RunTime:0.000643s ]
INFO: [ view_end ] --END-- [ RunTime:0.000730s ]

[ 2014-11-03T09:21:58+08:00 ] 180.175.186.24 /Admin.php?m=Msg&a=index
INFO: [ app_begin ] --START--
INFO: ReadHtmlCache Behavior ::run [ RunTime:0.000501s ]
INFO: [ app_begin ] --END-- [ RunTime:0.000594s ]
SQL: SHOW COLUMNS FROM `hh85_msg` [ RunTime:0.016756s ]
SQL: SELECT COUNT(*) AS tp_count FROM `hh85_msg` LIMIT 1   [ RunTime:0.000150s ]
SQL: SELECT * FROM `hh85_msg` ORDER BY createtime DESC LIMIT 0,20   [ RunTime:0.001341s ]
INFO: [ view_parse ] --START--
INFO: ParseTemplate Behavior ::run [ RunTime:0.011997s ]
INFO: [ view_parse ] --END-- [ RunTime:0.012081s ]
INFO: [ view_filter ] --START--
INFO: ContentReplace Behavior ::run [ RunTime:0.000408s ]
INFO: TokenBuild Behavior ::run [ RunTime:0.000336s ]
INFO: WriteHtmlCache Behavior ::run [ RunTime:0.000251s ]
INFO: ShowRuntime Behavior ::run [ RunTime:0.000418s ]
INFO: [ view_filter ] --END-- [ RunTime:0.001573s ]
INFO: [ view_end ] --START--
INFO: ShowPageTrace Behavior ::run [ RunTime:0.000508s ]
INFO: [ view_end ] --END-- [ RunTime:0.000569s ]

[ 2014-11-03T09:22:34+08:00 ] 180.175.186.24 /Admin.php?m=Msg&a=edit&id=6
INFO: [ app_begin ] --START--
INFO: ReadHtmlCache Behavior ::run [ RunTime:0.000472s ]
INFO: [ app_begin ] --END-- [ RunTime:0.000536s ]
SQL: SHOW COLUMNS FROM `hh85_msg` [ RunTime:0.000557s ]
SQL: SELECT * FROM `hh85_msg` WHERE ( id=6 ) LIMIT 1   [ RunTime:0.002689s ]
SQL: SHOW COLUMNS FROM `hh85_msg_cate` [ RunTime:0.003077s ]
SQL: SELECT * FROM `hh85_msg_cate`  [ RunTime:0.001203s ]
INFO: [ view_parse ] --START--
INFO: ParseTemplate Behavior ::run [ RunTime:0.077853s ]
INFO: [ view_parse ] --END-- [ RunTime:0.077933s ]
INFO: [ view_filter ] --START--
INFO: ContentReplace Behavior ::run [ RunTime:0.000433s ]
INFO: TokenBuild Behavior ::run [ RunTime:0.000403s ]
INFO: WriteHtmlCache Behavior ::run [ RunTime:0.000300s ]
INFO: ShowRuntime Behavior ::run [ RunTime:0.000485s ]
INFO: [ view_filter ] --END-- [ RunTime:0.001833s ]
INFO: [ view_end ] --START--
INFO: ShowPageTrace Behavior ::run [ RunTime:0.000583s ]
INFO: [ view_end ] --END-- [ RunTime:0.000640s ]

[ 2014-11-03T19:06:48+08:00 ] 180.175.186.24 /Admin.php
INFO: [ app_begin ] --START--
INFO: ReadHtmlCache Behavior ::run [ RunTime:0.000648s ]
INFO: [ app_begin ] --END-- [ RunTime:0.000727s ]
NOTIC: [8] Undefined index: 089203d4f2bc8c9669a06003ed5694b9 /home/www/hh85/daiyun/Source/Extend/Library/ORG/Util/RBAC.class.php 第 176 行.
NOTIC: [8] Undefined index: _ACCESS_LIST /home/www/hh85/daiyun/Source/Extend/Library/ORG/Util/RBAC.class.php 第 180 行.
NOTIC: [8] Undefined index: uid /home/www/hh85/daiyun/admin/Lib/Action/CommonAction.class.php 第 13 行.

[ 2014-11-03T19:06:48+08:00 ] 180.175.186.24 /Admin.php?m=Public&a=login
INFO: [ app_begin ] --START--
INFO: ReadHtmlCache Behavior ::run [ RunTime:0.000462s ]
INFO: [ app_begin ] --END-- [ RunTime:0.000548s ]
INFO: [ view_parse ] --START--
INFO: ParseTemplate Behavior ::run [ RunTime:0.028399s ]
INFO: [ view_parse ] --END-- [ RunTime:0.028464s ]
INFO: [ view_filter ] --START--
INFO: ContentReplace Behavior ::run [ RunTime:0.000360s ]
INFO: TokenBuild Behavior ::run [ RunTime:0.000344s ]
INFO: WriteHtmlCache Behavior ::run [ RunTime:0.000258s ]
INFO: ShowRuntime Behavior ::run [ RunTime:0.000417s ]
INFO: [ view_filter ] --END-- [ RunTime:0.001531s ]
INFO: [ view_end ] --START--
INFO: ShowPageTrace Behavior ::run [ RunTime:0.000512s ]
INFO: [ view_end ] --END-- [ RunTime:0.000562s ]

[ 2014-11-03T19:06:48+08:00 ] 180.175.186.24 /Admin.php?m=Public&a=verify
INFO: [ app_begin ] --START--
INFO: ReadHtmlCache Behavior ::run [ RunTime:0.000476s ]
INFO: [ app_begin ] --END-- [ RunTime:0.000560s ]

[ 2014-11-03T19:06:58+08:00 ] 180.175.186.24 /Admin.php?m=Public&a=checkLogin
INFO: [ app_begin ] --START--
INFO: ReadHtmlCache Behavior ::run [ RunTime:0.000490s ]
INFO: [ app_begin ] --END-- [ RunTime:0.000570s ]
SQL: SHOW COLUMNS FROM `hh85_admin` [ RunTime:0.017520s ]
SQL: SELECT * FROM `hh85_admin` WHERE ( `username` = 'admin' ) LIMIT 1   [ RunTime:0.001478s ]
NOTIC: [2048] mktime(): You should be using the time() function instead /home/www/hh85/daiyun/admin/Lib/Action/PublicAction.class.php 第 37 行.
INFO: [ view_parse ] --START--
INFO: ParseTemplate Behavior ::run [ RunTime:0.008267s ]
INFO: [ view_parse ] --END-- [ RunTime:0.008343s ]
INFO: [ view_filter ] --START--
INFO: ContentReplace Behavior ::run [ RunTime:0.000324s ]
INFO: TokenBuild Behavior ::run [ RunTime:0.000336s ]
INFO: WriteHtmlCache Behavior ::run [ RunTime:0.000241s ]
INFO: ShowRuntime Behavior ::run [ RunTime:0.000419s ]
INFO: [ view_filter ] --END-- [ RunTime:0.001499s ]
INFO: [ view_end ] --START--
INFO: ShowPageTrace Behavior ::run [ RunTime:0.000525s ]
INFO: [ view_end ] --END-- [ RunTime:0.000578s ]

[ 2014-11-03T19:06:59+08:00 ] 180.175.186.24 /Admin.php?m=Index&a=index
INFO: [ app_begin ] --START--
INFO: ReadHtmlCache Behavior ::run [ RunTime:0.000479s ]
INFO: [ app_begin ] --END-- [ RunTime:0.000558s ]
INFO: [ view_parse ] --START--
INFO: ParseTemplate Behavior ::run [ RunTime:0.037410s ]
INFO: [ view_parse ] --END-- [ RunTime:0.037495s ]
INFO: [ view_filter ] --START--
INFO: ContentReplace Behavior ::run [ RunTime:0.000331s ]
INFO: TokenBuild Behavior ::run [ RunTime:0.000330s ]
INFO: WriteHtmlCache Behavior ::run [ RunTime:0.000247s ]
INFO: ShowRuntime Behavior ::run [ RunTime:0.000609s ]
INFO: [ view_filter ] --END-- [ RunTime:0.001733s ]
INFO: [ view_end ] --START--
INFO: ShowPageTrace Behavior ::run [ RunTime:0.000604s ]
INFO: [ view_end ] --END-- [ RunTime:0.000666s ]

[ 2014-11-03T19:06:59+08:00 ] 180.175.186.24 /Admin.php?m=Index&a=top
INFO: [ app_begin ] --START--
INFO: ReadHtmlCache Behavior ::run [ RunTime:0.000470s ]
INFO: [ app_begin ] --END-- [ RunTime:0.000554s ]
INFO: [ view_parse ] --START--
INFO: ParseTemplate Behavior ::run [ RunTime:0.031116s ]
INFO: [ view_parse ] --END-- [ RunTime:0.031190s ]
INFO: [ view_filter ] --START--
INFO: ContentReplace Behavior ::run [ RunTime:0.000380s ]
INFO: TokenBuild Behavior ::run [ RunTime:0.000327s ]
INFO: WriteHtmlCache Behavior ::run [ RunTime:0.000240s ]
INFO: ShowRuntime Behavior ::run [ RunTime:0.000424s ]
INFO: [ view_filter ] --END-- [ RunTime:0.001527s ]
INFO: [ view_end ] --START--
INFO: ShowPageTrace Behavior ::run [ RunTime:0.000489s ]
INFO: [ view_end ] --END-- [ RunTime:0.000539s ]

[ 2014-11-03T19:06:59+08:00 ] 180.175.186.24 /Admin.php?m=Index&a=menu
INFO: [ app_begin ] --START--
INFO: ReadHtmlCache Behavior ::run [ RunTime:0.000467s ]
INFO: [ app_begin ] --END-- [ RunTime:0.000530s ]
NOTIC: [8] Constant THEME_NAME already defined /home/www/hh85/daiyun/Source/Lib/Core/View.class.php 第 223 行.
NOTIC: [8] Constant THEME_PATH already defined /home/www/hh85/daiyun/Source/Lib/Core/View.class.php 第 174 行.
NOTIC: [8] Constant APP_TMPL_PATH already defined /home/www/hh85/daiyun/Source/Lib/Core/View.class.php 第 175 行.
INFO: [ view_parse ] --START--
INFO: ParseTemplate Behavior ::run [ RunTime:0.016682s ]
INFO: [ view_parse ] --END-- [ RunTime:0.016757s ]
INFO: [ view_filter ] --START--
INFO: ContentReplace Behavior ::run [ RunTime:0.000351s ]
INFO: TokenBuild Behavior ::run [ RunTime:0.000359s ]
INFO: WriteHtmlCache Behavior ::run [ RunTime:0.000269s ]
INFO: ShowRuntime Behavior ::run [ RunTime:0.000392s ]
INFO: [ view_filter ] --END-- [ RunTime:0.001542s ]
INFO: [ view_end ] --START--
INFO: ShowPageTrace Behavior ::run [ RunTime:0.000517s ]
INFO: [ view_end ] --END-- [ RunTime:0.000567s ]

[ 2014-11-03T19:06:59+08:00 ] 180.175.186.24 /Admin.php?m=Index&a=main
INFO: [ app_begin ] --START--
INFO: ReadHtmlCache Behavior ::run [ RunTime:0.000449s ]
INFO: [ app_begin ] --END-- [ RunTime:0.000514s ]
NOTIC: [8] Undefined variable: quanxian /home/www/hh85/daiyun/admin/Lib/Action/IndexAction.class.php 第 41 行.
INFO: [ view_parse ] --START--
INFO: ParseTemplate Behavior ::run [ RunTime:0.017467s ]
INFO: [ view_parse ] --END-- [ RunTime:0.017553s ]
INFO: [ view_filter ] --START--
INFO: ContentReplace Behavior ::run [ RunTime:0.000359s ]
INFO: TokenBuild Behavior ::run [ RunTime:0.000350s ]
INFO: WriteHtmlCache Behavior ::run [ RunTime:0.000239s ]
INFO: ShowRuntime Behavior ::run [ RunTime:0.000463s ]
INFO: [ view_filter ] --END-- [ RunTime:0.001569s ]
INFO: [ view_end ] --START--
INFO: ShowPageTrace Behavior ::run [ RunTime:0.000494s ]
INFO: [ view_end ] --END-- [ RunTime:0.000568s ]

[ 2014-11-03T19:29:33+08:00 ] 180.175.186.24 /Admin.php?m=Index&a=menu_article
INFO: [ app_begin ] --START--
INFO: ReadHtmlCache Behavior ::run [ RunTime:0.000462s ]
INFO: [ app_begin ] --END-- [ RunTime:0.000533s ]
INFO: [ view_parse ] --START--
INFO: ParseTemplate Behavior ::run [ RunTime:0.023816s ]
INFO: [ view_parse ] --END-- [ RunTime:0.023895s ]
INFO: [ view_filter ] --START--
INFO: ContentReplace Behavior ::run [ RunTime:0.000463s ]
INFO: TokenBuild Behavior ::run [ RunTime:0.000355s ]
INFO: WriteHtmlCache Behavior ::run [ RunTime:0.000257s ]
INFO: ShowRuntime Behavior ::run [ RunTime:0.000389s ]
INFO: [ view_filter ] --END-- [ RunTime:0.001621s ]
INFO: [ view_end ] --START--
INFO: ShowPageTrace Behavior ::run [ RunTime:0.000520s ]
INFO: [ view_end ] --END-- [ RunTime:0.000575s ]

[ 2014-11-03T19:29:36+08:00 ] 180.175.186.24 /Admin.php?m=Msg&a=add
INFO: [ app_begin ] --START--
INFO: ReadHtmlCache Behavior ::run [ RunTime:0.000687s ]
INFO: [ app_begin ] --END-- [ RunTime:0.000784s ]
SQL: SHOW COLUMNS FROM `hh85_msg_cate` [ RunTime:0.000685s ]
SQL: SELECT * FROM `hh85_msg_cate`  [ RunTime:0.000170s ]
INFO: [ view_parse ] --START--
INFO: ParseTemplate Behavior ::run [ RunTime:0.028755s ]
INFO: [ view_parse ] --END-- [ RunTime:0.028853s ]
INFO: [ view_filter ] --START--
INFO: ContentReplace Behavior ::run [ RunTime:0.000474s ]
INFO: TokenBuild Behavior ::run [ RunTime:0.000364s ]
INFO: WriteHtmlCache Behavior ::run [ RunTime:0.000255s ]
INFO: ShowRuntime Behavior ::run [ RunTime:0.000416s ]
INFO: [ view_filter ] --END-- [ RunTime:0.001669s ]
INFO: [ view_end ] --START--
INFO: ShowPageTrace Behavior ::run [ RunTime:0.000536s ]
INFO: [ view_end ] --END-- [ RunTime:0.000605s ]

